06:40:31: INFO: <module>: for iteration:1:number of inputs:5
06:40:34: INFO: test_env: for original code input:'{% for i in values %}{{ ["d","I","k"] | random }}{{ ' ' }}{% endfor %}':original code output:'d d d d d d d d d d d d d d d d d d d d d d d d d '
06:40:34: INFO: test_env: For mutated code input:'{% for i in values %}{{ ["d","I","k"] | random }}{{ ' ' }}{% endfor %}':mutated code output:'d d d d d d d d d d d d d d d d d d d d d d d d d '
06:40:35: INFO: test_env: for original code input:'{% for i in values %}{{ ["V","q"] | random }}{{ ' ' }}{% endfor %}':original code output:'q q q q q q q q q q q q q q q q q q '
06:40:35: INFO: test_env: For mutated code input:'{% for i in values %}{{ ["V","q"] | random }}{{ ' ' }}{% endfor %}':mutated code output:'q q q q q q q q q q q q q q q q q q '
06:40:36: INFO: test_env: for original code input:'{% for i in values %}{{ ["d","I","k"] | random }}{{ ' ' }}{% endfor %}':original code output:'d d d d d d d d d d d d d d d d d d d d d d d d d d d d d d d d '
06:40:36: INFO: test_env: For mutated code input:'{% for i in values %}{{ ["d","I","k"] | random }}{{ ' ' }}{% endfor %}':mutated code output:'d d d d d d d d d d d d d d d d d d d d d d d d d d d d d d d d '
06:40:36: INFO: test_env: for original code input:'{% for i in values|random %}{{ ["2","9"] | random }}{{ ' ' }}{% endfor %}':original code output:
06:40:36: INFO: test_env: For mutated code input:'{% for i in values|random %}{{ ["2","9"] | random }}{{ ' ' }}{% endfor %}':mutated code output:
06:40:37: INFO: test_env: for original code input:'{% for i in values %}{{ ["V","q"] | random }}{{ ' ' }}{% endfor %}':original code output:'q q q q q q q q q q q '
06:40:37: INFO: test_env: For mutated code input:'{% for i in values %}{{ ["V","q"] | random }}{{ ' ' }}{% endfor %}':mutated code output:'q q q q q q q q q q q '
06:40:37: INFO: test_env: for original code input:'{% for i in values recursive %}{{ ["o"] | random }}{{ ' ' }}{% endfor %}':original code output:'o o o o o o o o o o o o o o o o o o o o o o o o o o o o o o o o o o o o '
06:40:37: INFO: test_env: For mutated code input:'{% for i in values recursive %}{{ ["o"] | random }}{{ ' ' }}{% endfor %}':mutated code output:'o o o o o o o o o o o o o o o o o o o o o o o o o o o o o o o o o o o o '
06:40:37: INFO: test_env: for original code input:'{% for i in values %}{{ ["d","I","k"] | random }}{{ ' ' }}{% endfor %}':original code output:'d d d d d d d d d d d d d d d d d d d d d d d d d d d d d d d d d d d d d d d d d d d d d d d d d '
06:40:37: INFO: test_env: For mutated code input:'{% for i in values %}{{ ["d","I","k"] | random }}{{ ' ' }}{% endfor %}':mutated code output:'d d d d d d d d d d d d d d d d d d d d d d d d d d d d d d d d d d d d d d d d d d d d d d d d d '
06:40:38: INFO: test_env: for original code input:'{% for i in values|random %}{{ ["2","9"] | random }}{{ ' ' }}{% endfor %}':original code output:
06:40:38: INFO: test_env: For mutated code input:'{% for i in values|random %}{{ ["2","9"] | random }}{{ ' ' }}{% endfor %}':mutated code output:
06:40:38: INFO: test_env: for original code input:'{% for i in values %}"k"{%else%}"H"{% endfor %}':original code output:'"k""k""k""k""k""k""k""k""k""k""k""k""k""k""k""k""k"'
06:40:38: INFO: test_env: For mutated code input:'{% for i in values %}"k"{%else%}"H"{% endfor %}':mutated code output:'"k""k""k""k""k""k""k""k""k""k""k""k""k""k""k""k""k"'
06:40:38: INFO: test_env: for original code input:'{% for i in values %}{{ ["V","q"] | random }}{{ ' ' }}{% endfor %}':original code output:'q q q q q q q q q q q q q q q q q q q q q q q q q q q q q q q q q q q q '
06:40:38: INFO: test_env: For mutated code input:'{% for i in values %}{{ ["V","q"] | random }}{{ ' ' }}{% endfor %}':mutated code output:'q q q q q q q q q q q q q q q q q q q q q q q q q q q q q q q q q q q q '
06:40:39: INFO: test_env: for original code input:'{% for i in values %}{{ ["d","I","k"] | random }}{{ ' ' }}{% endfor %}':original code output:'d d d d d d d d '
06:40:39: INFO: test_env: For mutated code input:'{% for i in values %}{{ ["d","I","k"] | random }}{{ ' ' }}{% endfor %}':mutated code output:killed
killed

06:40:39: INFO: test_env: Mutant killed with'{% for i in values %}{{ ["d","I","k"] | random }}{{ ' ' }}{% endfor %}'! Current mutant killed list:{3}
06:40:39: INFO: test_env: for original code input:'{% for i in values recursive %}{{ ["o"] | random }}{{ ' ' }}{% endfor %}':original code output:'o o o o o o o o o o o o o o o o o o o o o o o o o o o o '
06:40:39: INFO: test_env: For mutated code input:'{% for i in values recursive %}{{ ["o"] | random }}{{ ' ' }}{% endfor %}':mutated code output:'o o o o o o o o o o o o o o o o o o o o o o o o o o o o '
06:40:39: INFO: test_env: for original code input:'{% for i in values|random %}{{ ["2","9"] | random }}{{ ' ' }}{% endfor %}':original code output:
06:40:39: INFO: test_env: For mutated code input:'{% for i in values|random %}{{ ["2","9"] | random }}{{ ' ' }}{% endfor %}':mutated code output:
06:40:40: INFO: test_env: for original code input:'{% for i in values %}{{ ["V","q"] | random }}{{ ' ' }}{% endfor %}':original code output:'q q q q q q q q q q q q q q q q q q q '
06:40:40: INFO: test_env: For mutated code input:'{% for i in values %}{{ ["V","q"] | random }}{{ ' ' }}{% endfor %}':mutated code output:killed
killed

06:40:40: INFO: test_env: Mutant killed with'{% for i in values %}{{ ["V","q"] | random }}{{ ' ' }}{% endfor %}'! Current mutant killed list:{3}
06:40:40: INFO: test_env: for original code input:'{% for i in values %}"k"{%else%}"H"{% endfor %}':original code output:'"k""k""k""k""k"'
06:40:40: INFO: test_env: For mutated code input:'{% for i in values %}"k"{%else%}"H"{% endfor %}':mutated code output:'"k""k""k""k""k"'
06:40:41: INFO: test_env: for original code input:'{% for i in values recursive %}{{ ["o"] | random }}{{ ' ' }}{% endfor %}':original code output:'o o o o o o o o o o o o o o o o o o o o o o o o o o o o o o o o o o o o o o '
06:40:41: INFO: test_env: For mutated code input:'{% for i in values recursive %}{{ ["o"] | random }}{{ ' ' }}{% endfor %}':mutated code output:'o o o o o o o o o o o o o o o o o o o o o o o o o o o o o o o o o o o o o o '
06:40:41: INFO: test_env: for original code input:'{% for i in values|random %}{{ ["2","9"] | random }}{{ ' ' }}{% endfor %}':original code output:
06:40:41: INFO: test_env: For mutated code input:'{% for i in values|random %}{{ ["2","9"] | random }}{{ ' ' }}{% endfor %}':mutated code output:killed
killed

06:40:41: INFO: test_env: Mutant killed with'{% for i in values|random %}{{ ["2","9"] | random }}{{ ' ' }}{% endfor %}'! Current mutant killed list:{3}
06:40:41: INFO: test_env: for original code input:'{% for i in values %}{{ ["d","I","k"] | random }}{{ ' ' }}{% endfor %}':original code output:'d d d d d d '
06:40:41: INFO: test_env: For mutated code input:'{% for i in values %}{{ ["d","I","k"] | random }}{{ ' ' }}{% endfor %}':mutated code output:'d d d d d d '
06:40:42: INFO: test_env: for original code input:'{% for i in values %}"k"{%else%}"H"{% endfor %}':original code output:'"k""k""k""k""k""k""k""k""k""k""k""k""k""k""k""k""k""k""k""k""k""k""k""k""k""k""k""k""k""k""k""k""k""k""k""k""k""k""k""k""k""k""k""k""k""k""k""k""k""k"'
06:40:42: INFO: test_env: For mutated code input:'{% for i in values %}"k"{%else%}"H"{% endfor %}':mutated code output:'"k""k""k""k""k""k""k""k""k""k""k""k""k""k""k""k""k""k""k""k""k""k""k""k""k""k""k""k""k""k""k""k""k""k""k""k""k""k""k""k""k""k""k""k""k""k""k""k""k""k"'
06:40:42: INFO: test_env: for original code input:'{% for i in values recursive %}{{ ["o"] | random }}{{ ' ' }}{% endfor %}':original code output:'o o o o o o o o o o o o o o o o o o o o o o o o o o o o o o o o o o o o o o o o o o o o o o '
06:40:42: INFO: test_env: For mutated code input:'{% for i in values recursive %}{{ ["o"] | random }}{{ ' ' }}{% endfor %}':mutated code output:killed
killed

06:40:42: INFO: test_env: Mutant killed with'{% for i in values recursive %}{{ ["o"] | random }}{{ ' ' }}{% endfor %}'! Current mutant killed list:{3}
06:40:42: INFO: test_env: for original code input:'{% for i in values %}{{ ["V","q"] | random }}{{ ' ' }}{% endfor %}':original code output:'q q q q q q q q q q q q q q q q q q q q q q q q q q q q q q q q q q q q q q q q q q q q q q q q q q '
06:40:42: INFO: test_env: For mutated code input:'{% for i in values %}{{ ["V","q"] | random }}{{ ' ' }}{% endfor %}':mutated code output:'q q q q q q q q q q q q q q q q q q q q q q q q q q q q q q q q q q q q q q q q q q q q q q q q q q '
06:40:42: INFO: test_env: for original code input:'{% for i in values %}"k"{%else%}"H"{% endfor %}':original code output:'"k""k""k""k""k""k""k""k""k""k""k""k""k""k""k""k""k""k""k""k""k""k""k""k""k""k""k""k""k""k""k""k""k""k""k""k""k""k""k""k""k"'
06:40:42: INFO: test_env: For mutated code input:'{% for i in values %}"k"{%else%}"H"{% endfor %}':mutated code output:killed
killed

06:40:42: INFO: test_env: Mutant killed with'{% for i in values %}"k"{%else%}"H"{% endfor %}'! Current mutant killed list:{3}
06:40:43: INFO: test_env: for original code input:'{% for i in values|random %}{{ ["2","9"] | random }}{{ ' ' }}{% endfor %}':original code output:
06:40:43: INFO: test_env: For mutated code input:'{% for i in values|random %}{{ ["2","9"] | random }}{{ ' ' }}{% endfor %}':mutated code output:
06:40:44: INFO: test_env: for original code input:'{% for i in values recursive %}{{ ["o"] | random }}{{ ' ' }}{% endfor %}':original code output:'o o o o o o o o o o o o o o o o o o o o o o o o o o o o o o o o o o o o o o o o o '
06:40:44: INFO: test_env: For mutated code input:'{% for i in values recursive %}{{ ["o"] | random }}{{ ' ' }}{% endfor %}':mutated code output:'o o o o o o o o o o o o o o o o o o o o o o o o o o o o o o o o o o o o o o o o o '
06:40:45: INFO: test_env: for original code input:'{% for i in values %}"k"{%else%}"H"{% endfor %}':original code output:'"k""k""k""k""k""k""k""k""k""k""k""k""k""k""k""k""k""k""k""k""k"'
06:40:45: INFO: test_env: For mutated code input:'{% for i in values %}"k"{%else%}"H"{% endfor %}':mutated code output:'"k""k""k""k""k""k""k""k""k""k""k""k""k""k""k""k""k""k""k""k""k"'
06:40:45: INFO: <module>: iteration log:{"'{% for i in values %}{{ [\"d\",\"I\",\"k\"] | random }}{{ ' ' }}{% endfor %}'": [1, 780], "'{% for i in values %}{{ [\"V\",\"q\"] | random }}{{ ' ' }}{% endfor %}'": [1, 780], "'{% for i in values|random %}{{ [\"2\",\"9\"] | random }}{{ ' ' }}{% endfor %}'": [1, 938], "'{% for i in values recursive %}{{ [\"o\"] | random }}{{ ' ' }}{% endfor %}'": [1, 828], "'{% for i in values %}\"k\"{%else%}\"H\"{% endfor %}'": [1, 698]}
06:40:45: INFO: <module>: for iteration:2:number of inputs:5
06:40:48: INFO: test_env: for original code input:'{% for i in values recursive %}"c"{%else%}"F"{% endfor %}':original code output:
06:40:48: INFO: test_env: For mutated code input:'{% for i in values recursive %}"c"{%else%}"F"{% endfor %}':mutated code output:
06:40:49: INFO: test_env: for original code input:'{% for i in values %}{{ ["Y","M"] | random }}{{ ' ' }}{% endfor %}':original code output:'M M M M M M M M M M M M M M M M M M M M M M M M M '
06:40:49: INFO: test_env: For mutated code input:'{% for i in values %}{{ ["Y","M"] | random }}{{ ' ' }}{% endfor %}':mutated code output:'M M M M M M M M M M M M M M M M M M M M M M M M M '
06:40:49: INFO: test_env: for original code input:'{% for i in values recursive %}"c"{%else%}"F"{% endfor %}':original code output:
06:40:49: INFO: test_env: For mutated code input:'{% for i in values recursive %}"c"{%else%}"F"{% endfor %}':mutated code output:
06:40:50: INFO: test_env: for original code input:'{% for i in values|random %}{{ loop.index0 }}:{{ i }}, {% endfor %}':original code output:
06:40:50: INFO: test_env: For mutated code input:'{% for i in values|random %}{{ loop.index0 }}:{{ i }}, {% endfor %}':mutated code output:
06:40:50: INFO: test_env: for original code input:'{% for i in values %}{{ ["Y","M"] | random }}{{ ' ' }}{% endfor %}':original code output:''
06:40:50: INFO: test_env: For mutated code input:'{% for i in values %}{{ ["Y","M"] | random }}{{ ' ' }}{% endfor %}':mutated code output:''
06:40:51: INFO: test_env: for original code input:'{% for i in values recursive %}"c"{%else%}"F"{% endfor %}':original code output:
06:40:51: INFO: test_env: For mutated code input:'{% for i in values recursive %}"c"{%else%}"F"{% endfor %}':mutated code output:
06:40:51: INFO: test_env: for original code input:'{% for i in values|random %}{{ ["L"] | random }}{{ ' ' }}{% endfor %}':original code output:
06:40:51: INFO: test_env: For mutated code input:'{% for i in values|random %}{{ ["L"] | random }}{{ ' ' }}{% endfor %}':mutated code output:
06:40:51: INFO: test_env: for original code input:'{% for i in values|random %}{{ loop.index0 }}:{{ i }}, {% endfor %}':original code output:
06:40:51: INFO: test_env: For mutated code input:'{% for i in values|random %}{{ loop.index0 }}:{{ i }}, {% endfor %}':mutated code output:
06:40:52: INFO: test_env: for original code input:'{% for i in values %}{{ ["Y","M"] | random }}{{ ' ' }}{% endfor %}':original code output:'M M M M M M M M M M M M M M M M M M M M M M M M M M '
06:40:52: INFO: test_env: For mutated code input:'{% for i in values %}{{ ["Y","M"] | random }}{{ ' ' }}{% endfor %}':mutated code output:'M M M M M M M M M M M M M M M M M M M M M M M M M M '
06:40:52: INFO: test_env: for original code input:'{% for i in values %}{{ ["V","P","z"] | random }}{{ ' ' }}{% endfor %}':original code output:'V V V V V V V V V V V V V V V V V V V V V V V V V V V V V V V V V V V V V V V V V V V V V V V V V V '
06:40:52: INFO: test_env: For mutated code input:'{% for i in values %}{{ ["V","P","z"] | random }}{{ ' ' }}{% endfor %}':mutated code output:'V V V V V V V V V V V V V V V V V V V V V V V V V V V V V V V V V V V V V V V V V V V V V V V V V V '
06:40:52: INFO: test_env: for original code input:'{% for i in values recursive %}"c"{%else%}"F"{% endfor %}':original code output:
06:40:52: INFO: test_env: For mutated code input:'{% for i in values recursive %}"c"{%else%}"F"{% endfor %}':mutated code output:
06:40:53: INFO: test_env: for original code input:'{% for i in values|random %}{{ ["L"] | random }}{{ ' ' }}{% endfor %}':original code output:
06:40:53: INFO: test_env: For mutated code input:'{% for i in values|random %}{{ ["L"] | random }}{{ ' ' }}{% endfor %}':mutated code output:
06:40:53: INFO: test_env: for original code input:'{% for i in values|random %}{{ loop.index0 }}:{{ i }}, {% endfor %}':original code output:
06:40:53: INFO: test_env: For mutated code input:'{% for i in values|random %}{{ loop.index0 }}:{{ i }}, {% endfor %}':mutated code output:
06:40:54: INFO: test_env: for original code input:'{% for i in values %}{{ ["Y","M"] | random }}{{ ' ' }}{% endfor %}':original code output:'M M M M M M M M M M '
06:40:54: INFO: test_env: For mutated code input:'{% for i in values %}{{ ["Y","M"] | random }}{{ ' ' }}{% endfor %}':mutated code output:'M M M M M M M M M M '
06:40:54: INFO: test_env: for original code input:'{% for i in values %}{{ ["V","P","z"] | random }}{{ ' ' }}{% endfor %}':original code output:'V V V V V V V V V V V V V V V V V V V V V V V V V V V V V V '
06:40:54: INFO: test_env: For mutated code input:'{% for i in values %}{{ ["V","P","z"] | random }}{{ ' ' }}{% endfor %}':mutated code output:'V V V V V V V V V V V V V V V V V V V V V V V V V V V V V V '
06:40:54: INFO: test_env: for original code input:'{% for i in values|random %}{{ ["L"] | random }}{{ ' ' }}{% endfor %}':original code output:
06:40:54: INFO: test_env: For mutated code input:'{% for i in values|random %}{{ ["L"] | random }}{{ ' ' }}{% endfor %}':mutated code output:
06:40:55: INFO: test_env: for original code input:'{% for i in values|random %}{{ loop.index0 }}:{{ i }}, {% endfor %}':original code output:
06:40:55: INFO: test_env: For mutated code input:'{% for i in values|random %}{{ loop.index0 }}:{{ i }}, {% endfor %}':mutated code output:
06:40:55: INFO: test_env: for original code input:'{% for i in values %}{{ ["V","P","z"] | random }}{{ ' ' }}{% endfor %}':original code output:'V V V V V V V V V V V V V V V V V V V V V V V V V V V V V V V V V V V V V V V V V '
06:40:55: INFO: test_env: For mutated code input:'{% for i in values %}{{ ["V","P","z"] | random }}{{ ' ' }}{% endfor %}':mutated code output:'V V V V V V V V V V V V V V V V V V V V V V V V V V V V V V V V V V V V V V V V V '
06:40:56: INFO: test_env: for original code input:'{% for i in values|random %}{{ ["L"] | random }}{{ ' ' }}{% endfor %}':original code output:
06:40:56: INFO: test_env: For mutated code input:'{% for i in values|random %}{{ ["L"] | random }}{{ ' ' }}{% endfor %}':mutated code output:
06:40:57: INFO: test_env: for original code input:'{% for i in values %}{{ ["V","P","z"] | random }}{{ ' ' }}{% endfor %}':original code output:'V V V V V V V V V V V V V V V V V V V V V V V V V V V V V V V V V V V V V V V V V V V V V V V V V '
06:40:57: INFO: test_env: For mutated code input:'{% for i in values %}{{ ["V","P","z"] | random }}{{ ' ' }}{% endfor %}':mutated code output:'V V V V V V V V V V V V V V V V V V V V V V V V V V V V V V V V V V V V V V V V V V V V V V V V V '
06:40:57: INFO: <module>: iteration log:{"'{% for i in values recursive %}\"c\"{%else%}\"F\"{% endfor %}'": [0, 743], "'{% for i in values %}{{ [\"Y\",\"M\"] | random }}{{ ' ' }}{% endfor %}'": [0, 780], "'{% for i in values|random %}{{ loop.index0 }}:{{ i }}, {% endfor %}'": [0, 954], "'{% for i in values|random %}{{ [\"L\"] | random }}{{ ' ' }}{% endfor %}'": [0, 937], "'{% for i in values %}{{ [\"V\",\"P\",\"z\"] | random }}{{ ' ' }}{% endfor %}'": [0, 780]}
06:40:57: INFO: <module>: for iteration:3:number of inputs:5
06:41:00: INFO: test_env: for original code input:'{% for i in values|random %}{{ ["h"] | random }}{{ ' ' }}{% endfor %}':original code output:
06:41:00: INFO: test_env: For mutated code input:'{% for i in values|random %}{{ ["h"] | random }}{{ ' ' }}{% endfor %}':mutated code output:
06:41:01: INFO: test_env: for original code input:'{% for i in values %}{{ ["p"] | random }}{{ ' ' }}{% endfor %}':original code output:'p p p p p p p p p p p p p p p p p p p p p p p p '
06:41:01: INFO: test_env: For mutated code input:'{% for i in values %}{{ ["p"] | random }}{{ ' ' }}{% endfor %}':mutated code output:'p p p p p p p p p p p p p p p p p p p p p p p p '
06:41:01: INFO: test_env: for original code input:'{% for i in values|random %}{{ ["h"] | random }}{{ ' ' }}{% endfor %}':original code output:
06:41:01: INFO: test_env: For mutated code input:'{% for i in values|random %}{{ ["h"] | random }}{{ ' ' }}{% endfor %}':mutated code output:
06:41:02: INFO: test_env: for original code input:'{% for i in values recursive %}{{ [""","v"] | random }}{{ ' ' }}{% endfor %}':original code output:
06:41:02: INFO: test_env: For mutated code input:'{% for i in values recursive %}{{ [""","v"] | random }}{{ ' ' }}{% endfor %}':mutated code output:
06:41:02: INFO: test_env: for original code input:'{% for i in values %}{{ ["p"] | random }}{{ ' ' }}{% endfor %}':original code output:'p p p p p p p p p '
06:41:02: INFO: test_env: For mutated code input:'{% for i in values %}{{ ["p"] | random }}{{ ' ' }}{% endfor %}':mutated code output:'p p p p p p p p p '
06:41:03: INFO: test_env: for original code input:'{% for i in values recursive %}{{ [""","6"] | random }}{{ ' ' }}{% endfor %}':original code output:
06:41:03: INFO: test_env: For mutated code input:'{% for i in values recursive %}{{ [""","6"] | random }}{{ ' ' }}{% endfor %}':mutated code output:
06:41:03: INFO: test_env: for original code input:'{% for i in values|random %}{{ ["h"] | random }}{{ ' ' }}{% endfor %}':original code output:
06:41:03: INFO: test_env: For mutated code input:'{% for i in values|random %}{{ ["h"] | random }}{{ ' ' }}{% endfor %}':mutated code output:
06:41:03: INFO: test_env: for original code input:'{% for i in values recursive %}{{ [""","v"] | random }}{{ ' ' }}{% endfor %}':original code output:
06:41:03: INFO: test_env: For mutated code input:'{% for i in values recursive %}{{ [""","v"] | random }}{{ ' ' }}{% endfor %}':mutated code output:
06:41:04: INFO: test_env: for original code input:'{% for i in values recursive %}"S"{%else%}"3"{% endfor %}':original code output:
06:41:04: INFO: test_env: For mutated code input:'{% for i in values recursive %}"S"{%else%}"3"{% endfor %}':mutated code output:
06:41:04: INFO: test_env: for original code input:'{% for i in values %}{{ ["p"] | random }}{{ ' ' }}{% endfor %}':original code output:'p p p p p p p p p p p p p p p p '
06:41:04: INFO: test_env: For mutated code input:'{% for i in values %}{{ ["p"] | random }}{{ ' ' }}{% endfor %}':mutated code output:'p p p p p p p p p p p p p p p p '
06:41:04: INFO: test_env: for original code input:'{% for i in values|random %}{{ ["h"] | random }}{{ ' ' }}{% endfor %}':original code output:
06:41:04: INFO: test_env: For mutated code input:'{% for i in values|random %}{{ ["h"] | random }}{{ ' ' }}{% endfor %}':mutated code output:
06:41:04: INFO: test_env: for original code input:'{% for i in values recursive %}{{ [""","6"] | random }}{{ ' ' }}{% endfor %}':original code output:
06:41:04: INFO: test_env: For mutated code input:'{% for i in values recursive %}{{ [""","6"] | random }}{{ ' ' }}{% endfor %}':mutated code output:
06:41:05: INFO: test_env: for original code input:'{% for i in values recursive %}{{ [""","v"] | random }}{{ ' ' }}{% endfor %}':original code output:
06:41:05: INFO: test_env: For mutated code input:'{% for i in values recursive %}{{ [""","v"] | random }}{{ ' ' }}{% endfor %}':mutated code output:
06:41:05: INFO: test_env: for original code input:'{% for i in values %}{{ ["p"] | random }}{{ ' ' }}{% endfor %}':original code output:'p p p p p p p p p p p p p p p p p p p p p p p p p p p p '
06:41:05: INFO: test_env: For mutated code input:'{% for i in values %}{{ ["p"] | random }}{{ ' ' }}{% endfor %}':mutated code output:'p p p p p p p p p p p p p p p p p p p p p p p p p p p p '
06:41:06: INFO: test_env: for original code input:'{% for i in values recursive %}"S"{%else%}"3"{% endfor %}':original code output:
06:41:06: INFO: test_env: For mutated code input:'{% for i in values recursive %}"S"{%else%}"3"{% endfor %}':mutated code output:
06:41:06: INFO: test_env: for original code input:'{% for i in values recursive %}{{ [""","6"] | random }}{{ ' ' }}{% endfor %}':original code output:
06:41:06: INFO: test_env: For mutated code input:'{% for i in values recursive %}{{ [""","6"] | random }}{{ ' ' }}{% endfor %}':mutated code output:
06:41:06: INFO: test_env: for original code input:'{% for i in values recursive %}{{ [""","v"] | random }}{{ ' ' }}{% endfor %}':original code output:
06:41:06: INFO: test_env: For mutated code input:'{% for i in values recursive %}{{ [""","v"] | random }}{{ ' ' }}{% endfor %}':mutated code output:
06:41:07: INFO: test_env: for original code input:'{% for i in values recursive %}"S"{%else%}"3"{% endfor %}':original code output:
06:41:07: INFO: test_env: For mutated code input:'{% for i in values recursive %}"S"{%else%}"3"{% endfor %}':mutated code output:
06:41:07: INFO: test_env: for original code input:'{% for i in values recursive %}{{ [""","6"] | random }}{{ ' ' }}{% endfor %}':original code output:
06:41:07: INFO: test_env: For mutated code input:'{% for i in values recursive %}{{ [""","6"] | random }}{{ ' ' }}{% endfor %}':mutated code output:
06:41:09: INFO: test_env: for original code input:'{% for i in values recursive %}"S"{%else%}"3"{% endfor %}':original code output:
06:41:09: INFO: test_env: For mutated code input:'{% for i in values recursive %}"S"{%else%}"3"{% endfor %}':mutated code output:
06:41:09: INFO: <module>: iteration log:{"'{% for i in values|random %}{{ [\"h\"] | random }}{{ ' ' }}{% endfor %}'": [0, 937], "'{% for i in values %}{{ [\"p\"] | random }}{{ ' ' }}{% endfor %}'": [0, 779], "'{% for i in values recursive %}{{ [\"\"\",\"v\"] | random }}{{ ' ' }}{% endfor %}'": [0, 467], "'{% for i in values recursive %}{{ [\"\"\",\"6\"] | random }}{{ ' ' }}{% endfor %}'": [0, 482], "'{% for i in values recursive %}\"S\"{%else%}\"3\"{% endfor %}'": [0, 743]}
06:41:09: INFO: <module>: for iteration:4:number of inputs:5
06:41:11: INFO: test_env: for original code input:'{% for i in values recursive %}{{ ["Q","l","C"] | random }}{{ ' ' }}{% endfor %}':original code output:'Q Q Q Q Q Q Q Q Q Q Q Q Q Q Q Q Q Q Q Q Q Q Q Q Q Q Q Q Q Q Q Q Q Q Q Q Q Q Q Q Q Q Q Q Q '
06:41:11: INFO: test_env: For mutated code input:'{% for i in values recursive %}{{ ["Q","l","C"] | random }}{{ ' ' }}{% endfor %}':mutated code output:'Q Q Q Q Q Q Q Q Q Q Q Q Q Q Q Q Q Q Q Q Q Q Q Q Q Q Q Q Q Q Q Q Q Q Q Q Q Q Q Q Q Q Q Q Q '
06:41:12: INFO: test_env: for original code input:'{% for i in values %}{{ ["A","j","x"] | random }}{{ ' ' }}{% endfor %}':original code output:'A A A A A A A A A A A A A A A A A A A A A A A A A A A A A A A A A A A A A A A A A A A A A A A '
06:41:12: INFO: test_env: For mutated code input:'{% for i in values %}{{ ["A","j","x"] | random }}{{ ' ' }}{% endfor %}':mutated code output:'A A A A A A A A A A A A A A A A A A A A A A A A A A A A A A A A A A A A A A A A A A A A A A A '
06:41:13: INFO: test_env: for original code input:'{% for i in values recursive %}{{ ["Q","l","C"] | random }}{{ ' ' }}{% endfor %}':original code output:'Q '
06:41:13: INFO: test_env: For mutated code input:'{% for i in values recursive %}{{ ["Q","l","C"] | random }}{{ ' ' }}{% endfor %}':mutated code output:'Q '
06:41:13: INFO: test_env: for original code input:'{% for i in values %}{{ loop.depth }}:{{ i }}, {% endfor %}':original code output:'1:0, 1:1, 1:2, 1:3, 1:4, 1:5, 1:6, 1:7, 1:8, 1:9, 1:10, 1:11, 1:12, 1:13, 1:14, 1:15, 1:16, 1:17, '
06:41:13: INFO: test_env: For mutated code input:'{% for i in values %}{{ loop.depth }}:{{ i }}, {% endfor %}':mutated code output:'1:0, 1:1, 1:2, 1:3, 1:4, 1:5, 1:6, 1:7, 1:8, 1:9, 1:10, 1:11, 1:12, 1:13, 1:14, 1:15, 1:16, 1:17, '
06:41:14: INFO: test_env: for original code input:'{% for i in values %}{{ ["A","j","x"] | random }}{{ ' ' }}{% endfor %}':original code output:'A A A '
06:41:14: INFO: test_env: For mutated code input:'{% for i in values %}{{ ["A","j","x"] | random }}{{ ' ' }}{% endfor %}':mutated code output:'A A A '
06:41:14: INFO: test_env: for original code input:'{% for i in values recursive %}{{ ["Q","l","C"] | random }}{{ ' ' }}{% endfor %}':original code output:'Q Q Q Q Q Q Q '
06:41:14: INFO: test_env: For mutated code input:'{% for i in values recursive %}{{ ["Q","l","C"] | random }}{{ ' ' }}{% endfor %}':mutated code output:'Q Q Q Q Q Q Q '
06:41:14: INFO: test_env: for original code input:'{% for i in values %}{{ [" "] | random }}{{ ' ' }}{% endfor %}':original code output:'              '
06:41:14: INFO: test_env: For mutated code input:'{% for i in values %}{{ [" "] | random }}{{ ' ' }}{% endfor %}':mutated code output:'              '
06:41:15: INFO: test_env: for original code input:'{% for i in values %}{{ loop.depth }}:{{ i }}, {% endfor %}':original code output:'1:0, 1:1, 1:2, 1:3, 1:4, 1:5, 1:6, 1:7, 1:8, 1:9, 1:10, 1:11, 1:12, 1:13, 1:14, 1:15, 1:16, 1:17, 1:18, 1:19, 1:20, 1:21, 1:22, 1:23, 1:24, 1:25, 1:26, 1:27, 1:28, 1:29, 1:30, 1:31, 1:32, 1:33, 1:34, 1:35, 1:36, 1:37, 1:38, 1:39, 1:40, 1:41, '
06:41:15: INFO: test_env: For mutated code input:'{% for i in values %}{{ loop.depth }}:{{ i }}, {% endfor %}':mutated code output:'1:0, 1:1, 1:2, 1:3, 1:4, 1:5, 1:6, 1:7, 1:8, 1:9, 1:10, 1:11, 1:12, 1:13, 1:14, 1:15, 1:16, 1:17, 1:18, 1:19, 1:20, 1:21, 1:22, 1:23, 1:24, 1:25, 1:26, 1:27, 1:28, 1:29, 1:30, 1:31, 1:32, 1:33, 1:34, 1:35, 1:36, 1:37, 1:38, 1:39, 1:40, 1:41, '
06:41:15: INFO: test_env: for original code input:'{% for i in values %}{{ ["A","j","x"] | random }}{{ ' ' }}{% endfor %}':original code output:'A A A A A A A A A A A A A A A A A A A A A A '
06:41:15: INFO: test_env: For mutated code input:'{% for i in values %}{{ ["A","j","x"] | random }}{{ ' ' }}{% endfor %}':mutated code output:'A A A A A A A A A A A A A A A A A A A A A A '
06:41:16: INFO: test_env: for original code input:'{% for i in values %}{{ loop.revindex0 }}:{{ i }}, {% endfor %}':original code output:'14:0, 13:1, 12:2, 11:3, 10:4, 9:5, 8:6, 7:7, 6:8, 5:9, 4:10, 3:11, 2:12, 1:13, 0:14, '
06:41:16: INFO: test_env: For mutated code input:'{% for i in values %}{{ loop.revindex0 }}:{{ i }}, {% endfor %}':mutated code output:'14:0, 13:1, 12:2, 11:3, 10:4, 9:5, 8:6, 7:7, 6:8, 5:9, 4:10, 3:11, 2:12, 1:13, 0:14, '
06:41:16: INFO: test_env: for original code input:'{% for i in values recursive %}{{ ["Q","l","C"] | random }}{{ ' ' }}{% endfor %}':original code output:'Q Q Q Q Q Q Q Q Q Q Q Q Q Q Q Q Q Q Q '
06:41:16: INFO: test_env: For mutated code input:'{% for i in values recursive %}{{ ["Q","l","C"] | random }}{{ ' ' }}{% endfor %}':mutated code output:'Q Q Q Q Q Q Q Q Q Q Q Q Q Q Q Q Q Q Q '
06:41:16: INFO: test_env: for original code input:'{% for i in values %}{{ [" "] | random }}{{ ' ' }}{% endfor %}':original code output:'                                                                                              '
06:41:16: INFO: test_env: For mutated code input:'{% for i in values %}{{ [" "] | random }}{{ ' ' }}{% endfor %}':mutated code output:'                                                                                              '
06:41:17: INFO: test_env: for original code input:'{% for i in values %}{{ loop.depth }}:{{ i }}, {% endfor %}':original code output:'1:0, 1:1, 1:2, 1:3, 1:4, 1:5, 1:6, '
06:41:17: INFO: test_env: For mutated code input:'{% for i in values %}{{ loop.depth }}:{{ i }}, {% endfor %}':mutated code output:'1:0, 1:1, 1:2, 1:3, 1:4, 1:5, 1:6, '
06:41:17: INFO: test_env: for original code input:'{% for i in values %}{{ ["A","j","x"] | random }}{{ ' ' }}{% endfor %}':original code output:'A A A A A A A A A A A A A A A A A A A A A A A A A A A A A A A A A A A A A A A A A A A '
06:41:17: INFO: test_env: For mutated code input:'{% for i in values %}{{ ["A","j","x"] | random }}{{ ' ' }}{% endfor %}':mutated code output:'A A A A A A A A A A A A A A A A A A A A A A A A A A A A A A A A A A A A A A A A A A A '
06:41:17: INFO: test_env: for original code input:'{% for i in values %}{{ loop.revindex0 }}:{{ i }}, {% endfor %}':original code output:'33:0, 32:1, 31:2, 30:3, 29:4, 28:5, 27:6, 26:7, 25:8, 24:9, 23:10, 22:11, 21:12, 20:13, 19:14, 18:15, 17:16, 16:17, 15:18, 14:19, 13:20, 12:21, 11:22, 10:23, 9:24, 8:25, 7:26, 6:27, 5:28, 4:29, 3:30, 2:31, 1:32, 0:33, '
06:41:17: INFO: test_env: For mutated code input:'{% for i in values %}{{ loop.revindex0 }}:{{ i }}, {% endfor %}':mutated code output:'33:0, 32:1, 31:2, 30:3, 29:4, 28:5, 27:6, 26:7, 25:8, 24:9, 23:10, 22:11, 21:12, 20:13, 19:14, 18:15, 17:16, 16:17, 15:18, 14:19, 13:20, 12:21, 11:22, 10:23, 9:24, 8:25, 7:26, 6:27, 5:28, 4:29, 3:30, 2:31, 1:32, 0:33, '
06:41:18: INFO: test_env: for original code input:'{% for i in values %}{{ [" "] | random }}{{ ' ' }}{% endfor %}':original code output:'                                        '
06:41:18: INFO: test_env: For mutated code input:'{% for i in values %}{{ [" "] | random }}{{ ' ' }}{% endfor %}':mutated code output:'                                        '
06:41:18: INFO: test_env: for original code input:'{% for i in values %}{{ loop.depth }}:{{ i }}, {% endfor %}':original code output:'1:0, 1:1, 1:2, 1:3, 1:4, 1:5, 1:6, 1:7, 1:8, 1:9, 1:10, 1:11, 1:12, 1:13, 1:14, 1:15, 1:16, 1:17, 1:18, 1:19, 1:20, 1:21, 1:22, 1:23, 1:24, 1:25, 1:26, 1:27, 1:28, 1:29, 1:30, 1:31, 1:32, 1:33, 1:34, 1:35, 1:36, 1:37, 1:38, '
06:41:18: INFO: test_env: For mutated code input:'{% for i in values %}{{ loop.depth }}:{{ i }}, {% endfor %}':mutated code output:'1:0, 1:1, 1:2, 1:3, 1:4, 1:5, 1:6, 1:7, 1:8, 1:9, 1:10, 1:11, 1:12, 1:13, 1:14, 1:15, 1:16, 1:17, 1:18, 1:19, 1:20, 1:21, 1:22, 1:23, 1:24, 1:25, 1:26, 1:27, 1:28, 1:29, 1:30, 1:31, 1:32, 1:33, 1:34, 1:35, 1:36, 1:37, 1:38, '
06:41:19: INFO: test_env: for original code input:'{% for i in values %}{{ loop.revindex0 }}:{{ i }}, {% endfor %}':original code output:'0:0, '
06:41:19: INFO: test_env: For mutated code input:'{% for i in values %}{{ loop.revindex0 }}:{{ i }}, {% endfor %}':mutated code output:'0:0, '
06:41:19: INFO: test_env: for original code input:'{% for i in values %}{{ [" "] | random }}{{ ' ' }}{% endfor %}':original code output:'                                            '
06:41:19: INFO: test_env: For mutated code input:'{% for i in values %}{{ [" "] | random }}{{ ' ' }}{% endfor %}':mutated code output:'                                            '
06:41:20: INFO: test_env: for original code input:'{% for i in values %}{{ loop.revindex0 }}:{{ i }}, {% endfor %}':original code output:'4:0, 3:1, 2:2, 1:3, 0:4, '
06:41:20: INFO: test_env: For mutated code input:'{% for i in values %}{{ loop.revindex0 }}:{{ i }}, {% endfor %}':mutated code output:'4:0, 3:1, 2:2, 1:3, 0:4, '
06:41:20: INFO: <module>: iteration log:{"'{% for i in values recursive %}{{ [\"Q\",\"l\",\"C\"] | random }}{{ ' ' }}{% endfor %}'": [0, 829], "'{% for i in values %}{{ [\"A\",\"j\",\"x\"] | random }}{{ ' ' }}{% endfor %}'": [0, 780], "'{% for i in values %}{{ loop.depth }}:{{ i }}, {% endfor %}'": [0, 795], "'{% for i in values %}{{ [\" \"] | random }}{{ ' ' }}{% endfor %}'": [0, 779], "'{% for i in values %}{{ loop.revindex0 }}:{{ i }}, {% endfor %}'": [0, 798]}
06:41:20: INFO: <module>: for iteration:5:number of inputs:5
06:41:23: INFO: test_env: for original code input:'{% for i in values|reverse %}{{ loop.revindex }}:{{ i }}, {% endfor %}':original code output:'48:47, 47:46, 46:45, 45:44, 44:43, 43:42, 42:41, 41:40, 40:39, 39:38, 38:37, 37:36, 36:35, 35:34, 34:33, 33:32, 32:31, 31:30, 30:29, 29:28, 28:27, 27:26, 26:25, 25:24, 24:23, 23:22, 22:21, 21:20, 20:19, 19:18, 18:17, 17:16, 16:15, 15:14, 14:13, 13:12, 12:11, 11:10, 10:9, 9:8, 8:7, 7:6, 6:5, 5:4, 4:3, 3:2, 2:1, 1:0, '
06:41:23: INFO: test_env: For mutated code input:'{% for i in values|reverse %}{{ loop.revindex }}:{{ i }}, {% endfor %}':mutated code output:'48:47, 47:46, 46:45, 45:44, 44:43, 43:42, 42:41, 41:40, 40:39, 39:38, 38:37, 37:36, 36:35, 35:34, 34:33, 33:32, 32:31, 31:30, 30:29, 29:28, 28:27, 27:26, 26:25, 25:24, 24:23, 23:22, 22:21, 21:20, 20:19, 19:18, 18:17, 17:16, 16:15, 15:14, 14:13, 13:12, 12:11, 11:10, 10:9, 9:8, 8:7, 7:6, 6:5, 5:4, 4:3, 3:2, 2:1, 1:0, '
06:41:24: INFO: test_env: for original code input:'{% for i in values|random %}"o"{%else%}"q"{% endfor %}':original code output:
06:41:24: INFO: test_env: For mutated code input:'{% for i in values|random %}"o"{%else%}"q"{% endfor %}':mutated code output:
06:41:24: INFO: test_env: for original code input:'{% for i in values|reverse %}{{ loop.revindex }}:{{ i }}, {% endfor %}':original code output:'22:21, 21:20, 20:19, 19:18, 18:17, 17:16, 16:15, 15:14, 14:13, 13:12, 12:11, 11:10, 10:9, 9:8, 8:7, 7:6, 6:5, 5:4, 4:3, 3:2, 2:1, 1:0, '
06:41:24: INFO: test_env: For mutated code input:'{% for i in values|reverse %}{{ loop.revindex }}:{{ i }}, {% endfor %}':mutated code output:'22:21, 21:20, 20:19, 19:18, 18:17, 17:16, 16:15, 15:14, 14:13, 13:12, 12:11, 11:10, 10:9, 9:8, 8:7, 7:6, 6:5, 5:4, 4:3, 3:2, 2:1, 1:0, '
06:41:25: INFO: test_env: for original code input:'{% for i in values %}{{ loop.index0 }}:{{ i }}, {% endfor %}':original code output:'0:0, 1:1, 2:2, 3:3, 4:4, 5:5, 6:6, 7:7, 8:8, 9:9, 10:10, 11:11, 12:12, 13:13, 14:14, 15:15, 16:16, 17:17, 18:18, 19:19, 20:20, 21:21, 22:22, 23:23, 24:24, 25:25, 26:26, 27:27, 28:28, 29:29, 30:30, 31:31, 32:32, 33:33, 34:34, 35:35, 36:36, 37:37, 38:38, 39:39, 40:40, 41:41, 42:42, 43:43, 44:44, 45:45, 46:46, 47:47, 48:48, '
06:41:25: INFO: test_env: For mutated code input:'{% for i in values %}{{ loop.index0 }}:{{ i }}, {% endfor %}':mutated code output:'0:0, 1:1, 2:2, 3:3, 4:4, 5:5, 6:6, 7:7, 8:8, 9:9, 10:10, 11:11, 12:12, 13:13, 14:14, 15:15, 16:16, 17:17, 18:18, 19:19, 20:20, 21:21, 22:22, 23:23, 24:24, 25:25, 26:26, 27:27, 28:28, 29:29, 30:30, 31:31, 32:32, 33:33, 34:34, 35:35, 36:36, 37:37, 38:38, 39:39, 40:40, 41:41, 42:42, 43:43, 44:44, 45:45, 46:46, 47:47, 48:48, '
06:41:25: INFO: test_env: for original code input:'{% for i in values|random %}"o"{%else%}"q"{% endfor %}':original code output:'"q"'
06:41:25: INFO: test_env: For mutated code input:'{% for i in values|random %}"o"{%else%}"q"{% endfor %}':mutated code output:'"q"'
06:41:26: INFO: test_env: for original code input:'{% for i in values|reverse %}{{ loop.revindex }}:{{ i }}, {% endfor %}':original code output:'2:0, '
06:41:26: INFO: test_env: For mutated code input:'{% for i in values|reverse %}{{ loop.revindex }}:{{ i }}, {% endfor %}':mutated code output:'2:0, '
06:41:26: INFO: test_env: for original code input:'{% for i in values recursive %}"g"{%else%}"U"{% endfor %}':original code output:
06:41:26: INFO: test_env: For mutated code input:'{% for i in values recursive %}"g"{%else%}"U"{% endfor %}':mutated code output:
06:41:26: INFO: test_env: for original code input:'{% for i in values %}{{ loop.index0 }}:{{ i }}, {% endfor %}':original code output:'0:0, 1:1, 2:2, 3:3, 4:4, 5:5, 6:6, 7:7, 8:8, 9:9, 10:10, '
06:41:26: INFO: test_env: For mutated code input:'{% for i in values %}{{ loop.index0 }}:{{ i }}, {% endfor %}':mutated code output:'0:0, 1:1, 2:2, 3:3, 4:4, 5:5, 6:6, 7:7, 8:8, 9:9, 10:10, '
06:41:27: INFO: test_env: for original code input:'{% for i in values|random %}"o"{%else%}"q"{% endfor %}':original code output:
06:41:27: INFO: test_env: For mutated code input:'{% for i in values|random %}"o"{%else%}"q"{% endfor %}':mutated code output:
06:41:27: INFO: test_env: for original code input:'{% for i in values recursive %}{{ ["Q","X","v"] | random }}{{ ' ' }}{% endfor %}':original code output:'Q Q Q Q Q Q Q Q Q Q Q Q Q Q Q Q Q Q '
06:41:27: INFO: test_env: For mutated code input:'{% for i in values recursive %}{{ ["Q","X","v"] | random }}{{ ' ' }}{% endfor %}':mutated code output:'Q Q Q Q Q Q Q Q Q Q Q Q Q Q Q Q Q Q '
06:41:27: INFO: test_env: for original code input:'{% for i in values|reverse %}{{ loop.revindex }}:{{ i }}, {% endfor %}':original code output:'46:45, 45:44, 44:43, 43:42, 42:41, 41:40, 40:39, 39:38, 38:37, 37:36, 36:35, 35:34, 34:33, 33:32, 32:31, 31:30, 30:29, 29:28, 28:27, 27:26, 26:25, 25:24, 24:23, 23:22, 22:21, 21:20, 20:19, 19:18, 18:17, 17:16, 16:15, 15:14, 14:13, 13:12, 12:11, 11:10, 10:9, 9:8, 8:7, 7:6, 6:5, 5:4, 4:3, 3:2, 2:1, 1:0, '
06:41:27: INFO: test_env: For mutated code input:'{% for i in values|reverse %}{{ loop.revindex }}:{{ i }}, {% endfor %}':mutated code output:'46:45, 45:44, 44:43, 43:42, 42:41, 41:40, 40:39, 39:38, 38:37, 37:36, 36:35, 35:34, 34:33, 33:32, 32:31, 31:30, 30:29, 29:28, 28:27, 27:26, 26:25, 25:24, 24:23, 23:22, 22:21, 21:20, 20:19, 19:18, 18:17, 17:16, 16:15, 15:14, 14:13, 13:12, 12:11, 11:10, 10:9, 9:8, 8:7, 7:6, 6:5, 5:4, 4:3, 3:2, 2:1, 1:0, '
06:41:27: INFO: test_env: for original code input:'{% for i in values recursive %}"g"{%else%}"U"{% endfor %}':original code output:
06:41:27: INFO: test_env: For mutated code input:'{% for i in values recursive %}"g"{%else%}"U"{% endfor %}':mutated code output:
06:41:28: INFO: test_env: for original code input:'{% for i in values %}{{ loop.index0 }}:{{ i }}, {% endfor %}':original code output:'0:0, 1:1, 2:2, 3:3, 4:4, 5:5, 6:6, 7:7, 8:8, 9:9, 10:10, 11:11, 12:12, 13:13, 14:14, 15:15, 16:16, 17:17, '
06:41:28: INFO: test_env: For mutated code input:'{% for i in values %}{{ loop.index0 }}:{{ i }}, {% endfor %}':mutated code output:'0:0, 1:1, 2:2, 3:3, 4:4, 5:5, 6:6, 7:7, 8:8, 9:9, 10:10, 11:11, 12:12, 13:13, 14:14, 15:15, 16:16, 17:17, '
06:41:28: INFO: test_env: for original code input:'{% for i in values|random %}"o"{%else%}"q"{% endfor %}':original code output:
06:41:28: INFO: test_env: For mutated code input:'{% for i in values|random %}"o"{%else%}"q"{% endfor %}':mutated code output:
06:41:29: INFO: test_env: for original code input:'{% for i in values recursive %}{{ ["Q","X","v"] | random }}{{ ' ' }}{% endfor %}':original code output:'Q Q Q Q Q Q Q Q Q Q Q Q Q Q Q Q Q Q Q Q Q Q Q Q Q Q Q Q Q Q Q Q Q Q Q Q Q Q Q Q '
06:41:29: INFO: test_env: For mutated code input:'{% for i in values recursive %}{{ ["Q","X","v"] | random }}{{ ' ' }}{% endfor %}':mutated code output:'Q Q Q Q Q Q Q Q Q Q Q Q Q Q Q Q Q Q Q Q Q Q Q Q Q Q Q Q Q Q Q Q Q Q Q Q Q Q Q Q '
06:41:29: INFO: test_env: for original code input:'{% for i in values recursive %}"g"{%else%}"U"{% endfor %}':original code output:
06:41:29: INFO: test_env: For mutated code input:'{% for i in values recursive %}"g"{%else%}"U"{% endfor %}':mutated code output:
06:41:29: INFO: test_env: for original code input:'{% for i in values %}{{ loop.index0 }}:{{ i }}, {% endfor %}':original code output:'0:0, 1:1, 2:2, 3:3, 4:4, 5:5, 6:6, 7:7, '
06:41:29: INFO: test_env: For mutated code input:'{% for i in values %}{{ loop.index0 }}:{{ i }}, {% endfor %}':mutated code output:'0:0, 1:1, 2:2, 3:3, 4:4, 5:5, 6:6, 7:7, '
06:41:30: INFO: test_env: for original code input:'{% for i in values recursive %}{{ ["Q","X","v"] | random }}{{ ' ' }}{% endfor %}':original code output:'Q Q Q Q Q Q '
06:41:30: INFO: test_env: For mutated code input:'{% for i in values recursive %}{{ ["Q","X","v"] | random }}{{ ' ' }}{% endfor %}':mutated code output:'Q Q Q Q Q Q '
06:41:30: INFO: test_env: for original code input:'{% for i in values recursive %}"g"{%else%}"U"{% endfor %}':original code output:
06:41:30: INFO: test_env: For mutated code input:'{% for i in values recursive %}"g"{%else%}"U"{% endfor %}':mutated code output:
06:41:31: INFO: test_env: for original code input:'{% for i in values recursive %}{{ ["Q","X","v"] | random }}{{ ' ' }}{% endfor %}':original code output:'Q Q Q Q Q Q Q '
06:41:31: INFO: test_env: For mutated code input:'{% for i in values recursive %}{{ ["Q","X","v"] | random }}{{ ' ' }}{% endfor %}':mutated code output:'Q Q Q Q Q Q Q '
06:41:31: INFO: <module>: iteration log:{"'{% for i in values|reverse %}{{ loop.revindex }}:{{ i }}, {% endfor %}'": [0, 861], "'{% for i in values|random %}\"o\"{%else%}\"q\"{% endfor %}'": [0, 895], "'{% for i in values %}{{ loop.index0 }}:{{ i }}, {% endfor %}'": [0, 794], "'{% for i in values recursive %}\"g\"{%else%}\"U\"{% endfor %}'": [0, 743], "'{% for i in values recursive %}{{ [\"Q\",\"X\",\"v\"] | random }}{{ ' ' }}{% endfor %}'": [0, 829]}
06:41:31: INFO: <module>: global iteration stats:{"1": [4, 938], "2": [4, 954], "3": [4, 937], "4": [4, 829], "5": [4, 895]}
