07:14:10: INFO: <module>: for iteration:1:number of inputs:5
07:14:13: INFO: test_env: for original code input:'{% for i in values|random %}{{ ["t"] | random }}{{ ' ' }}{% endfor %}':original code output:
07:14:13: INFO: test_env: For mutated code input:'{% for i in values|random %}{{ ["t"] | random }}{{ ' ' }}{% endfor %}':mutated code output:
07:14:14: INFO: test_env: for original code input:'{% for i in values recursive %}{{ ["t"] | random }}{{ ' ' }}{% endfor %}':original code output:'t t t t t t t t t t t t t t t t t t t t t t t t t t t t t t t t t t t t t t t t t t t t t '
07:14:14: INFO: test_env: For mutated code input:'{% for i in values recursive %}{{ ["t"] | random }}{{ ' ' }}{% endfor %}':mutated code output:'t t t t t t t t t t t t t t t t t t t t t t t t t t t t t t t t t t t t t t t t t t t t t '
07:14:15: INFO: test_env: for original code input:'{% for i in values|random %}{{ ["t"] | random }}{{ ' ' }}{% endfor %}':original code output:
07:14:15: INFO: test_env: For mutated code input:'{% for i in values|random %}{{ ["t"] | random }}{{ ' ' }}{% endfor %}':mutated code output:
07:14:15: INFO: test_env: for original code input:'{% for i in values|reverse %}{{ ["u"] | random }}{{ ' ' }}{% endfor %}':original code output:'u '
07:14:15: INFO: test_env: For mutated code input:'{% for i in values|reverse %}{{ ["u"] | random }}{{ ' ' }}{% endfor %}':mutated code output:'u '
07:14:16: INFO: test_env: for original code input:'{% for i in values recursive %}{{ ["t"] | random }}{{ ' ' }}{% endfor %}':original code output:'t t t t t t t t t t t '
07:14:16: INFO: test_env: For mutated code input:'{% for i in values recursive %}{{ ["t"] | random }}{{ ' ' }}{% endfor %}':mutated code output:'t t t t t t t t t t t '
07:14:17: INFO: test_env: for original code input:'{% for i in values|reverse %}{{ loop.index0 }}:{{ i }}, {% endfor %}':original code output:'0:44, 1:43, 2:42, 3:41, 4:40, 5:39, 6:38, 7:37, 8:36, 9:35, 10:34, 11:33, 12:32, 13:31, 14:30, 15:29, 16:28, 17:27, 18:26, 19:25, 20:24, 21:23, 22:22, 23:21, 24:20, 25:19, 26:18, 27:17, 28:16, 29:15, 30:14, 31:13, 32:12, 33:11, 34:10, 35:9, 36:8, 37:7, 38:6, 39:5, 40:4, 41:3, 42:2, 43:1, 44:0, '
07:14:17: INFO: test_env: For mutated code input:'{% for i in values|reverse %}{{ loop.index0 }}:{{ i }}, {% endfor %}':mutated code output:'0:44, 1:43, 2:42, 3:41, 4:40, 5:39, 6:38, 7:37, 8:36, 9:35, 10:34, 11:33, 12:32, 13:31, 14:30, 15:29, 16:28, 17:27, 18:26, 19:25, 20:24, 21:23, 22:22, 23:21, 24:20, 25:19, 26:18, 27:17, 28:16, 29:15, 30:14, 31:13, 32:12, 33:11, 34:10, 35:9, 36:8, 37:7, 38:6, 39:5, 40:4, 41:3, 42:2, 43:1, 44:0, '
07:14:17: INFO: test_env: for original code input:'{% for i in values|random %}{{ ["t"] | random }}{{ ' ' }}{% endfor %}':original code output:
07:14:17: INFO: test_env: For mutated code input:'{% for i in values|random %}{{ ["t"] | random }}{{ ' ' }}{% endfor %}':mutated code output:
07:14:17: INFO: test_env: for original code input:'{% for i in values|reverse %}{{ ["u"] | random }}{{ ' ' }}{% endfor %}':original code output:'u '
07:14:17: INFO: test_env: For mutated code input:'{% for i in values|reverse %}{{ ["u"] | random }}{{ ' ' }}{% endfor %}':mutated code output:'u '
07:14:18: INFO: test_env: for original code input:'{% for i in values|reverse %}"t"{%else%}"u"{% endfor %}':original code output:'"t""t""t""t""t""t""t""t""t""t""t""t""t""t""t""t""t""t"'
07:14:18: INFO: test_env: For mutated code input:'{% for i in values|reverse %}"t"{%else%}"u"{% endfor %}':mutated code output:'"t""t""t""t""t""t""t""t""t""t""t""t""t""t""t""t""t""t"'
07:14:18: INFO: test_env: for original code input:'{% for i in values recursive %}{{ ["t"] | random }}{{ ' ' }}{% endfor %}':original code output:'t t t '
07:14:18: INFO: test_env: For mutated code input:'{% for i in values recursive %}{{ ["t"] | random }}{{ ' ' }}{% endfor %}':mutated code output:
07:14:18: INFO: test_env: Mutant killed with'{% for i in values recursive %}{{ ["t"] | random }}{{ ' ' }}{% endfor %}'! Current mutant killed list:{2}
07:14:18: INFO: test_env: for original code input:'{% for i in values|random %}{{ ["t"] | random }}{{ ' ' }}{% endfor %}':original code output:
07:14:18: INFO: test_env: For mutated code input:'{% for i in values|random %}{{ ["t"] | random }}{{ ' ' }}{% endfor %}':mutated code output:killed
killed

07:14:18: INFO: test_env: Mutant killed with'{% for i in values|random %}{{ ["t"] | random }}{{ ' ' }}{% endfor %}'! Current mutant killed list:{2, 3}
07:14:18: INFO: test_env: for original code input:'{% for i in values|reverse %}{{ loop.index0 }}:{{ i }}, {% endfor %}':original code output:'0:6, 1:5, 2:4, 3:3, 4:2, 5:1, 6:0, '
07:14:18: INFO: test_env: For mutated code input:'{% for i in values|reverse %}{{ loop.index0 }}:{{ i }}, {% endfor %}':mutated code output:'0:6, 1:5, 2:4, 3:3, 4:2, 5:1, 6:0, '
07:14:19: INFO: test_env: for original code input:'{% for i in values|reverse %}{{ ["u"] | random }}{{ ' ' }}{% endfor %}':original code output:'u u u u u u u u u u u u u u u u u u u u u u u u u u u u u u u u u u u u u u u u u u '
07:14:19: INFO: test_env: For mutated code input:'{% for i in values|reverse %}{{ ["u"] | random }}{{ ' ' }}{% endfor %}':mutated code output:
07:14:19: INFO: test_env: Mutant killed with'{% for i in values|reverse %}{{ ["u"] | random }}{{ ' ' }}{% endfor %}'! Current mutant killed list:{2, 3}
07:14:19: INFO: test_env: for original code input:'{% for i in values recursive %}{{ ["t"] | random }}{{ ' ' }}{% endfor %}':original code output:'t t t t t t t t t t t t t t t t t t t t t t '
07:14:19: INFO: test_env: For mutated code input:'{% for i in values recursive %}{{ ["t"] | random }}{{ ' ' }}{% endfor %}':mutated code output:killed
killed

07:14:19: INFO: test_env: Mutant killed with'{% for i in values recursive %}{{ ["t"] | random }}{{ ' ' }}{% endfor %}'! Current mutant killed list:{2, 3}
07:14:19: INFO: test_env: for original code input:'{% for i in values|reverse %}"t"{%else%}"u"{% endfor %}':original code output:'"t""t""t""t""t""t""t""t""t""t""t""t""t""t""t"'
07:14:19: INFO: test_env: For mutated code input:'{% for i in values|reverse %}"t"{%else%}"u"{% endfor %}':mutated code output:'"t""t""t""t""t""t""t""t""t""t""t""t""t""t""t"'
07:14:20: INFO: test_env: for original code input:'{% for i in values|reverse %}{{ loop.index0 }}:{{ i }}, {% endfor %}':original code output:'0:18, 1:17, 2:16, 3:15, 4:14, 5:13, 6:12, 7:11, 8:10, 9:9, 10:8, 11:7, 12:6, 13:5, 14:4, 15:3, 16:2, 17:1, 18:0, '
07:14:20: INFO: test_env: For mutated code input:'{% for i in values|reverse %}{{ loop.index0 }}:{{ i }}, {% endfor %}':mutated code output:
07:14:20: INFO: test_env: Mutant killed with'{% for i in values|reverse %}{{ loop.index0 }}:{{ i }}, {% endfor %}'! Current mutant killed list:{2, 3}
07:14:20: INFO: test_env: for original code input:'{% for i in values|reverse %}{{ ["u"] | random }}{{ ' ' }}{% endfor %}':original code output:'u u u u u u u u u u u u u u u u u u u u u u u u u u u u u u u u u u u u u u u u u u u u u u u '
07:14:20: INFO: test_env: For mutated code input:'{% for i in values|reverse %}{{ ["u"] | random }}{{ ' ' }}{% endfor %}':mutated code output:killed
killed

07:14:20: INFO: test_env: Mutant killed with'{% for i in values|reverse %}{{ ["u"] | random }}{{ ' ' }}{% endfor %}'! Current mutant killed list:{2, 3}
07:14:21: INFO: test_env: for original code input:'{% for i in values|random %}{{ ["t"] | random }}{{ ' ' }}{% endfor %}':original code output:
07:14:21: INFO: test_env: For mutated code input:'{% for i in values|random %}{{ ["t"] | random }}{{ ' ' }}{% endfor %}':mutated code output:
07:14:21: INFO: test_env: for original code input:'{% for i in values|reverse %}"t"{%else%}"u"{% endfor %}':original code output:'"t""t""t""t""t""t""t""t""t""t""t""t""t""t""t""t""t""t""t""t""t""t""t""t""t""t""t""t""t""t""t""t""t""t""t""t""t""t""t""t""t""t""t"'
07:14:21: INFO: test_env: For mutated code input:'{% for i in values|reverse %}"t"{%else%}"u"{% endfor %}':mutated code output:
07:14:21: INFO: test_env: Mutant killed with'{% for i in values|reverse %}"t"{%else%}"u"{% endfor %}'! Current mutant killed list:{2, 3}
07:14:21: INFO: test_env: for original code input:'{% for i in values|reverse %}{{ loop.index0 }}:{{ i }}, {% endfor %}':original code output:'0:33, 1:32, 2:31, 3:30, 4:29, 5:28, 6:27, 7:26, 8:25, 9:24, 10:23, 11:22, 12:21, 13:20, 14:19, 15:18, 16:17, 17:16, 18:15, 19:14, 20:13, 21:12, 22:11, 23:10, 24:9, 25:8, 26:7, 27:6, 28:5, 29:4, 30:3, 31:2, 32:1, 33:0, '
07:14:21: INFO: test_env: For mutated code input:'{% for i in values|reverse %}{{ loop.index0 }}:{{ i }}, {% endfor %}':mutated code output:killed
killed

07:14:21: INFO: test_env: Mutant killed with'{% for i in values|reverse %}{{ loop.index0 }}:{{ i }}, {% endfor %}'! Current mutant killed list:{2, 3}
07:14:22: INFO: test_env: for original code input:'{% for i in values recursive %}{{ ["t"] | random }}{{ ' ' }}{% endfor %}':original code output:'t t t t t t t t t t t t t t t t t t t t '
07:14:22: INFO: test_env: For mutated code input:'{% for i in values recursive %}{{ ["t"] | random }}{{ ' ' }}{% endfor %}':mutated code output:'t t t t t t t t t t t t t t t t t t t t '
07:14:22: INFO: test_env: for original code input:'{% for i in values|reverse %}"t"{%else%}"u"{% endfor %}':original code output:'"t""t""t""t""t""t""t""t""t""t""t""t""t""t""t""t""t""t""t""t""t""t""t""t""t""t""t""t""t""t""t""t""t""t""t""t""t""t""t"'
07:14:22: INFO: test_env: For mutated code input:'{% for i in values|reverse %}"t"{%else%}"u"{% endfor %}':mutated code output:killed
killed

07:14:22: INFO: test_env: Mutant killed with'{% for i in values|reverse %}"t"{%else%}"u"{% endfor %}'! Current mutant killed list:{2, 3}
07:14:23: INFO: test_env: for original code input:'{% for i in values|reverse %}{{ ["u"] | random }}{{ ' ' }}{% endfor %}':original code output:'u '
07:14:23: INFO: test_env: For mutated code input:'{% for i in values|reverse %}{{ ["u"] | random }}{{ ' ' }}{% endfor %}':mutated code output:'u '
07:14:24: INFO: test_env: for original code input:'{% for i in values|reverse %}{{ loop.index0 }}:{{ i }}, {% endfor %}':original code output:'0:21, 1:20, 2:19, 3:18, 4:17, 5:16, 6:15, 7:14, 8:13, 9:12, 10:11, 11:10, 12:9, 13:8, 14:7, 15:6, 16:5, 17:4, 18:3, 19:2, 20:1, 21:0, '
07:14:24: INFO: test_env: For mutated code input:'{% for i in values|reverse %}{{ loop.index0 }}:{{ i }}, {% endfor %}':mutated code output:'0:21, 1:20, 2:19, 3:18, 4:17, 5:16, 6:15, 7:14, 8:13, 9:12, 10:11, 11:10, 12:9, 13:8, 14:7, 15:6, 16:5, 17:4, 18:3, 19:2, 20:1, 21:0, '
07:14:25: INFO: test_env: for original code input:'{% for i in values|reverse %}"t"{%else%}"u"{% endfor %}':original code output:'"t""t""t""t""t"'
07:14:25: INFO: test_env: For mutated code input:'{% for i in values|reverse %}"t"{%else%}"u"{% endfor %}':mutated code output:'"t""t""t""t""t"'
07:14:25: INFO: <module>: iteration log:{"'{% for i in values|random %}{{ [\"t\"] | random }}{{ ' ' }}{% endfor %}'": [1, 937], "'{% for i in values recursive %}{{ [\"t\"] | random }}{{ ' ' }}{% endfor %}'": [2, 828], "'{% for i in values|reverse %}{{ [\"u\"] | random }}{{ ' ' }}{% endfor %}'": [2, 829], "'{% for i in values|reverse %}{{ loop.index0 }}:{{ i }}, {% endfor %}'": [2, 854], "'{% for i in values|reverse %}\"t\"{%else%}\"u\"{% endfor %}'": [2, 780]}
07:14:25: INFO: <module>: for iteration:2:number of inputs:6
07:14:28: INFO: test_env: for original code input:'{% for i in values recursive %}" "{%else%}"N"{% endfor %}':original code output:
07:14:28: INFO: test_env: For mutated code input:'{% for i in values recursive %}" "{%else%}"N"{% endfor %}':mutated code output:
07:14:29: INFO: test_env: for original code input:'{% for i in values recursive %}{{ loop.index0 }}:{{ i }}, {% endfor %}':original code output:'0:0, 1:1, 2:2, 3:3, 4:4, 5:5, 6:6, 7:7, 8:8, 9:9, 10:10, 11:11, 12:12, 13:13, 14:14, 15:15, 16:16, 17:17, 18:18, 19:19, 20:20, 21:21, 22:22, 23:23, 24:24, 25:25, 26:26, 27:27, '
07:14:29: INFO: test_env: For mutated code input:'{% for i in values recursive %}{{ loop.index0 }}:{{ i }}, {% endfor %}':mutated code output:'0:0, 1:1, 2:2, 3:3, 4:4, 5:5, 6:6, 7:7, 8:8, 9:9, 10:10, 11:11, 12:12, 13:13, 14:14, 15:15, 16:16, 17:17, 18:18, 19:19, 20:20, 21:21, 22:22, 23:23, 24:24, 25:25, 26:26, 27:27, '
07:14:29: INFO: test_env: for original code input:'{% for i in values recursive %}" "{%else%}"N"{% endfor %}':original code output:
07:14:29: INFO: test_env: For mutated code input:'{% for i in values recursive %}" "{%else%}"N"{% endfor %}':mutated code output:
07:14:30: INFO: test_env: for original code input:'{% for i in values|reverse %}{{ ["t"] | random }}{{ ' ' }}{% endfor %}':original code output:'t t t t t t t t t t t t t t t t t t t t '
07:14:30: INFO: test_env: For mutated code input:'{% for i in values|reverse %}{{ ["t"] | random }}{{ ' ' }}{% endfor %}':mutated code output:'t t t t t t t t t t t t t t t t t t t t '
07:14:30: INFO: test_env: for original code input:'{% for i in values recursive %}{{ loop.index0 }}:{{ i }}, {% endfor %}':original code output:'0:0, 1:1, 2:2, 3:3, 4:4, 5:5, 6:6, 7:7, 8:8, 9:9, 10:10, 11:11, 12:12, 13:13, 14:14, 15:15, 16:16, 17:17, 18:18, 19:19, 20:20, 21:21, 22:22, 23:23, 24:24, '
07:14:30: INFO: test_env: For mutated code input:'{% for i in values recursive %}{{ loop.index0 }}:{{ i }}, {% endfor %}':mutated code output:'0:0, 1:1, 2:2, 3:3, 4:4, 5:5, 6:6, 7:7, 8:8, 9:9, 10:10, 11:11, 12:12, 13:13, 14:14, 15:15, 16:16, 17:17, 18:18, 19:19, 20:20, 21:21, 22:22, 23:23, 24:24, '
07:14:31: INFO: test_env: for original code input:'{% for i in values %}{{ ["6"] | random }}{{ ' ' }}{% endfor %}':original code output:'6 6 6 6 6 6 6 6 6 6 6 6 6 6 6 6 6 6 6 6 6 6 6 6 6 6 6 6 '
07:14:31: INFO: test_env: For mutated code input:'{% for i in values %}{{ ["6"] | random }}{{ ' ' }}{% endfor %}':mutated code output:'6 6 6 6 6 6 6 6 6 6 6 6 6 6 6 6 6 6 6 6 6 6 6 6 6 6 6 6 '
07:14:31: INFO: test_env: for original code input:'{% for i in values recursive %}" "{%else%}"N"{% endfor %}':original code output:
07:14:31: INFO: test_env: For mutated code input:'{% for i in values recursive %}" "{%else%}"N"{% endfor %}':mutated code output:
07:14:31: INFO: test_env: for original code input:'{% for i in values|reverse %}{{ ["t"] | random }}{{ ' ' }}{% endfor %}':original code output:'t t t t t t t t t t t t t t t t t t t t t t t t t t t t t t t t t t t t t t t t t t t t t '
07:14:31: INFO: test_env: For mutated code input:'{% for i in values|reverse %}{{ ["t"] | random }}{{ ' ' }}{% endfor %}':mutated code output:'t t t t t t t t t t t t t t t t t t t t t t t t t t t t t t t t t t t t t t t t t t t t t '
07:14:32: INFO: test_env: for original code input:'{% for i in values recursive %}{{ loop.index0 }}:{{ i }}, {% endfor %}':original code output:'0:0, 1:1, 2:2, 3:3, 4:4, 5:5, 6:6, 7:7, 8:8, 9:9, 10:10, 11:11, 12:12, 13:13, 14:14, 15:15, 16:16, 17:17, 18:18, 19:19, 20:20, 21:21, 22:22, 23:23, 24:24, 25:25, 26:26, 27:27, 28:28, 29:29, 30:30, 31:31, 32:32, 33:33, 34:34, 35:35, 36:36, 37:37, 38:38, '
07:14:32: INFO: test_env: For mutated code input:'{% for i in values recursive %}{{ loop.index0 }}:{{ i }}, {% endfor %}':mutated code output:'0:0, 1:1, 2:2, 3:3, 4:4, 5:5, 6:6, 7:7, 8:8, 9:9, 10:10, 11:11, 12:12, 13:13, 14:14, 15:15, 16:16, 17:17, 18:18, 19:19, 20:20, 21:21, 22:22, 23:23, 24:24, 25:25, 26:26, 27:27, 28:28, 29:29, 30:30, 31:31, 32:32, 33:33, 34:34, 35:35, 36:36, 37:37, 38:38, '
07:14:32: INFO: test_env: for original code input:'{% for i in values|reverse %}{{ loop.index0 }}:{{ i }}, {% endfor %}':original code output:'0:5, 1:4, 2:3, 3:2, 4:1, 5:0, '
07:14:32: INFO: test_env: For mutated code input:'{% for i in values|reverse %}{{ loop.index0 }}:{{ i }}, {% endfor %}':mutated code output:'0:5, 1:4, 2:3, 3:2, 4:1, 5:0, '
07:14:33: INFO: test_env: for original code input:'{% for i in values %}{{ ["6"] | random }}{{ ' ' }}{% endfor %}':original code output:'6 6 6 6 6 6 6 6 6 6 '
07:14:33: INFO: test_env: For mutated code input:'{% for i in values %}{{ ["6"] | random }}{{ ' ' }}{% endfor %}':mutated code output:'6 6 6 6 6 6 6 6 6 6 '
07:14:33: INFO: test_env: for original code input:'{% for i in values|reverse %}{{ ["t"] | random }}{{ ' ' }}{% endfor %}':original code output:'t t t t t t t t t t t t t t t t t t t '
07:14:33: INFO: test_env: For mutated code input:'{% for i in values|reverse %}{{ ["t"] | random }}{{ ' ' }}{% endfor %}':mutated code output:'t t t t t t t t t t t t t t t t t t t '
07:14:33: INFO: test_env: for original code input:'{% for i in values|random %}{{ ["u"] | random }}{{ ' ' }}{% endfor %}':original code output:
07:14:33: INFO: test_env: For mutated code input:'{% for i in values|random %}{{ ["u"] | random }}{{ ' ' }}{% endfor %}':mutated code output:
07:14:34: INFO: test_env: for original code input:'{% for i in values|reverse %}{{ loop.index0 }}:{{ i }}, {% endfor %}':original code output:'0:47, 1:46, 2:45, 3:44, 4:43, 5:42, 6:41, 7:40, 8:39, 9:38, 10:37, 11:36, 12:35, 13:34, 14:33, 15:32, 16:31, 17:30, 18:29, 19:28, 20:27, 21:26, 22:25, 23:24, 24:23, 25:22, 26:21, 27:20, 28:19, 29:18, 30:17, 31:16, 32:15, 33:14, 34:13, 35:12, 36:11, 37:10, 38:9, 39:8, 40:7, 41:6, 42:5, 43:4, 44:3, 45:2, 46:1, 47:0, '
07:14:34: INFO: test_env: For mutated code input:'{% for i in values|reverse %}{{ loop.index0 }}:{{ i }}, {% endfor %}':mutated code output:'0:47, 1:46, 2:45, 3:44, 4:43, 5:42, 6:41, 7:40, 8:39, 9:38, 10:37, 11:36, 12:35, 13:34, 14:33, 15:32, 16:31, 17:30, 18:29, 19:28, 20:27, 21:26, 22:25, 23:24, 24:23, 25:22, 26:21, 27:20, 28:19, 29:18, 30:17, 31:16, 32:15, 33:14, 34:13, 35:12, 36:11, 37:10, 38:9, 39:8, 40:7, 41:6, 42:5, 43:4, 44:3, 45:2, 46:1, 47:0, '
07:14:34: INFO: test_env: for original code input:'{% for i in values %}{{ ["6"] | random }}{{ ' ' }}{% endfor %}':original code output:'6 6 6 6 6 6 6 6 6 6 6 6 6 6 6 6 6 6 6 '
07:14:34: INFO: test_env: For mutated code input:'{% for i in values %}{{ ["6"] | random }}{{ ' ' }}{% endfor %}':mutated code output:'6 6 6 6 6 6 6 6 6 6 6 6 6 6 6 6 6 6 6 '
07:14:35: INFO: test_env: for original code input:'{% for i in values|random %}{{ ["u"] | random }}{{ ' ' }}{% endfor %}':original code output:
07:14:35: INFO: test_env: For mutated code input:'{% for i in values|random %}{{ ["u"] | random }}{{ ' ' }}{% endfor %}':mutated code output:
07:14:35: INFO: test_env: for original code input:'{% for i in values|reverse %}{{ loop.index0 }}:{{ i }}, {% endfor %}':original code output:'0:34, 1:33, 2:32, 3:31, 4:30, 5:29, 6:28, 7:27, 8:26, 9:25, 10:24, 11:23, 12:22, 13:21, 14:20, 15:19, 16:18, 17:17, 18:16, 19:15, 20:14, 21:13, 22:12, 23:11, 24:10, 25:9, 26:8, 27:7, 28:6, 29:5, 30:4, 31:3, 32:2, 33:1, 34:0, '
07:14:35: INFO: test_env: For mutated code input:'{% for i in values|reverse %}{{ loop.index0 }}:{{ i }}, {% endfor %}':mutated code output:'0:34, 1:33, 2:32, 3:31, 4:30, 5:29, 6:28, 7:27, 8:26, 9:25, 10:24, 11:23, 12:22, 13:21, 14:20, 15:19, 16:18, 17:17, 18:16, 19:15, 20:14, 21:13, 22:12, 23:11, 24:10, 25:9, 26:8, 27:7, 28:6, 29:5, 30:4, 31:3, 32:2, 33:1, 34:0, '
07:14:36: INFO: test_env: for original code input:'{% for i in values|random %}{{ ["u"] | random }}{{ ' ' }}{% endfor %}':original code output:
07:14:36: INFO: test_env: For mutated code input:'{% for i in values|random %}{{ ["u"] | random }}{{ ' ' }}{% endfor %}':mutated code output:
07:14:36: INFO: <module>: iteration log:{"'{% for i in values recursive %}\" \"{%else%}\"N\"{% endfor %}'": [0, 743], "'{% for i in values recursive %}{{ loop.index0 }}:{{ i }}, {% endfor %}'": [0, 806], "'{% for i in values|reverse %}{{ [\"t\"] | random }}{{ ' ' }}{% endfor %}'": [0, 829], "'{% for i in values %}{{ [\"6\"] | random }}{{ ' ' }}{% endfor %}'": [0, 779], "'{% for i in values|reverse %}{{ loop.index0 }}:{{ i }}, {% endfor %}'": [0, 854], "'{% for i in values|random %}{{ [\"u\"] | random }}{{ ' ' }}{% endfor %}'": [0, 937]}
07:14:37: INFO: <module>: for iteration:3:number of inputs:6
07:14:39: INFO: test_env: for original code input:'{% for i in values|random %}{{ ["t"] | random }}{{ ' ' }}{% endfor %}':original code output:
07:14:39: INFO: test_env: For mutated code input:'{% for i in values|random %}{{ ["t"] | random }}{{ ' ' }}{% endfor %}':mutated code output:
07:14:41: INFO: test_env: for original code input:'{% for i in values|reverse %}{{ ["R","T","f","o","o","g","o","k","z","g","k","g","R","R","o","g","o","f","g","k","k","T","f","T","b","o","z","b","g","z","z","k","R","T","o","g","R","T","S","k","S","S","g","k","S","o","T","o","z","b","b","R","k"] | random }}{{ ' ' }}{% endfor %}':original code output:'T T T T T T T T T T T T T T T T T T T T T T T T T T T T T T T T T T '
07:14:41: INFO: test_env: For mutated code input:'{% for i in values|reverse %}{{ ["R","T","f","o","o","g","o","k","z","g","k","g","R","R","o","g","o","f","g","k","k","T","f","T","b","o","z","b","g","z","z","k","R","T","o","g","R","T","S","k","S","S","g","k","S","o","T","o","z","b","b","R","k"] | random }}{{ ' ' }}{% endfor %}':mutated code output:'T T T T T T T T T T T T T T T T T T T T T T T T T T T T T T T T T T '
07:14:41: INFO: test_env: for original code input:'{% for i in values|random %}{{ ["t"] | random }}{{ ' ' }}{% endfor %}':original code output:
07:14:41: INFO: test_env: For mutated code input:'{% for i in values|random %}{{ ["t"] | random }}{{ ' ' }}{% endfor %}':mutated code output:
07:14:42: INFO: test_env: for original code input:'{% for i in values recursive %}{{ ["o","b","o","z","T","k"] | random }}{{ ' ' }}{% endfor %}':original code output:'o o o o o o o o o o o o o o o o o o o o o o o o o o '
07:14:42: INFO: test_env: For mutated code input:'{% for i in values recursive %}{{ ["o","b","o","z","T","k"] | random }}{{ ' ' }}{% endfor %}':mutated code output:'o o o o o o o o o o o o o o o o o o o o o o o o o o '
07:14:42: INFO: test_env: for original code input:'{% for i in values|reverse %}{{ ["R","T","f","o","o","g","o","k","z","g","k","g","R","R","o","g","o","f","g","k","k","T","f","T","b","o","z","b","g","z","z","k","R","T","o","g","R","T","S","k","S","S","g","k","S","o","T","o","z","b","b","R","k"] | random }}{{ ' ' }}{% endfor %}':original code output:'T T T T T T T T T T T T T T T T T T T T T T T T T T T T T T T T T T T T T T T T T T T T T T T '
07:14:42: INFO: test_env: For mutated code input:'{% for i in values|reverse %}{{ ["R","T","f","o","o","g","o","k","z","g","k","g","R","R","o","g","o","f","g","k","k","T","f","T","b","o","z","b","g","z","z","k","R","T","o","g","R","T","S","k","S","S","g","k","S","o","T","o","z","b","b","R","k"] | random }}{{ ' ' }}{% endfor %}':mutated code output:'T T T T T T T T T T T T T T T T T T T T T T T T T T T T T T T T T T T T T T T T T T T T T T T '
07:14:43: INFO: test_env: for original code input:'{% for i in values|random %}{{ ["t"] | random }}{{ ' ' }}{% endfor %}':original code output:
07:14:43: INFO: test_env: For mutated code input:'{% for i in values|random %}{{ ["t"] | random }}{{ ' ' }}{% endfor %}':mutated code output:
07:14:43: INFO: test_env: for original code input:'{% for i in values|reverse %}{{ loop.index0 }}:{{ i }}, {% endfor %}':original code output:'0:7, 1:6, 2:5, 3:4, 4:3, 5:2, 6:1, 7:0, '
07:14:43: INFO: test_env: For mutated code input:'{% for i in values|reverse %}{{ loop.index0 }}:{{ i }}, {% endfor %}':mutated code output:'0:7, 1:6, 2:5, 3:4, 4:3, 5:2, 6:1, 7:0, '
07:14:43: INFO: test_env: for original code input:'{% for i in values recursive %}{{ ["o","b","o","z","T","k"] | random }}{{ ' ' }}{% endfor %}':original code output:'o o o o o o o o o o o o o o o o o o o o '
07:14:43: INFO: test_env: For mutated code input:'{% for i in values recursive %}{{ ["o","b","o","z","T","k"] | random }}{{ ' ' }}{% endfor %}':mutated code output:'o o o o o o o o o o o o o o o o o o o o '
07:14:44: INFO: test_env: for original code input:'{% for i in values|reverse %}{{ ["R","T","f","o","o","g","o","k","z","g","k","g","R","R","o","g","o","f","g","k","k","T","f","T","b","o","z","b","g","z","z","k","R","T","o","g","R","T","S","k","S","S","g","k","S","o","T","o","z","b","b","R","k"] | random }}{{ ' ' }}{% endfor %}':original code output:'T T T T T T T T T T T T T T T T T T T T T T T T T T T T T T T T T T T T T T T '
07:14:44: INFO: test_env: For mutated code input:'{% for i in values|reverse %}{{ ["R","T","f","o","o","g","o","k","z","g","k","g","R","R","o","g","o","f","g","k","k","T","f","T","b","o","z","b","g","z","z","k","R","T","o","g","R","T","S","k","S","S","g","k","S","o","T","o","z","b","b","R","k"] | random }}{{ ' ' }}{% endfor %}':mutated code output:'T T T T T T T T T T T T T T T T T T T T T T T T T T T T T T T T T T T T T T T '
07:14:44: INFO: test_env: for original code input:'{% for i in values %}"f"{%else%}"z"{% endfor %}':original code output:'"f""f""f""f""f""f""f""f""f""f""f""f""f""f""f""f""f""f""f""f""f""f""f""f""f""f""f""f""f""f""f""f"'
07:14:44: INFO: test_env: For mutated code input:'{% for i in values %}"f"{%else%}"z"{% endfor %}':mutated code output:'"f""f""f""f""f""f""f""f""f""f""f""f""f""f""f""f""f""f""f""f""f""f""f""f""f""f""f""f""f""f""f""f"'
07:14:44: INFO: test_env: for original code input:'{% for i in values|reverse %}{{ loop.index0 }}:{{ i }}, {% endfor %}':original code output:'0:2, 1:1, 2:0, '
07:14:44: INFO: test_env: For mutated code input:'{% for i in values|reverse %}{{ loop.index0 }}:{{ i }}, {% endfor %}':mutated code output:'0:2, 1:1, 2:0, '
07:14:45: INFO: test_env: for original code input:'{% for i in values recursive %}{{ ["o","b","o","z","T","k"] | random }}{{ ' ' }}{% endfor %}':original code output:'o o o o o o o '
07:14:45: INFO: test_env: For mutated code input:'{% for i in values recursive %}{{ ["o","b","o","z","T","k"] | random }}{{ ' ' }}{% endfor %}':mutated code output:'o o o o o o o '
07:14:45: INFO: test_env: for original code input:'{% for i in values|random %}{{ loop.index0 }}:{{ i }}, {% endfor %}':original code output:
07:14:45: INFO: test_env: For mutated code input:'{% for i in values|random %}{{ loop.index0 }}:{{ i }}, {% endfor %}':mutated code output:
07:14:45: INFO: test_env: for original code input:'{% for i in values %}"f"{%else%}"z"{% endfor %}':original code output:'"f""f""f""f""f""f""f""f""f""f""f"'
07:14:45: INFO: test_env: For mutated code input:'{% for i in values %}"f"{%else%}"z"{% endfor %}':mutated code output:'"f""f""f""f""f""f""f""f""f""f""f"'
07:14:46: INFO: test_env: for original code input:'{% for i in values|reverse %}{{ loop.index0 }}:{{ i }}, {% endfor %}':original code output:'0:27, 1:26, 2:25, 3:24, 4:23, 5:22, 6:21, 7:20, 8:19, 9:18, 10:17, 11:16, 12:15, 13:14, 14:13, 15:12, 16:11, 17:10, 18:9, 19:8, 20:7, 21:6, 22:5, 23:4, 24:3, 25:2, 26:1, 27:0, '
07:14:46: INFO: test_env: For mutated code input:'{% for i in values|reverse %}{{ loop.index0 }}:{{ i }}, {% endfor %}':mutated code output:'0:27, 1:26, 2:25, 3:24, 4:23, 5:22, 6:21, 7:20, 8:19, 9:18, 10:17, 11:16, 12:15, 13:14, 14:13, 15:12, 16:11, 17:10, 18:9, 19:8, 20:7, 21:6, 22:5, 23:4, 24:3, 25:2, 26:1, 27:0, '
07:14:47: INFO: test_env: for original code input:'{% for i in values|random %}{{ loop.index0 }}:{{ i }}, {% endfor %}':original code output:
07:14:47: INFO: test_env: For mutated code input:'{% for i in values|random %}{{ loop.index0 }}:{{ i }}, {% endfor %}':mutated code output:
07:14:47: INFO: test_env: for original code input:'{% for i in values %}"f"{%else%}"z"{% endfor %}':original code output:'"f""f""f""f""f""f""f""f""f""f""f""f""f""f""f""f""f""f""f""f""f""f""f"'
07:14:47: INFO: test_env: For mutated code input:'{% for i in values %}"f"{%else%}"z"{% endfor %}':mutated code output:'"f""f""f""f""f""f""f""f""f""f""f""f""f""f""f""f""f""f""f""f""f""f""f"'
07:14:48: INFO: test_env: for original code input:'{% for i in values|random %}{{ loop.index0 }}:{{ i }}, {% endfor %}':original code output:
07:14:48: INFO: test_env: For mutated code input:'{% for i in values|random %}{{ loop.index0 }}:{{ i }}, {% endfor %}':mutated code output:
07:14:48: INFO: <module>: iteration log:{"'{% for i in values|random %}{{ [\"t\"] | random }}{{ ' ' }}{% endfor %}'": [0, 937], "'{% for i in values|reverse %}{{ [\"R\",\"T\",\"f\",\"o\",\"o\",\"g\",\"o\",\"k\",\"z\",\"g\",\"k\",\"g\",\"R\",\"R\",\"o\",\"g\",\"o\",\"f\",\"g\",\"k\",\"k\",\"T\",\"f\",\"T\",\"b\",\"o\",\"z\",\"b\",\"g\",\"z\",\"z\",\"k\",\"R\",\"T\",\"o\",\"g\",\"R\",\"T\",\"S\",\"k\",\"S\",\"S\",\"g\",\"k\",\"S\",\"o\",\"T\",\"o\",\"z\",\"b\",\"b\",\"R\",\"k\"] | random }}{{ ' ' }}{% endfor %}'": [0, 830], "'{% for i in values recursive %}{{ [\"o\",\"b\",\"o\",\"z\",\"T\",\"k\"] | random }}{{ ' ' }}{% endfor %}'": [0, 829], "'{% for i in values|reverse %}{{ loop.index0 }}:{{ i }}, {% endfor %}'": [0, 854], "'{% for i in values %}\"f\"{%else%}\"z\"{% endfor %}'": [0, 698], "'{% for i in values|random %}{{ loop.index0 }}:{{ i }}, {% endfor %}'": [0, 954]}
07:14:48: INFO: <module>: for iteration:4:number of inputs:5
07:14:51: INFO: test_env: for original code input:'{% for i in values|reverse %}{{ ["u"] | random }}{{ ' ' }}{% endfor %}':original code output:'u u u u u u u u u u u u u u u u u u '
07:14:51: INFO: test_env: For mutated code input:'{% for i in values|reverse %}{{ ["u"] | random }}{{ ' ' }}{% endfor %}':mutated code output:'u u u u u u u u u u u u u u u u u u '
