07:27:21: INFO: <module>: for iteration:1:number of inputs:5
07:27:24: INFO: test_env: for original code input:'{% for i in values recursive %}{{ ["t"] | random }}{{ ' ' }}{% endfor %}':original code output:'t t t t t t t t t t t t t t t t t t t t t t t t t t t t t '
07:27:24: INFO: test_env: For mutated code input:'{% for i in values recursive %}{{ ["t"] | random }}{{ ' ' }}{% endfor %}':mutated code output:'t t t t t t t t t t t t t t t t t t t t t t t t t t t t t '
07:27:25: INFO: test_env: for original code input:'{% for i in values|random %}{{ ["t"] | random }}{{ ' ' }}{% endfor %}':original code output:
07:27:25: INFO: test_env: For mutated code input:'{% for i in values|random %}{{ ["t"] | random }}{{ ' ' }}{% endfor %}':mutated code output:
07:27:26: INFO: test_env: for original code input:'{% for i in values recursive %}{{ ["t"] | random }}{{ ' ' }}{% endfor %}':original code output:'t t t t t t t t t t t t t t t t t t t t t t t t t t t t t t t t t t t t t t t t t t t '
07:27:26: INFO: test_env: For mutated code input:'{% for i in values recursive %}{{ ["t"] | random }}{{ ' ' }}{% endfor %}':mutated code output:'t t t t t t t t t t t t t t t t t t t t t t t t t t t t t t t t t t t t t t t t t t t '
07:27:26: INFO: test_env: for original code input:'{% for i in values|reverse %}"t"{%else%}"u"{% endfor %}':original code output:'"t"'
07:27:26: INFO: test_env: For mutated code input:'{% for i in values|reverse %}"t"{%else%}"u"{% endfor %}':mutated code output:'"t"'
07:27:27: INFO: test_env: for original code input:'{% for i in values|random %}{{ ["t"] | random }}{{ ' ' }}{% endfor %}':original code output:
07:27:27: INFO: test_env: For mutated code input:'{% for i in values|random %}{{ ["t"] | random }}{{ ' ' }}{% endfor %}':mutated code output:
07:27:27: INFO: test_env: for original code input:'{% for i in values|reverse %}{{ ["u"] | random }}{{ ' ' }}{% endfor %}':original code output:'u u u u u u u u u u u u u u u u u u u u u u u u u u u u u u u u u u u u u u u u u u u u u '
07:27:27: INFO: test_env: For mutated code input:'{% for i in values|reverse %}{{ ["u"] | random }}{{ ' ' }}{% endfor %}':mutated code output:'u u u u u u u u u u u u u u u u u u u u u u u u u u u u u u u u u u u u u u u u u u u u u '
07:27:27: INFO: test_env: for original code input:'{% for i in values recursive %}{{ ["t"] | random }}{{ ' ' }}{% endfor %}':original code output:'t t t t t t t t t t t t t t t t t t t t t t t t t t t t t t t t t t t t t t t t t t t t t t t '
07:27:27: INFO: test_env: For mutated code input:'{% for i in values recursive %}{{ ["t"] | random }}{{ ' ' }}{% endfor %}':mutated code output:
07:27:27: INFO: test_env: Mutant killed with'{% for i in values recursive %}{{ ["t"] | random }}{{ ' ' }}{% endfor %}'! Current mutant killed list:{2}
07:27:28: INFO: test_env: for original code input:'{% for i in values|reverse %}"t"{%else%}"u"{% endfor %}':original code output:'"t"'
07:27:28: INFO: test_env: For mutated code input:'{% for i in values|reverse %}"t"{%else%}"u"{% endfor %}':mutated code output:'"t"'
07:27:28: INFO: test_env: for original code input:'{% for i in values|reverse %}{{ loop.index0 }}:{{ i }}, {% endfor %}':original code output:'0:17, 1:16, 2:15, 3:14, 4:13, 5:12, 6:11, 7:10, 8:9, 9:8, 10:7, 11:6, 12:5, 13:4, 14:3, 15:2, 16:1, 17:0, '
07:27:28: INFO: test_env: For mutated code input:'{% for i in values|reverse %}{{ loop.index0 }}:{{ i }}, {% endfor %}':mutated code output:'0:17, 1:16, 2:15, 3:14, 4:13, 5:12, 6:11, 7:10, 8:9, 9:8, 10:7, 11:6, 12:5, 13:4, 14:3, 15:2, 16:1, 17:0, '
07:27:28: INFO: test_env: for original code input:'{% for i in values|random %}{{ ["t"] | random }}{{ ' ' }}{% endfor %}':original code output:
07:27:28: INFO: test_env: For mutated code input:'{% for i in values|random %}{{ ["t"] | random }}{{ ' ' }}{% endfor %}':mutated code output:
07:27:29: INFO: test_env: for original code input:'{% for i in values recursive %}{{ ["t"] | random }}{{ ' ' }}{% endfor %}':original code output:'t t t t t t t '
07:27:29: INFO: test_env: For mutated code input:'{% for i in values recursive %}{{ ["t"] | random }}{{ ' ' }}{% endfor %}':mutated code output:killed
killed

07:27:29: INFO: test_env: Mutant killed with'{% for i in values recursive %}{{ ["t"] | random }}{{ ' ' }}{% endfor %}'! Current mutant killed list:{2, 3}
07:27:29: INFO: test_env: for original code input:'{% for i in values|reverse %}{{ ["u"] | random }}{{ ' ' }}{% endfor %}':original code output:'u u u u u u u '
07:27:29: INFO: test_env: For mutated code input:'{% for i in values|reverse %}{{ ["u"] | random }}{{ ' ' }}{% endfor %}':mutated code output:'u u u u u u u '
07:27:29: INFO: test_env: for original code input:'{% for i in values|reverse %}"t"{%else%}"u"{% endfor %}':original code output:'"t""t""t""t""t""t""t""t""t""t""t""t""t""t""t""t""t""t""t""t""t""t""t""t""t""t""t""t""t""t""t""t""t""t""t""t""t""t""t""t""t""t"'
07:27:29: INFO: test_env: For mutated code input:'{% for i in values|reverse %}"t"{%else%}"u"{% endfor %}':mutated code output:
07:27:29: INFO: test_env: Mutant killed with'{% for i in values|reverse %}"t"{%else%}"u"{% endfor %}'! Current mutant killed list:{2, 3}
07:27:30: INFO: test_env: for original code input:'{% for i in values|random %}{{ ["t"] | random }}{{ ' ' }}{% endfor %}':original code output:
07:27:30: INFO: test_env: For mutated code input:'{% for i in values|random %}{{ ["t"] | random }}{{ ' ' }}{% endfor %}':mutated code output:killed
killed

07:27:30: INFO: test_env: Mutant killed with'{% for i in values|random %}{{ ["t"] | random }}{{ ' ' }}{% endfor %}'! Current mutant killed list:{2, 3}
07:27:30: INFO: test_env: for original code input:'{% for i in values|reverse %}{{ loop.index0 }}:{{ i }}, {% endfor %}':original code output:'0:14, 1:13, 2:12, 3:11, 4:10, 5:9, 6:8, 7:7, 8:6, 9:5, 10:4, 11:3, 12:2, 13:1, 14:0, '
07:27:30: INFO: test_env: For mutated code input:'{% for i in values|reverse %}{{ loop.index0 }}:{{ i }}, {% endfor %}':mutated code output:'0:14, 1:13, 2:12, 3:11, 4:10, 5:9, 6:8, 7:7, 8:6, 9:5, 10:4, 11:3, 12:2, 13:1, 14:0, '
07:27:30: INFO: test_env: for original code input:'{% for i in values|reverse %}{{ ["u"] | random }}{{ ' ' }}{% endfor %}':original code output:'u u u u u u u u u u u u u u u u u u u '
07:27:30: INFO: test_env: For mutated code input:'{% for i in values|reverse %}{{ ["u"] | random }}{{ ' ' }}{% endfor %}':mutated code output:
07:27:30: INFO: test_env: Mutant killed with'{% for i in values|reverse %}{{ ["u"] | random }}{{ ' ' }}{% endfor %}'! Current mutant killed list:{2, 3}
07:27:31: INFO: test_env: for original code input:'{% for i in values|reverse %}"t"{%else%}"u"{% endfor %}':original code output:'"t""t""t""t""t""t""t"'
07:27:31: INFO: test_env: For mutated code input:'{% for i in values|reverse %}"t"{%else%}"u"{% endfor %}':mutated code output:killed
killed

07:27:31: INFO: test_env: Mutant killed with'{% for i in values|reverse %}"t"{%else%}"u"{% endfor %}'! Current mutant killed list:{2, 3}
07:27:31: INFO: test_env: for original code input:'{% for i in values recursive %}{{ ["t"] | random }}{{ ' ' }}{% endfor %}':original code output:'t t t t t t t t t t t t t t t t t t t t t t t t t t t t t t t t t t t t t t t t t t t t t t t '
07:27:31: INFO: test_env: For mutated code input:'{% for i in values recursive %}{{ ["t"] | random }}{{ ' ' }}{% endfor %}':mutated code output:'t t t t t t t t t t t t t t t t t t t t t t t t t t t t t t t t t t t t t t t t t t t t t t t '
07:27:31: INFO: test_env: for original code input:'{% for i in values|reverse %}{{ loop.index0 }}:{{ i }}, {% endfor %}':original code output:'0:42, 1:41, 2:40, 3:39, 4:38, 5:37, 6:36, 7:35, 8:34, 9:33, 10:32, 11:31, 12:30, 13:29, 14:28, 15:27, 16:26, 17:25, 18:24, 19:23, 20:22, 21:21, 22:20, 23:19, 24:18, 25:17, 26:16, 27:15, 28:14, 29:13, 30:12, 31:11, 32:10, 33:9, 34:8, 35:7, 36:6, 37:5, 38:4, 39:3, 40:2, 41:1, 42:0, '
07:27:31: INFO: test_env: For mutated code input:'{% for i in values|reverse %}{{ loop.index0 }}:{{ i }}, {% endfor %}':mutated code output:
07:27:31: INFO: test_env: Mutant killed with'{% for i in values|reverse %}{{ loop.index0 }}:{{ i }}, {% endfor %}'! Current mutant killed list:{2, 3}
07:27:32: INFO: test_env: for original code input:'{% for i in values|reverse %}{{ ["u"] | random }}{{ ' ' }}{% endfor %}':original code output:'u u u u u u u u u u u u u u u u u u u u u u u u u u u u u u u u u u '
07:27:32: INFO: test_env: For mutated code input:'{% for i in values|reverse %}{{ ["u"] | random }}{{ ' ' }}{% endfor %}':mutated code output:killed
killed

07:27:32: INFO: test_env: Mutant killed with'{% for i in values|reverse %}{{ ["u"] | random }}{{ ' ' }}{% endfor %}'! Current mutant killed list:{2, 3}
07:27:32: INFO: test_env: for original code input:'{% for i in values|random %}{{ ["t"] | random }}{{ ' ' }}{% endfor %}':original code output:
07:27:32: INFO: test_env: For mutated code input:'{% for i in values|random %}{{ ["t"] | random }}{{ ' ' }}{% endfor %}':mutated code output:
07:27:33: INFO: test_env: for original code input:'{% for i in values|reverse %}{{ loop.index0 }}:{{ i }}, {% endfor %}':original code output:'0:38, 1:37, 2:36, 3:35, 4:34, 5:33, 6:32, 7:31, 8:30, 9:29, 10:28, 11:27, 12:26, 13:25, 14:24, 15:23, 16:22, 17:21, 18:20, 19:19, 20:18, 21:17, 22:16, 23:15, 24:14, 25:13, 26:12, 27:11, 28:10, 29:9, 30:8, 31:7, 32:6, 33:5, 34:4, 35:3, 36:2, 37:1, 38:0, '
07:27:33: INFO: test_env: For mutated code input:'{% for i in values|reverse %}{{ loop.index0 }}:{{ i }}, {% endfor %}':mutated code output:killed
killed

07:27:33: INFO: test_env: Mutant killed with'{% for i in values|reverse %}{{ loop.index0 }}:{{ i }}, {% endfor %}'! Current mutant killed list:{2, 3}
07:27:33: INFO: test_env: for original code input:'{% for i in values|reverse %}"t"{%else%}"u"{% endfor %}':original code output:'"t"'
07:27:33: INFO: test_env: For mutated code input:'{% for i in values|reverse %}"t"{%else%}"u"{% endfor %}':mutated code output:'"t"'
07:27:34: INFO: test_env: for original code input:'{% for i in values|reverse %}{{ ["u"] | random }}{{ ' ' }}{% endfor %}':original code output:'u u u u u u u u u u u u u u u u u u u u u u '
07:27:34: INFO: test_env: For mutated code input:'{% for i in values|reverse %}{{ ["u"] | random }}{{ ' ' }}{% endfor %}':mutated code output:'u u u u u u u u u u u u u u u u u u u u u u '
07:27:35: INFO: test_env: for original code input:'{% for i in values|reverse %}{{ loop.index0 }}:{{ i }}, {% endfor %}':original code output:'0:4, 1:3, 2:2, 3:1, 4:0, '
07:27:35: INFO: test_env: For mutated code input:'{% for i in values|reverse %}{{ loop.index0 }}:{{ i }}, {% endfor %}':mutated code output:'0:4, 1:3, 2:2, 3:1, 4:0, '
07:27:35: INFO: <module>: iteration log:{"'{% for i in values recursive %}{{ [\"t\"] | random }}{{ ' ' }}{% endfor %}'": [2, 828], "'{% for i in values|random %}{{ [\"t\"] | random }}{{ ' ' }}{% endfor %}'": [1, 937], "'{% for i in values|reverse %}\"t\"{%else%}\"u\"{% endfor %}'": [2, 780], "'{% for i in values|reverse %}{{ [\"u\"] | random }}{{ ' ' }}{% endfor %}'": [2, 829], "'{% for i in values|reverse %}{{ loop.index0 }}:{{ i }}, {% endfor %}'": [2, 854]}
07:27:35: INFO: <module>: for iteration:2:number of inputs:5
07:27:38: INFO: test_env: for original code input:'{% for i in values|reverse %}{{ loop.first }}:{{ i }}, {% endfor %}':original code output:'True:10, False:9, False:8, False:7, False:6, False:5, False:4, False:3, False:2, False:1, False:0, '
07:27:38: INFO: test_env: For mutated code input:'{% for i in values|reverse %}{{ loop.first }}:{{ i }}, {% endfor %}':mutated code output:'True:10, False:9, False:8, False:7, False:6, False:5, False:4, False:3, False:2, False:1, False:0, '
07:27:39: INFO: test_env: for original code input:'{% for i in values recursive %}{{ ["6"] | random }}{{ ' ' }}{% endfor %}':original code output:'6 6 6 6 6 6 6 6 6 6 6 6 6 6 6 6 6 6 6 6 6 6 6 6 6 6 6 6 6 6 6 6 6 6 6 6 6 6 6 6 6 6 6 6 6 '
07:27:39: INFO: test_env: For mutated code input:'{% for i in values recursive %}{{ ["6"] | random }}{{ ' ' }}{% endfor %}':mutated code output:'6 6 6 6 6 6 6 6 6 6 6 6 6 6 6 6 6 6 6 6 6 6 6 6 6 6 6 6 6 6 6 6 6 6 6 6 6 6 6 6 6 6 6 6 6 '
07:27:39: INFO: test_env: for original code input:'{% for i in values|reverse %}{{ loop.first }}:{{ i }}, {% endfor %}':original code output:'True:17, False:16, False:15, False:14, False:13, False:12, False:11, False:10, False:9, False:8, False:7, False:6, False:5, False:4, False:3, False:2, False:1, False:0, '
07:27:39: INFO: test_env: For mutated code input:'{% for i in values|reverse %}{{ loop.first }}:{{ i }}, {% endfor %}':mutated code output:'True:17, False:16, False:15, False:14, False:13, False:12, False:11, False:10, False:9, False:8, False:7, False:6, False:5, False:4, False:3, False:2, False:1, False:0, '
07:27:40: INFO: test_env: for original code input:'{% for i in values recursive %}{{ ["u"] | random }}{{ ' ' }}{% endfor %}':original code output:'u u u u u u u u u u u u u u u u u u u u u u u u u u u u u u u u u u u u u u u u u u u u u u '
07:27:40: INFO: test_env: For mutated code input:'{% for i in values recursive %}{{ ["u"] | random }}{{ ' ' }}{% endfor %}':mutated code output:'u u u u u u u u u u u u u u u u u u u u u u u u u u u u u u u u u u u u u u u u u u u u u u '
07:27:41: INFO: test_env: for original code input:'{% for i in values recursive %}{{ ["6"] | random }}{{ ' ' }}{% endfor %}':original code output:'6 6 6 6 6 6 6 6 6 6 6 6 6 6 6 6 6 6 6 6 6 6 '
07:27:41: INFO: test_env: For mutated code input:'{% for i in values recursive %}{{ ["6"] | random }}{{ ' ' }}{% endfor %}':mutated code output:'6 6 6 6 6 6 6 6 6 6 6 6 6 6 6 6 6 6 6 6 6 6 '
07:27:41: INFO: test_env: for original code input:'{% for i in values|random %}{{ ["t"] | random }}{{ ' ' }}{% endfor %}':original code output:
07:27:41: INFO: test_env: For mutated code input:'{% for i in values|random %}{{ ["t"] | random }}{{ ' ' }}{% endfor %}':mutated code output:
07:27:41: INFO: test_env: for original code input:'{% for i in values|reverse %}{{ loop.first }}:{{ i }}, {% endfor %}':original code output:'True:17, False:16, False:15, False:14, False:13, False:12, False:11, False:10, False:9, False:8, False:7, False:6, False:5, False:4, False:3, False:2, False:1, False:0, '
07:27:41: INFO: test_env: For mutated code input:'{% for i in values|reverse %}{{ loop.first }}:{{ i }}, {% endfor %}':mutated code output:'True:17, False:16, False:15, False:14, False:13, False:12, False:11, False:10, False:9, False:8, False:7, False:6, False:5, False:4, False:3, False:2, False:1, False:0, '
07:27:42: INFO: test_env: for original code input:'{% for i in values recursive %}{{ ["u"] | random }}{{ ' ' }}{% endfor %}':original code output:'u u u u u u u u u u u u u u u u u u u u u u u u u u u u u u u u u u u u u u u u '
07:27:42: INFO: test_env: For mutated code input:'{% for i in values recursive %}{{ ["u"] | random }}{{ ' ' }}{% endfor %}':mutated code output:'u u u u u u u u u u u u u u u u u u u u u u u u u u u u u u u u u u u u u u u u '
07:27:42: INFO: test_env: for original code input:'{% for i in values|reverse %}{{ loop.index0 }}:{{ i }}, {% endfor %}':original code output:'0:17, 1:16, 2:15, 3:14, 4:13, 5:12, 6:11, 7:10, 8:9, 9:8, 10:7, 11:6, 12:5, 13:4, 14:3, 15:2, 16:1, 17:0, '
07:27:42: INFO: test_env: For mutated code input:'{% for i in values|reverse %}{{ loop.index0 }}:{{ i }}, {% endfor %}':mutated code output:'0:17, 1:16, 2:15, 3:14, 4:13, 5:12, 6:11, 7:10, 8:9, 9:8, 10:7, 11:6, 12:5, 13:4, 14:3, 15:2, 16:1, 17:0, '
07:27:42: INFO: test_env: for original code input:'{% for i in values recursive %}{{ ["6"] | random }}{{ ' ' }}{% endfor %}':original code output:'6 6 6 6 6 6 6 6 '
07:27:42: INFO: test_env: For mutated code input:'{% for i in values recursive %}{{ ["6"] | random }}{{ ' ' }}{% endfor %}':mutated code output:'6 6 6 6 6 6 6 6 '
07:27:43: INFO: test_env: for original code input:'{% for i in values|random %}{{ ["t"] | random }}{{ ' ' }}{% endfor %}':original code output:
07:27:43: INFO: test_env: For mutated code input:'{% for i in values|random %}{{ ["t"] | random }}{{ ' ' }}{% endfor %}':mutated code output:
07:27:43: INFO: test_env: for original code input:'{% for i in values recursive %}{{ ["u"] | random }}{{ ' ' }}{% endfor %}':original code output:'u u u u u u u u u u u u u u u u u u u u '
07:27:43: INFO: test_env: For mutated code input:'{% for i in values recursive %}{{ ["u"] | random }}{{ ' ' }}{% endfor %}':mutated code output:'u u u u u u u u u u u u u u u u u u u u '
07:27:44: INFO: test_env: for original code input:'{% for i in values|reverse %}{{ loop.index0 }}:{{ i }}, {% endfor %}':original code output:'0:6, 1:5, 2:4, 3:3, 4:2, 5:1, 6:0, '
07:27:44: INFO: test_env: For mutated code input:'{% for i in values|reverse %}{{ loop.index0 }}:{{ i }}, {% endfor %}':mutated code output:'0:6, 1:5, 2:4, 3:3, 4:2, 5:1, 6:0, '
07:27:44: INFO: test_env: for original code input:'{% for i in values|random %}{{ ["t"] | random }}{{ ' ' }}{% endfor %}':original code output:
07:27:44: INFO: test_env: For mutated code input:'{% for i in values|random %}{{ ["t"] | random }}{{ ' ' }}{% endfor %}':mutated code output:
07:27:45: INFO: test_env: for original code input:'{% for i in values|reverse %}{{ loop.index0 }}:{{ i }}, {% endfor %}':original code output:''
07:27:45: INFO: test_env: For mutated code input:'{% for i in values|reverse %}{{ loop.index0 }}:{{ i }}, {% endfor %}':mutated code output:''
07:27:45: INFO: <module>: iteration log:{"'{% for i in values|reverse %}{{ loop.first }}:{{ i }}, {% endfor %}'": [0, 855], "'{% for i in values recursive %}{{ [\"6\"] | random }}{{ ' ' }}{% endfor %}'": [0, 828], "'{% for i in values recursive %}{{ [\"u\"] | random }}{{ ' ' }}{% endfor %}'": [0, 828], "'{% for i in values|random %}{{ [\"t\"] | random }}{{ ' ' }}{% endfor %}'": [0, 937], "'{% for i in values|reverse %}{{ loop.index0 }}:{{ i }}, {% endfor %}'": [0, 854]}
07:27:46: INFO: <module>: for iteration:3:number of inputs:5
07:27:48: INFO: test_env: for original code input:'{% for i in values|reverse %}{{ ["7"] | random }}{{ ' ' }}{% endfor %}':original code output:'7 7 7 7 7 7 7 7 '
07:27:48: INFO: test_env: For mutated code input:'{% for i in values|reverse %}{{ ["7"] | random }}{{ ' ' }}{% endfor %}':mutated code output:'7 7 7 7 7 7 7 7 '
07:27:49: INFO: test_env: for original code input:'{% for i in values|reverse %}{{ ["t"] | random }}{{ ' ' }}{% endfor %}':original code output:'t t t t t t t t t t t t t t t '
07:27:49: INFO: test_env: For mutated code input:'{% for i in values|reverse %}{{ ["t"] | random }}{{ ' ' }}{% endfor %}':mutated code output:'t t t t t t t t t t t t t t t '
07:27:50: INFO: test_env: for original code input:'{% for i in values|reverse %}{{ ["7"] | random }}{{ ' ' }}{% endfor %}':original code output:'7 7 7 7 '
07:27:50: INFO: test_env: For mutated code input:'{% for i in values|reverse %}{{ ["7"] | random }}{{ ' ' }}{% endfor %}':mutated code output:'7 7 7 7 '
07:27:50: INFO: test_env: for original code input:'{% for i in values recursive %}{{ loop.index0 }}:{{ i }}, {% endfor %}':original code output:'0:0, 1:1, 2:2, 3:3, 4:4, 5:5, 6:6, 7:7, 8:8, 9:9, 10:10, '
07:27:50: INFO: test_env: For mutated code input:'{% for i in values recursive %}{{ loop.index0 }}:{{ i }}, {% endfor %}':mutated code output:'0:0, 1:1, 2:2, 3:3, 4:4, 5:5, 6:6, 7:7, 8:8, 9:9, 10:10, '
07:27:51: INFO: test_env: for original code input:'{% for i in values|reverse %}{{ ["t"] | random }}{{ ' ' }}{% endfor %}':original code output:'t t t t t t t t t t t t t t t t t t t t t t t t t t t t t t t t t t t t t t t t t t '
07:27:51: INFO: test_env: For mutated code input:'{% for i in values|reverse %}{{ ["t"] | random }}{{ ' ' }}{% endfor %}':mutated code output:'t t t t t t t t t t t t t t t t t t t t t t t t t t t t t t t t t t t t t t t t t t '
07:27:51: INFO: test_env: for original code input:'{% for i in values|reverse %}{{ ["7"] | random }}{{ ' ' }}{% endfor %}':original code output:'7 7 7 7 7 7 7 7 7 7 7 7 7 7 7 7 7 7 7 7 7 7 7 7 7 7 7 7 7 7 7 7 7 7 7 7 7 7 7 7 '
07:27:51: INFO: test_env: For mutated code input:'{% for i in values|reverse %}{{ ["7"] | random }}{{ ' ' }}{% endfor %}':mutated code output:'7 7 7 7 7 7 7 7 7 7 7 7 7 7 7 7 7 7 7 7 7 7 7 7 7 7 7 7 7 7 7 7 7 7 7 7 7 7 7 7 '
07:27:51: INFO: test_env: for original code input:'{% for i in values recursive %}"2"{%else%}"u"{% endfor %}':original code output:
07:27:51: INFO: test_env: For mutated code input:'{% for i in values recursive %}"2"{%else%}"u"{% endfor %}':mutated code output:
07:27:52: INFO: test_env: for original code input:'{% for i in values recursive %}{{ loop.index0 }}:{{ i }}, {% endfor %}':original code output:'0:0, 1:1, 2:2, 3:3, 4:4, 5:5, 6:6, 7:7, 8:8, 9:9, 10:10, 11:11, '
07:27:52: INFO: test_env: For mutated code input:'{% for i in values recursive %}{{ loop.index0 }}:{{ i }}, {% endfor %}':mutated code output:'0:0, 1:1, 2:2, 3:3, 4:4, 5:5, 6:6, 7:7, 8:8, 9:9, 10:10, 11:11, '
07:27:52: INFO: test_env: for original code input:'{% for i in values|reverse %}{{ ["t"] | random }}{{ ' ' }}{% endfor %}':original code output:'t t t t t t t t t t t t t t t t t t t t t t t '
07:27:52: INFO: test_env: For mutated code input:'{% for i in values|reverse %}{{ ["t"] | random }}{{ ' ' }}{% endfor %}':mutated code output:'t t t t t t t t t t t t t t t t t t t t t t t '
07:27:53: INFO: test_env: for original code input:'{% for i in values|reverse %}{{ loop.index0 }}:{{ i }}, {% endfor %}':original code output:'0:38, 1:37, 2:36, 3:35, 4:34, 5:33, 6:32, 7:31, 8:30, 9:29, 10:28, 11:27, 12:26, 13:25, 14:24, 15:23, 16:22, 17:21, 18:20, 19:19, 20:18, 21:17, 22:16, 23:15, 24:14, 25:13, 26:12, 27:11, 28:10, 29:9, 30:8, 31:7, 32:6, 33:5, 34:4, 35:3, 36:2, 37:1, 38:0, '
07:27:53: INFO: test_env: For mutated code input:'{% for i in values|reverse %}{{ loop.index0 }}:{{ i }}, {% endfor %}':mutated code output:'0:38, 1:37, 2:36, 3:35, 4:34, 5:33, 6:32, 7:31, 8:30, 9:29, 10:28, 11:27, 12:26, 13:25, 14:24, 15:23, 16:22, 17:21, 18:20, 19:19, 20:18, 21:17, 22:16, 23:15, 24:14, 25:13, 26:12, 27:11, 28:10, 29:9, 30:8, 31:7, 32:6, 33:5, 34:4, 35:3, 36:2, 37:1, 38:0, '
07:27:53: INFO: test_env: for original code input:'{% for i in values recursive %}"2"{%else%}"u"{% endfor %}':original code output:
07:27:53: INFO: test_env: For mutated code input:'{% for i in values recursive %}"2"{%else%}"u"{% endfor %}':mutated code output:
07:27:53: INFO: test_env: for original code input:'{% for i in values recursive %}{{ loop.index0 }}:{{ i }}, {% endfor %}':original code output:'0:0, 1:1, 2:2, 3:3, 4:4, 5:5, 6:6, 7:7, 8:8, 9:9, 10:10, 11:11, 12:12, 13:13, 14:14, 15:15, 16:16, 17:17, 18:18, 19:19, 20:20, 21:21, 22:22, 23:23, 24:24, 25:25, 26:26, 27:27, 28:28, 29:29, 30:30, 31:31, 32:32, 33:33, 34:34, 35:35, 36:36, 37:37, 38:38, '
07:27:53: INFO: test_env: For mutated code input:'{% for i in values recursive %}{{ loop.index0 }}:{{ i }}, {% endfor %}':mutated code output:'0:0, 1:1, 2:2, 3:3, 4:4, 5:5, 6:6, 7:7, 8:8, 9:9, 10:10, 11:11, 12:12, 13:13, 14:14, 15:15, 16:16, 17:17, 18:18, 19:19, 20:20, 21:21, 22:22, 23:23, 24:24, 25:25, 26:26, 27:27, 28:28, 29:29, 30:30, 31:31, 32:32, 33:33, 34:34, 35:35, 36:36, 37:37, 38:38, '
07:27:54: INFO: test_env: for original code input:'{% for i in values|reverse %}{{ loop.index0 }}:{{ i }}, {% endfor %}':original code output:'0:37, 1:36, 2:35, 3:34, 4:33, 5:32, 6:31, 7:30, 8:29, 9:28, 10:27, 11:26, 12:25, 13:24, 14:23, 15:22, 16:21, 17:20, 18:19, 19:18, 20:17, 21:16, 22:15, 23:14, 24:13, 25:12, 26:11, 27:10, 28:9, 29:8, 30:7, 31:6, 32:5, 33:4, 34:3, 35:2, 36:1, 37:0, '
07:27:54: INFO: test_env: For mutated code input:'{% for i in values|reverse %}{{ loop.index0 }}:{{ i }}, {% endfor %}':mutated code output:'0:37, 1:36, 2:35, 3:34, 4:33, 5:32, 6:31, 7:30, 8:29, 9:28, 10:27, 11:26, 12:25, 13:24, 14:23, 15:22, 16:21, 17:20, 18:19, 19:18, 20:17, 21:16, 22:15, 23:14, 24:13, 25:12, 26:11, 27:10, 28:9, 29:8, 30:7, 31:6, 32:5, 33:4, 34:3, 35:2, 36:1, 37:0, '
07:27:54: INFO: test_env: for original code input:'{% for i in values recursive %}"2"{%else%}"u"{% endfor %}':original code output:
07:27:54: INFO: test_env: For mutated code input:'{% for i in values recursive %}"2"{%else%}"u"{% endfor %}':mutated code output:
07:27:56: INFO: test_env: for original code input:'{% for i in values|reverse %}{{ loop.index0 }}:{{ i }}, {% endfor %}':original code output:'0:48, 1:47, 2:46, 3:45, 4:44, 5:43, 6:42, 7:41, 8:40, 9:39, 10:38, 11:37, 12:36, 13:35, 14:34, 15:33, 16:32, 17:31, 18:30, 19:29, 20:28, 21:27, 22:26, 23:25, 24:24, 25:23, 26:22, 27:21, 28:20, 29:19, 30:18, 31:17, 32:16, 33:15, 34:14, 35:13, 36:12, 37:11, 38:10, 39:9, 40:8, 41:7, 42:6, 43:5, 44:4, 45:3, 46:2, 47:1, 48:0, '
07:27:56: INFO: test_env: For mutated code input:'{% for i in values|reverse %}{{ loop.index0 }}:{{ i }}, {% endfor %}':mutated code output:'0:48, 1:47, 2:46, 3:45, 4:44, 5:43, 6:42, 7:41, 8:40, 9:39, 10:38, 11:37, 12:36, 13:35, 14:34, 15:33, 16:32, 17:31, 18:30, 19:29, 20:28, 21:27, 22:26, 23:25, 24:24, 25:23, 26:22, 27:21, 28:20, 29:19, 30:18, 31:17, 32:16, 33:15, 34:14, 35:13, 36:12, 37:11, 38:10, 39:9, 40:8, 41:7, 42:6, 43:5, 44:4, 45:3, 46:2, 47:1, 48:0, '
07:27:56: INFO: <module>: iteration log:{"'{% for i in values|reverse %}{{ [\"7\"] | random }}{{ ' ' }}{% endfor %}'": [0, 829], "'{% for i in values|reverse %}{{ [\"t\"] | random }}{{ ' ' }}{% endfor %}'": [0, 829], "'{% for i in values recursive %}{{ loop.index0 }}:{{ i }}, {% endfor %}'": [0, 806], "'{% for i in values recursive %}\"2\"{%else%}\"u\"{% endfor %}'": [0, 743], "'{% for i in values|reverse %}{{ loop.index0 }}:{{ i }}, {% endfor %}'": [0, 854]}
07:27:56: INFO: <module>: for iteration:4:number of inputs:5
07:27:58: INFO: test_env: for original code input:'{% for i in values recursive %}{{ ["t"] | random }}{{ ' ' }}{% endfor %}':original code output:'t t t t t t t t t t t t t t t t t t t t t t t '
07:27:58: INFO: test_env: For mutated code input:'{% for i in values recursive %}{{ ["t"] | random }}{{ ' ' }}{% endfor %}':mutated code output:'t t t t t t t t t t t t t t t t t t t t t t t '
07:27:59: INFO: test_env: for original code input:'{% for i in values|reverse %}{{ ["7"] | random }}{{ ' ' }}{% endfor %}':original code output:''
07:27:59: INFO: test_env: For mutated code input:'{% for i in values|reverse %}{{ ["7"] | random }}{{ ' ' }}{% endfor %}':mutated code output:''
07:28:00: INFO: test_env: for original code input:'{% for i in values recursive %}{{ ["t"] | random }}{{ ' ' }}{% endfor %}':original code output:'t t t t t t t t t t t t t t t t t t t t t t t t t t t t t t t '
07:28:00: INFO: test_env: For mutated code input:'{% for i in values recursive %}{{ ["t"] | random }}{{ ' ' }}{% endfor %}':mutated code output:'t t t t t t t t t t t t t t t t t t t t t t t t t t t t t t t '
07:28:00: INFO: test_env: for original code input:'{% for i in values|reverse %}{{ ["t"] | random }}{{ ' ' }}{% endfor %}':original code output:'t t t t t t t t t t t t t t t t t t t t t t t t t t t t t t t t t t t t t t t t t t t t t t t '
07:28:00: INFO: test_env: For mutated code input:'{% for i in values|reverse %}{{ ["t"] | random }}{{ ' ' }}{% endfor %}':mutated code output:'t t t t t t t t t t t t t t t t t t t t t t t t t t t t t t t t t t t t t t t t t t t t t t t '
07:28:01: INFO: test_env: for original code input:'{% for i in values|reverse %}{{ ["7"] | random }}{{ ' ' }}{% endfor %}':original code output:''
07:28:01: INFO: test_env: For mutated code input:'{% for i in values|reverse %}{{ ["7"] | random }}{{ ' ' }}{% endfor %}':mutated code output:''
07:28:01: INFO: test_env: for original code input:'{% for i in values recursive %}{{ ["t"] | random }}{{ ' ' }}{% endfor %}':original code output:'t t t t t t t t t t t t t t t t t t t t t t '
07:28:01: INFO: test_env: For mutated code input:'{% for i in values recursive %}{{ ["t"] | random }}{{ ' ' }}{% endfor %}':mutated code output:'t t t t t t t t t t t t t t t t t t t t t t '
07:28:01: INFO: test_env: for original code input:'{% for i in values|random %}{{ loop.depth }}:{{ i }}, {% endfor %}':original code output:
07:28:01: INFO: test_env: For mutated code input:'{% for i in values|random %}{{ loop.depth }}:{{ i }}, {% endfor %}':mutated code output:
07:28:02: INFO: test_env: for original code input:'{% for i in values|reverse %}{{ ["t"] | random }}{{ ' ' }}{% endfor %}':original code output:'t '
07:28:02: INFO: test_env: For mutated code input:'{% for i in values|reverse %}{{ ["t"] | random }}{{ ' ' }}{% endfor %}':mutated code output:'t '
07:28:02: INFO: test_env: for original code input:'{% for i in values|reverse %}{{ ["7"] | random }}{{ ' ' }}{% endfor %}':original code output:'7 7 7 7 7 7 7 7 7 7 7 7 7 7 7 7 7 7 7 7 7 7 7 7 7 7 7 7 7 7 7 7 7 7 7 7 7 7 7 7 7 7 7 7 7 7 7 7 7 '
07:28:02: INFO: test_env: For mutated code input:'{% for i in values|reverse %}{{ ["7"] | random }}{{ ' ' }}{% endfor %}':mutated code output:'7 7 7 7 7 7 7 7 7 7 7 7 7 7 7 7 7 7 7 7 7 7 7 7 7 7 7 7 7 7 7 7 7 7 7 7 7 7 7 7 7 7 7 7 7 7 7 7 7 '
07:28:03: INFO: test_env: for original code input:'{% for i in values recursive %}{{ ["Y"] | random }}{{ ' ' }}{% endfor %}':original code output:'Y Y Y Y Y Y Y Y Y '
07:28:03: INFO: test_env: For mutated code input:'{% for i in values recursive %}{{ ["Y"] | random }}{{ ' ' }}{% endfor %}':mutated code output:'Y Y Y Y Y Y Y Y Y '
07:28:03: INFO: test_env: for original code input:'{% for i in values|random %}{{ loop.depth }}:{{ i }}, {% endfor %}':original code output:
07:28:03: INFO: test_env: For mutated code input:'{% for i in values|random %}{{ loop.depth }}:{{ i }}, {% endfor %}':mutated code output:
07:28:04: INFO: test_env: for original code input:'{% for i in values|reverse %}{{ ["t"] | random }}{{ ' ' }}{% endfor %}':original code output:'t t t t t t t t '
07:28:04: INFO: test_env: For mutated code input:'{% for i in values|reverse %}{{ ["t"] | random }}{{ ' ' }}{% endfor %}':mutated code output:'t t t t t t t t '
07:28:04: INFO: test_env: for original code input:'{% for i in values recursive %}{{ ["Y"] | random }}{{ ' ' }}{% endfor %}':original code output:'Y Y Y Y Y Y Y Y Y Y Y Y Y Y Y Y Y Y Y Y Y Y Y Y Y Y Y Y Y Y Y '
07:28:04: INFO: test_env: For mutated code input:'{% for i in values recursive %}{{ ["Y"] | random }}{{ ' ' }}{% endfor %}':mutated code output:'Y Y Y Y Y Y Y Y Y Y Y Y Y Y Y Y Y Y Y Y Y Y Y Y Y Y Y Y Y Y Y '
07:28:05: INFO: test_env: for original code input:'{% for i in values|random %}{{ loop.depth }}:{{ i }}, {% endfor %}':original code output:
07:28:05: INFO: test_env: For mutated code input:'{% for i in values|random %}{{ loop.depth }}:{{ i }}, {% endfor %}':mutated code output:
07:28:06: INFO: test_env: for original code input:'{% for i in values recursive %}{{ ["Y"] | random }}{{ ' ' }}{% endfor %}':original code output:'Y Y Y Y Y Y Y Y Y Y Y Y Y Y Y Y Y Y Y Y Y Y Y Y Y Y Y Y Y Y Y Y Y Y Y Y Y Y Y Y Y '
07:28:06: INFO: test_env: For mutated code input:'{% for i in values recursive %}{{ ["Y"] | random }}{{ ' ' }}{% endfor %}':mutated code output:'Y Y Y Y Y Y Y Y Y Y Y Y Y Y Y Y Y Y Y Y Y Y Y Y Y Y Y Y Y Y Y Y Y Y Y Y Y Y Y Y Y '
07:28:06: INFO: <module>: iteration log:{"'{% for i in values recursive %}{{ [\"t\"] | random }}{{ ' ' }}{% endfor %}'": [0, 828], "'{% for i in values|reverse %}{{ [\"7\"] | random }}{{ ' ' }}{% endfor %}'": [0, 829], "'{% for i in values|reverse %}{{ [\"t\"] | random }}{{ ' ' }}{% endfor %}'": [0, 829], "'{% for i in values|random %}{{ loop.depth }}:{{ i }}, {% endfor %}'": [0, 954], "'{% for i in values recursive %}{{ [\"Y\"] | random }}{{ ' ' }}{% endfor %}'": [0, 828]}
07:28:26: INFO: <module>: for iteration:5:number of inputs:5
07:28:28: INFO: test_env: for original code input:'{% for i in values recursive %}"z"{%else%}"S"{% endfor %}':original code output:
07:28:28: INFO: test_env: For mutated code input:'{% for i in values recursive %}"z"{%else%}"S"{% endfor %}':mutated code output:
07:28:29: INFO: test_env: for original code input:'{% for i in values|reverse %}{{ ["u"] | random }}{{ ' ' }}{% endfor %}':original code output:'u u u u u u u u u u u '
07:28:29: INFO: test_env: For mutated code input:'{% for i in values|reverse %}{{ ["u"] | random }}{{ ' ' }}{% endfor %}':mutated code output:'u u u u u u u u u u u '
07:28:30: INFO: test_env: for original code input:'{% for i in values recursive %}"z"{%else%}"S"{% endfor %}':original code output:
07:28:30: INFO: test_env: For mutated code input:'{% for i in values recursive %}"z"{%else%}"S"{% endfor %}':mutated code output:
07:28:31: INFO: test_env: for original code input:'{% for i in values|reverse %}{{ ["u"] | random }}{{ ' ' }}{% endfor %}':original code output:'u u u u u u u u u u u '
07:28:31: INFO: test_env: For mutated code input:'{% for i in values|reverse %}{{ ["u"] | random }}{{ ' ' }}{% endfor %}':mutated code output:'u u u u u u u u u u u '
07:28:31: INFO: test_env: for original code input:'{% for i in values %}{{ ["R","b","g","R","z","b","z","g","o","g","z","z","k","R","T","R","o","R","T","T","S","z","S","z","R","b","k","S","o","g","o","k","b","o","g","o","b","g","k","b","k","b","k","k","z","z","g","R","z","S","g","z","R","g","b","o","o","S","o","g","b","o","S","k","k","T","T","R","g","T","R","R","R","o","k","R","k","z","o","k","z","o","T","o","f","T","T","b","o","b","g","T","k","R","g","k","T","f","g","T","R","T","g","k","R","k","z","b","z","R","o","z","k","b","o","R","R","R","o","o","g","b","o","f","S","T","k","R","k","T","k","z","k","o","z","b","R","g","z","b","o","b","z","S","b","o","o","R","R","z","k","R","f","R","T","S","S","b","b","T","T","b","S","S","o","b","b","g","z","T","S","S","o","z","S","g","z","z","b","z","T","R","R","g","R","z","k","f","o","T","R","T","o","R","k","R","R","f","k","R","k","g","o","k","o","k","g","o","g","z","f","k","z","k","k","T","f","T","R","o","R","o","o","S","g","R","b","b","o","o","g","o"] | random }}{{ ' ' }}{% endfor %}':original code output:'b b b b b b b b b b b b b b b b b b b b b b b b b b b b b b b b b b b b b b b b '
07:28:31: INFO: test_env: For mutated code input:'{% for i in values %}{{ ["R","b","g","R","z","b","z","g","o","g","z","z","k","R","T","R","o","R","T","T","S","z","S","z","R","b","k","S","o","g","o","k","b","o","g","o","b","g","k","b","k","b","k","k","z","z","g","R","z","S","g","z","R","g","b","o","o","S","o","g","b","o","S","k","k","T","T","R","g","T","R","R","R","o","k","R","k","z","o","k","z","o","T","o","f","T","T","b","o","b","g","T","k","R","g","k","T","f","g","T","R","T","g","k","R","k","z","b","z","R","o","z","k","b","o","R","R","R","o","o","g","b","o","f","S","T","k","R","k","T","k","z","k","o","z","b","R","g","z","b","o","b","z","S","b","o","o","R","R","z","k","R","f","R","T","S","S","b","b","T","T","b","S","S","o","b","b","g","z","T","S","S","o","z","S","g","z","z","b","z","T","R","R","g","R","z","k","f","o","T","R","T","o","R","k","R","R","f","k","R","k","g","o","k","o","k","g","o","g","z","f","k","z","k","k","T","f","T","R","o","R","o","o","S","g","R","b","b","o","o","g","o"] | random }}{{ ' ' }}{% endfor %}':mutated code output:'b b b b b b b b b b b b b b b b b b b b b b b b b b b b b b b b b b b b b b b b '
07:28:31: INFO: test_env: for original code input:'{% for i in values recursive %}"z"{%else%}"S"{% endfor %}':original code output:
07:28:31: INFO: test_env: For mutated code input:'{% for i in values recursive %}"z"{%else%}"S"{% endfor %}':mutated code output:
07:28:32: INFO: test_env: for original code input:'{% for i in values|reverse %}{{ loop.index0 }}:{{ i }}, {% endfor %}':original code output:'0:45, 1:44, 2:43, 3:42, 4:41, 5:40, 6:39, 7:38, 8:37, 9:36, 10:35, 11:34, 12:33, 13:32, 14:31, 15:30, 16:29, 17:28, 18:27, 19:26, 20:25, 21:24, 22:23, 23:22, 24:21, 25:20, 26:19, 27:18, 28:17, 29:16, 30:15, 31:14, 32:13, 33:12, 34:11, 35:10, 36:9, 37:8, 38:7, 39:6, 40:5, 41:4, 42:3, 43:2, 44:1, 45:0, '
07:28:32: INFO: test_env: For mutated code input:'{% for i in values|reverse %}{{ loop.index0 }}:{{ i }}, {% endfor %}':mutated code output:'0:45, 1:44, 2:43, 3:42, 4:41, 5:40, 6:39, 7:38, 8:37, 9:36, 10:35, 11:34, 12:33, 13:32, 14:31, 15:30, 16:29, 17:28, 18:27, 19:26, 20:25, 21:24, 22:23, 23:22, 24:21, 25:20, 26:19, 27:18, 28:17, 29:16, 30:15, 31:14, 32:13, 33:12, 34:11, 35:10, 36:9, 37:8, 38:7, 39:6, 40:5, 41:4, 42:3, 43:2, 44:1, 45:0, '
07:28:33: INFO: test_env: for original code input:'{% for i in values|reverse %}{{ ["u"] | random }}{{ ' ' }}{% endfor %}':original code output:'u u u u u u u u u u u u u u u u u u u u u u u u u u u u u u u u u u u u u u u u u u u u u '
07:28:33: INFO: test_env: For mutated code input:'{% for i in values|reverse %}{{ ["u"] | random }}{{ ' ' }}{% endfor %}':mutated code output:'u u u u u u u u u u u u u u u u u u u u u u u u u u u u u u u u u u u u u u u u u u u u u '
07:28:33: INFO: test_env: for original code input:'{% for i in values %}{{ ["R","b","g","R","z","b","z","g","o","g","z","z","k","R","T","R","o","R","T","T","S","z","S","z","R","b","k","S","o","g","o","k","b","o","g","o","b","g","k","b","k","b","k","k","z","z","g","R","z","S","g","z","R","g","b","o","o","S","o","g","b","o","S","k","k","T","T","R","g","T","R","R","R","o","k","R","k","z","o","k","z","o","T","o","f","T","T","b","o","b","g","T","k","R","g","k","T","f","g","T","R","T","g","k","R","k","z","b","z","R","o","z","k","b","o","R","R","R","o","o","g","b","o","f","S","T","k","R","k","T","k","z","k","o","z","b","R","g","z","b","o","b","z","S","b","o","o","R","R","z","k","R","f","R","T","S","S","b","b","T","T","b","S","S","o","b","b","g","z","T","S","S","o","z","S","g","z","z","b","z","T","R","R","g","R","z","k","f","o","T","R","T","o","R","k","R","R","f","k","R","k","g","o","k","o","k","g","o","g","z","f","k","z","k","k","T","f","T","R","o","R","o","o","S","g","R","b","b","o","o","g","o"] | random }}{{ ' ' }}{% endfor %}':original code output:'b b b b b b b b b b b b b b b b b b b b b b b b b b b b b b b b b b b b b b b b b b b b b b b b b b '
07:28:33: INFO: test_env: For mutated code input:'{% for i in values %}{{ ["R","b","g","R","z","b","z","g","o","g","z","z","k","R","T","R","o","R","T","T","S","z","S","z","R","b","k","S","o","g","o","k","b","o","g","o","b","g","k","b","k","b","k","k","z","z","g","R","z","S","g","z","R","g","b","o","o","S","o","g","b","o","S","k","k","T","T","R","g","T","R","R","R","o","k","R","k","z","o","k","z","o","T","o","f","T","T","b","o","b","g","T","k","R","g","k","T","f","g","T","R","T","g","k","R","k","z","b","z","R","o","z","k","b","o","R","R","R","o","o","g","b","o","f","S","T","k","R","k","T","k","z","k","o","z","b","R","g","z","b","o","b","z","S","b","o","o","R","R","z","k","R","f","R","T","S","S","b","b","T","T","b","S","S","o","b","b","g","z","T","S","S","o","z","S","g","z","z","b","z","T","R","R","g","R","z","k","f","o","T","R","T","o","R","k","R","R","f","k","R","k","g","o","k","o","k","g","o","g","z","f","k","z","k","k","T","f","T","R","o","R","o","o","S","g","R","b","b","o","o","g","o"] | random }}{{ ' ' }}{% endfor %}':mutated code output:'b b b b b b b b b b b b b b b b b b b b b b b b b b b b b b b b b b b b b b b b b b b b b b b b b b '
07:28:33: INFO: test_env: for original code input:'{% for i in values %}{{ ["o","k","f","R","R","o","k","o","o","z","S","R","f"] | random }}{{ ' ' }}{% endfor %}':original code output:'o o o o o o o o o o o '
07:28:33: INFO: test_env: For mutated code input:'{% for i in values %}{{ ["o","k","f","R","R","o","k","o","o","z","S","R","f"] | random }}{{ ' ' }}{% endfor %}':mutated code output:'o o o o o o o o o o o '
07:28:34: INFO: test_env: for original code input:'{% for i in values|reverse %}{{ loop.index0 }}:{{ i }}, {% endfor %}':original code output:'0:39, 1:38, 2:37, 3:36, 4:35, 5:34, 6:33, 7:32, 8:31, 9:30, 10:29, 11:28, 12:27, 13:26, 14:25, 15:24, 16:23, 17:22, 18:21, 19:20, 20:19, 21:18, 22:17, 23:16, 24:15, 25:14, 26:13, 27:12, 28:11, 29:10, 30:9, 31:8, 32:7, 33:6, 34:5, 35:4, 36:3, 37:2, 38:1, 39:0, '
07:28:34: INFO: test_env: For mutated code input:'{% for i in values|reverse %}{{ loop.index0 }}:{{ i }}, {% endfor %}':mutated code output:'0:39, 1:38, 2:37, 3:36, 4:35, 5:34, 6:33, 7:32, 8:31, 9:30, 10:29, 11:28, 12:27, 13:26, 14:25, 15:24, 16:23, 17:22, 18:21, 19:20, 20:19, 21:18, 22:17, 23:16, 24:15, 25:14, 26:13, 27:12, 28:11, 29:10, 30:9, 31:8, 32:7, 33:6, 34:5, 35:4, 36:3, 37:2, 38:1, 39:0, '
07:28:34: INFO: test_env: for original code input:'{% for i in values %}{{ ["R","b","g","R","z","b","z","g","o","g","z","z","k","R","T","R","o","R","T","T","S","z","S","z","R","b","k","S","o","g","o","k","b","o","g","o","b","g","k","b","k","b","k","k","z","z","g","R","z","S","g","z","R","g","b","o","o","S","o","g","b","o","S","k","k","T","T","R","g","T","R","R","R","o","k","R","k","z","o","k","z","o","T","o","f","T","T","b","o","b","g","T","k","R","g","k","T","f","g","T","R","T","g","k","R","k","z","b","z","R","o","z","k","b","o","R","R","R","o","o","g","b","o","f","S","T","k","R","k","T","k","z","k","o","z","b","R","g","z","b","o","b","z","S","b","o","o","R","R","z","k","R","f","R","T","S","S","b","b","T","T","b","S","S","o","b","b","g","z","T","S","S","o","z","S","g","z","z","b","z","T","R","R","g","R","z","k","f","o","T","R","T","o","R","k","R","R","f","k","R","k","g","o","k","o","k","g","o","g","z","f","k","z","k","k","T","f","T","R","o","R","o","o","S","g","R","b","b","o","o","g","o"] | random }}{{ ' ' }}{% endfor %}':original code output:'b b b b b b b b b b b b b b b b b b b b '
07:28:34: INFO: test_env: For mutated code input:'{% for i in values %}{{ ["R","b","g","R","z","b","z","g","o","g","z","z","k","R","T","R","o","R","T","T","S","z","S","z","R","b","k","S","o","g","o","k","b","o","g","o","b","g","k","b","k","b","k","k","z","z","g","R","z","S","g","z","R","g","b","o","o","S","o","g","b","o","S","k","k","T","T","R","g","T","R","R","R","o","k","R","k","z","o","k","z","o","T","o","f","T","T","b","o","b","g","T","k","R","g","k","T","f","g","T","R","T","g","k","R","k","z","b","z","R","o","z","k","b","o","R","R","R","o","o","g","b","o","f","S","T","k","R","k","T","k","z","k","o","z","b","R","g","z","b","o","b","z","S","b","o","o","R","R","z","k","R","f","R","T","S","S","b","b","T","T","b","S","S","o","b","b","g","z","T","S","S","o","z","S","g","z","z","b","z","T","R","R","g","R","z","k","f","o","T","R","T","o","R","k","R","R","f","k","R","k","g","o","k","o","k","g","o","g","z","f","k","z","k","k","T","f","T","R","o","R","o","o","S","g","R","b","b","o","o","g","o"] | random }}{{ ' ' }}{% endfor %}':mutated code output:'b b b b b b b b b b b b b b b b b b b b '
07:28:35: INFO: test_env: for original code input:'{% for i in values %}{{ ["o","k","f","R","R","o","k","o","o","z","S","R","f"] | random }}{{ ' ' }}{% endfor %}':original code output:'o o o o o o o o o o o o o o o o o o '
07:28:35: INFO: test_env: For mutated code input:'{% for i in values %}{{ ["o","k","f","R","R","o","k","o","o","z","S","R","f"] | random }}{{ ' ' }}{% endfor %}':mutated code output:'o o o o o o o o o o o o o o o o o o '
07:28:35: INFO: test_env: for original code input:'{% for i in values|reverse %}{{ loop.index0 }}:{{ i }}, {% endfor %}':original code output:'0:19, 1:18, 2:17, 3:16, 4:15, 5:14, 6:13, 7:12, 8:11, 9:10, 10:9, 11:8, 12:7, 13:6, 14:5, 15:4, 16:3, 17:2, 18:1, 19:0, '
07:28:35: INFO: test_env: For mutated code input:'{% for i in values|reverse %}{{ loop.index0 }}:{{ i }}, {% endfor %}':mutated code output:'0:19, 1:18, 2:17, 3:16, 4:15, 5:14, 6:13, 7:12, 8:11, 9:10, 10:9, 11:8, 12:7, 13:6, 14:5, 15:4, 16:3, 17:2, 18:1, 19:0, '
07:28:37: INFO: test_env: for original code input:'{% for i in values %}{{ ["o","k","f","R","R","o","k","o","o","z","S","R","f"] | random }}{{ ' ' }}{% endfor %}':original code output:'o o o o o o o o o o o o o '
07:28:37: INFO: test_env: For mutated code input:'{% for i in values %}{{ ["o","k","f","R","R","o","k","o","o","z","S","R","f"] | random }}{{ ' ' }}{% endfor %}':mutated code output:'o o o o o o o o o o o o o '
07:28:37: INFO: <module>: iteration log:{"'{% for i in values recursive %}\"z\"{%else%}\"S\"{% endfor %}'": [0, 743], "'{% for i in values|reverse %}{{ [\"u\"] | random }}{{ ' ' }}{% endfor %}'": [0, 829], "'{% for i in values %}{{ [\"R\",\"b\",\"g\",\"R\",\"z\",\"b\",\"z\",\"g\",\"o\",\"g\",\"z\",\"z\",\"k\",\"R\",\"T\",\"R\",\"o\",\"R\",\"T\",\"T\",\"S\",\"z\",\"S\",\"z\",\"R\",\"b\",\"k\",\"S\",\"o\",\"g\",\"o\",\"k\",\"b\",\"o\",\"g\",\"o\",\"b\",\"g\",\"k\",\"b\",\"k\",\"b\",\"k\",\"k\",\"z\",\"z\",\"g\",\"R\",\"z\",\"S\",\"g\",\"z\",\"R\",\"g\",\"b\",\"o\",\"o\",\"S\",\"o\",\"g\",\"b\",\"o\",\"S\",\"k\",\"k\",\"T\",\"T\",\"R\",\"g\",\"T\",\"R\",\"R\",\"R\",\"o\",\"k\",\"R\",\"k\",\"z\",\"o\",\"k\",\"z\",\"o\",\"T\",\"o\",\"f\",\"T\",\"T\",\"b\",\"o\",\"b\",\"g\",\"T\",\"k\",\"R\",\"g\",\"k\",\"T\",\"f\",\"g\",\"T\",\"R\",\"T\",\"g\",\"k\",\"R\",\"k\",\"z\",\"b\",\"z\",\"R\",\"o\",\"z\",\"k\",\"b\",\"o\",\"R\",\"R\",\"R\",\"o\",\"o\",\"g\",\"b\",\"o\",\"f\",\"S\",\"T\",\"k\",\"R\",\"k\",\"T\",\"k\",\"z\",\"k\",\"o\",\"z\",\"b\",\"R\",\"g\",\"z\",\"b\",\"o\",\"b\",\"z\",\"S\",\"b\",\"o\",\"o\",\"R\",\"R\",\"z\",\"k\",\"R\",\"f\",\"R\",\"T\",\"S\",\"S\",\"b\",\"b\",\"T\",\"T\",\"b\",\"S\",\"S\",\"o\",\"b\",\"b\",\"g\",\"z\",\"T\",\"S\",\"S\",\"o\",\"z\",\"S\",\"g\",\"z\",\"z\",\"b\",\"z\",\"T\",\"R\",\"R\",\"g\",\"R\",\"z\",\"k\",\"f\",\"o\",\"T\",\"R\",\"T\",\"o\",\"R\",\"k\",\"R\",\"R\",\"f\",\"k\",\"R\",\"k\",\"g\",\"o\",\"k\",\"o\",\"k\",\"g\",\"o\",\"g\",\"z\",\"f\",\"k\",\"z\",\"k\",\"k\",\"T\",\"f\",\"T\",\"R\",\"o\",\"R\",\"o\",\"o\",\"S\",\"g\",\"R\",\"b\",\"b\",\"o\",\"o\",\"g\",\"o\"] | random }}{{ ' ' }}{% endfor %}'": [0, 780], "'{% for i in values|reverse %}{{ loop.index0 }}:{{ i }}, {% endfor %}'": [0, 854], "'{% for i in values %}{{ [\"o\",\"k\",\"f\",\"R\",\"R\",\"o\",\"k\",\"o\",\"o\",\"z\",\"S\",\"R\",\"f\"] | random }}{{ ' ' }}{% endfor %}'": [0, 780]}
07:28:37: INFO: <module>: global iteration stats:{"1": [3, 937], "2": [3, 937], "3": [3, 854], "4": [3, 954], "5": [3, 854]}
