07:15:51: INFO: <module>: for iteration:1:number of inputs:5
07:15:54: INFO: test_env: for original code input:'{% for i in values|reverse %}{{ ["u"] | random }}{{ ' ' }}{% endfor %}':original code output:'u u u u u u u u u u u u u u u u u u u u u u u u u u u u u '
07:15:54: INFO: test_env: For mutated code input:'{% for i in values|reverse %}{{ ["u"] | random }}{{ ' ' }}{% endfor %}':mutated code output:'u u u u u u u u u u u u u u u u u u u u u u u u u u u u u '
07:15:55: INFO: test_env: for original code input:'{% for i in values|random %}{{ ["t"] | random }}{{ ' ' }}{% endfor %}':original code output:
07:15:55: INFO: test_env: For mutated code input:'{% for i in values|random %}{{ ["t"] | random }}{{ ' ' }}{% endfor %}':mutated code output:
07:15:56: INFO: test_env: for original code input:'{% for i in values|reverse %}{{ ["u"] | random }}{{ ' ' }}{% endfor %}':original code output:'u u u u u u u u u u u u u u u u u u u u u u u u u u u u u u u u u u u u u u u u u u u '
07:15:56: INFO: test_env: For mutated code input:'{% for i in values|reverse %}{{ ["u"] | random }}{{ ' ' }}{% endfor %}':mutated code output:'u u u u u u u u u u u u u u u u u u u u u u u u u u u u u u u u u u u u u u u u u u u '
07:15:56: INFO: test_env: for original code input:'{% for i in values|reverse %}"t"{%else%}"u"{% endfor %}':original code output:'"t"'
07:15:56: INFO: test_env: For mutated code input:'{% for i in values|reverse %}"t"{%else%}"u"{% endfor %}':mutated code output:'"t"'
07:15:57: INFO: test_env: for original code input:'{% for i in values|random %}{{ ["t"] | random }}{{ ' ' }}{% endfor %}':original code output:
07:15:57: INFO: test_env: For mutated code input:'{% for i in values|random %}{{ ["t"] | random }}{{ ' ' }}{% endfor %}':mutated code output:
07:15:57: INFO: test_env: for original code input:'{% for i in values|reverse %}{{ loop.index0 }}:{{ i }}, {% endfor %}':original code output:'0:44, 1:43, 2:42, 3:41, 4:40, 5:39, 6:38, 7:37, 8:36, 9:35, 10:34, 11:33, 12:32, 13:31, 14:30, 15:29, 16:28, 17:27, 18:26, 19:25, 20:24, 21:23, 22:22, 23:21, 24:20, 25:19, 26:18, 27:17, 28:16, 29:15, 30:14, 31:13, 32:12, 33:11, 34:10, 35:9, 36:8, 37:7, 38:6, 39:5, 40:4, 41:3, 42:2, 43:1, 44:0, '
07:15:57: INFO: test_env: For mutated code input:'{% for i in values|reverse %}{{ loop.index0 }}:{{ i }}, {% endfor %}':mutated code output:'0:44, 1:43, 2:42, 3:41, 4:40, 5:39, 6:38, 7:37, 8:36, 9:35, 10:34, 11:33, 12:32, 13:31, 14:30, 15:29, 16:28, 17:27, 18:26, 19:25, 20:24, 21:23, 22:22, 23:21, 24:20, 25:19, 26:18, 27:17, 28:16, 29:15, 30:14, 31:13, 32:12, 33:11, 34:10, 35:9, 36:8, 37:7, 38:6, 39:5, 40:4, 41:3, 42:2, 43:1, 44:0, '
07:15:57: INFO: test_env: for original code input:'{% for i in values|reverse %}{{ ["u"] | random }}{{ ' ' }}{% endfor %}':original code output:'u u u u u u u u u u u u u u u u u u u u u u u u u u u u u u u u u u u u u u u u u u u u u u u '
07:15:57: INFO: test_env: For mutated code input:'{% for i in values|reverse %}{{ ["u"] | random }}{{ ' ' }}{% endfor %}':mutated code output:
07:15:57: INFO: test_env: Mutant killed with'{% for i in values|reverse %}{{ ["u"] | random }}{{ ' ' }}{% endfor %}'! Current mutant killed list:{2}
07:15:58: INFO: test_env: for original code input:'{% for i in values|reverse %}"t"{%else%}"u"{% endfor %}':original code output:'"t"'
07:15:58: INFO: test_env: For mutated code input:'{% for i in values|reverse %}"t"{%else%}"u"{% endfor %}':mutated code output:'"t"'
07:15:58: INFO: test_env: for original code input:'{% for i in values recursive %}{{ ["t"] | random }}{{ ' ' }}{% endfor %}':original code output:'t t t t t t t t t t t t t t t t t t '
07:15:58: INFO: test_env: For mutated code input:'{% for i in values recursive %}{{ ["t"] | random }}{{ ' ' }}{% endfor %}':mutated code output:'t t t t t t t t t t t t t t t t t t '
07:15:58: INFO: test_env: for original code input:'{% for i in values|random %}{{ ["t"] | random }}{{ ' ' }}{% endfor %}':original code output:
07:15:58: INFO: test_env: For mutated code input:'{% for i in values|random %}{{ ["t"] | random }}{{ ' ' }}{% endfor %}':mutated code output:
07:15:59: INFO: test_env: for original code input:'{% for i in values|reverse %}{{ loop.index0 }}:{{ i }}, {% endfor %}':original code output:'0:6, 1:5, 2:4, 3:3, 4:2, 5:1, 6:0, '
07:15:59: INFO: test_env: For mutated code input:'{% for i in values|reverse %}{{ loop.index0 }}:{{ i }}, {% endfor %}':mutated code output:'0:6, 1:5, 2:4, 3:3, 4:2, 5:1, 6:0, '
07:15:59: INFO: test_env: for original code input:'{% for i in values|reverse %}{{ ["u"] | random }}{{ ' ' }}{% endfor %}':original code output:'u u u u u u u '
07:15:59: INFO: test_env: For mutated code input:'{% for i in values|reverse %}{{ ["u"] | random }}{{ ' ' }}{% endfor %}':mutated code output:killed
killed

07:15:59: INFO: test_env: Mutant killed with'{% for i in values|reverse %}{{ ["u"] | random }}{{ ' ' }}{% endfor %}'! Current mutant killed list:{2, 3}
07:15:59: INFO: test_env: for original code input:'{% for i in values|reverse %}"t"{%else%}"u"{% endfor %}':original code output:'"t""t""t""t""t""t""t""t""t""t""t""t""t""t""t""t""t""t""t""t""t""t""t""t""t""t""t""t""t""t""t""t""t""t""t""t""t""t""t""t""t""t"'
07:15:59: INFO: test_env: For mutated code input:'{% for i in values|reverse %}"t"{%else%}"u"{% endfor %}':mutated code output:
07:15:59: INFO: test_env: Mutant killed with'{% for i in values|reverse %}"t"{%else%}"u"{% endfor %}'! Current mutant killed list:{2, 3}
07:16:00: INFO: test_env: for original code input:'{% for i in values|random %}{{ ["t"] | random }}{{ ' ' }}{% endfor %}':original code output:
07:16:00: INFO: test_env: For mutated code input:'{% for i in values|random %}{{ ["t"] | random }}{{ ' ' }}{% endfor %}':mutated code output:killed
killed

07:16:00: INFO: test_env: Mutant killed with'{% for i in values|random %}{{ ["t"] | random }}{{ ' ' }}{% endfor %}'! Current mutant killed list:{2, 3}
07:16:00: INFO: test_env: for original code input:'{% for i in values recursive %}{{ ["t"] | random }}{{ ' ' }}{% endfor %}':original code output:'t t t t t t t t t t t t t t t t t t t t t t '
07:16:00: INFO: test_env: For mutated code input:'{% for i in values recursive %}{{ ["t"] | random }}{{ ' ' }}{% endfor %}':mutated code output:'t t t t t t t t t t t t t t t t t t t t t t '
07:16:00: INFO: test_env: for original code input:'{% for i in values|reverse %}{{ loop.index0 }}:{{ i }}, {% endfor %}':original code output:'0:18, 1:17, 2:16, 3:15, 4:14, 5:13, 6:12, 7:11, 8:10, 9:9, 10:8, 11:7, 12:6, 13:5, 14:4, 15:3, 16:2, 17:1, 18:0, '
07:16:00: INFO: test_env: For mutated code input:'{% for i in values|reverse %}{{ loop.index0 }}:{{ i }}, {% endfor %}':mutated code output:
07:16:00: INFO: test_env: Mutant killed with'{% for i in values|reverse %}{{ loop.index0 }}:{{ i }}, {% endfor %}'! Current mutant killed list:{2, 3}
07:16:01: INFO: test_env: for original code input:'{% for i in values|reverse %}"t"{%else%}"u"{% endfor %}':original code output:'"t""t""t""t""t""t""t"'
07:16:01: INFO: test_env: For mutated code input:'{% for i in values|reverse %}"t"{%else%}"u"{% endfor %}':mutated code output:killed
killed

07:16:01: INFO: test_env: Mutant killed with'{% for i in values|reverse %}"t"{%else%}"u"{% endfor %}'! Current mutant killed list:{2, 3}
07:16:01: INFO: test_env: for original code input:'{% for i in values|reverse %}{{ ["u"] | random }}{{ ' ' }}{% endfor %}':original code output:'u u u u u u u u u u u u u u u u u u u u u u u u u u u u u u u u u u u u u u u u u u u u u u u '
07:16:01: INFO: test_env: For mutated code input:'{% for i in values|reverse %}{{ ["u"] | random }}{{ ' ' }}{% endfor %}':mutated code output:'u u u u u u u u u u u u u u u u u u u u u u u u u u u u u u u u u u u u u u u u u u u u u u u '
07:16:01: INFO: test_env: for original code input:'{% for i in values recursive %}{{ ["t"] | random }}{{ ' ' }}{% endfor %}':original code output:'t t t t t t t t t t t t t t t t t t t t t t t t t t t t t t t t t t t t t t t t t t t '
07:16:01: INFO: test_env: For mutated code input:'{% for i in values recursive %}{{ ["t"] | random }}{{ ' ' }}{% endfor %}':mutated code output:
07:16:01: INFO: test_env: Mutant killed with'{% for i in values recursive %}{{ ["t"] | random }}{{ ' ' }}{% endfor %}'! Current mutant killed list:{2, 3}
07:16:02: INFO: test_env: for original code input:'{% for i in values|reverse %}{{ loop.index0 }}:{{ i }}, {% endfor %}':original code output:'0:33, 1:32, 2:31, 3:30, 4:29, 5:28, 6:27, 7:26, 8:25, 9:24, 10:23, 11:22, 12:21, 13:20, 14:19, 15:18, 16:17, 17:16, 18:15, 19:14, 20:13, 21:12, 22:11, 23:10, 24:9, 25:8, 26:7, 27:6, 28:5, 29:4, 30:3, 31:2, 32:1, 33:0, '
07:16:02: INFO: test_env: For mutated code input:'{% for i in values|reverse %}{{ loop.index0 }}:{{ i }}, {% endfor %}':mutated code output:killed
killed

07:16:02: INFO: test_env: Mutant killed with'{% for i in values|reverse %}{{ loop.index0 }}:{{ i }}, {% endfor %}'! Current mutant killed list:{2, 3}
07:16:02: INFO: test_env: for original code input:'{% for i in values|random %}{{ ["t"] | random }}{{ ' ' }}{% endfor %}':original code output:
07:16:02: INFO: test_env: For mutated code input:'{% for i in values|random %}{{ ["t"] | random }}{{ ' ' }}{% endfor %}':mutated code output:
07:16:03: INFO: test_env: for original code input:'{% for i in values recursive %}{{ ["t"] | random }}{{ ' ' }}{% endfor %}':original code output:'t t t t t t t t t t t t t t t t t t t t t t t t t t t t t t t t t t t t t t t '
07:16:03: INFO: test_env: For mutated code input:'{% for i in values recursive %}{{ ["t"] | random }}{{ ' ' }}{% endfor %}':mutated code output:killed
killed

07:16:03: INFO: test_env: Mutant killed with'{% for i in values recursive %}{{ ["t"] | random }}{{ ' ' }}{% endfor %}'! Current mutant killed list:{2, 3}
07:16:03: INFO: test_env: for original code input:'{% for i in values|reverse %}"t"{%else%}"u"{% endfor %}':original code output:'"t"'
07:16:03: INFO: test_env: For mutated code input:'{% for i in values|reverse %}"t"{%else%}"u"{% endfor %}':mutated code output:'"t"'
07:16:04: INFO: test_env: for original code input:'{% for i in values|reverse %}{{ loop.index0 }}:{{ i }}, {% endfor %}':original code output:'0:21, 1:20, 2:19, 3:18, 4:17, 5:16, 6:15, 7:14, 8:13, 9:12, 10:11, 11:10, 12:9, 13:8, 14:7, 15:6, 16:5, 17:4, 18:3, 19:2, 20:1, 21:0, '
07:16:04: INFO: test_env: For mutated code input:'{% for i in values|reverse %}{{ loop.index0 }}:{{ i }}, {% endfor %}':mutated code output:'0:21, 1:20, 2:19, 3:18, 4:17, 5:16, 6:15, 7:14, 8:13, 9:12, 10:11, 11:10, 12:9, 13:8, 14:7, 15:6, 16:5, 17:4, 18:3, 19:2, 20:1, 21:0, '
07:16:05: INFO: test_env: for original code input:'{% for i in values recursive %}{{ ["t"] | random }}{{ ' ' }}{% endfor %}':original code output:'t t t t t '
07:16:05: INFO: test_env: For mutated code input:'{% for i in values recursive %}{{ ["t"] | random }}{{ ' ' }}{% endfor %}':mutated code output:'t t t t t '
07:16:05: INFO: <module>: iteration log:{"'{% for i in values|reverse %}{{ [\"u\"] | random }}{{ ' ' }}{% endfor %}'": [2, 829], "'{% for i in values|random %}{{ [\"t\"] | random }}{{ ' ' }}{% endfor %}'": [1, 937], "'{% for i in values|reverse %}\"t\"{%else%}\"u\"{% endfor %}'": [2, 780], "'{% for i in values|reverse %}{{ loop.index0 }}:{{ i }}, {% endfor %}'": [2, 854], "'{% for i in values recursive %}{{ [\"t\"] | random }}{{ ' ' }}{% endfor %}'": [2, 828]}
07:16:05: INFO: <module>: for iteration:2:number of inputs:6
07:16:08: INFO: test_env: for original code input:'{% for i in values|reverse %}{{ ["t"] | random }}{{ ' ' }}{% endfor %}':original code output:'t t t t t t t t t t t t t t t t t t t t t t t t t t t t t t t t t t t t t t t t t t t t t t '
07:16:08: INFO: test_env: For mutated code input:'{% for i in values|reverse %}{{ ["t"] | random }}{{ ' ' }}{% endfor %}':mutated code output:'t t t t t t t t t t t t t t t t t t t t t t t t t t t t t t t t t t t t t t t t t t t t t t '
07:16:09: INFO: test_env: for original code input:'{% for i in values recursive %}" "{%else%}"N"{% endfor %}':original code output:
07:16:09: INFO: test_env: For mutated code input:'{% for i in values recursive %}" "{%else%}"N"{% endfor %}':mutated code output:
07:16:09: INFO: test_env: for original code input:'{% for i in values|reverse %}{{ ["t"] | random }}{{ ' ' }}{% endfor %}':original code output:'t t t t t t t t t t t t t t t t t t t t t t t t t t t t t t t t t t t '
07:16:09: INFO: test_env: For mutated code input:'{% for i in values|reverse %}{{ ["t"] | random }}{{ ' ' }}{% endfor %}':mutated code output:'t t t t t t t t t t t t t t t t t t t t t t t t t t t t t t t t t t t '
07:16:10: INFO: test_env: for original code input:'{% for i in values %}{{ ["6"] | random }}{{ ' ' }}{% endfor %}':original code output:'6 6 6 6 6 6 6 6 6 6 6 6 6 6 6 6 6 6 6 6 '
07:16:10: INFO: test_env: For mutated code input:'{% for i in values %}{{ ["6"] | random }}{{ ' ' }}{% endfor %}':mutated code output:'6 6 6 6 6 6 6 6 6 6 6 6 6 6 6 6 6 6 6 6 '
07:16:10: INFO: test_env: for original code input:'{% for i in values recursive %}" "{%else%}"N"{% endfor %}':original code output:
07:16:10: INFO: test_env: For mutated code input:'{% for i in values recursive %}" "{%else%}"N"{% endfor %}':mutated code output:
07:16:11: INFO: test_env: for original code input:'{% for i in values|reverse %}{{ ["t"] | random }}{{ ' ' }}{% endfor %}':original code output:'t t t t t t t t t t t t t t t t t t t t t t t t t t t t '
07:16:11: INFO: test_env: For mutated code input:'{% for i in values|reverse %}{{ ["t"] | random }}{{ ' ' }}{% endfor %}':mutated code output:'t t t t t t t t t t t t t t t t t t t t t t t t t t t t '
07:16:11: INFO: test_env: for original code input:'{% for i in values|random %}{{ ["u"] | random }}{{ ' ' }}{% endfor %}':original code output:
07:16:11: INFO: test_env: For mutated code input:'{% for i in values|random %}{{ ["u"] | random }}{{ ' ' }}{% endfor %}':mutated code output:
07:16:12: INFO: test_env: for original code input:'{% for i in values %}{{ ["6"] | random }}{{ ' ' }}{% endfor %}':original code output:'6 6 6 6 6 6 6 6 6 6 6 6 6 6 6 6 6 6 6 6 6 6 6 6 6 6 6 6 6 6 6 6 6 6 6 6 6 6 6 6 6 6 6 6 6 '
07:16:12: INFO: test_env: For mutated code input:'{% for i in values %}{{ ["6"] | random }}{{ ' ' }}{% endfor %}':mutated code output:'6 6 6 6 6 6 6 6 6 6 6 6 6 6 6 6 6 6 6 6 6 6 6 6 6 6 6 6 6 6 6 6 6 6 6 6 6 6 6 6 6 6 6 6 6 '
07:16:12: INFO: test_env: for original code input:'{% for i in values recursive %}" "{%else%}"N"{% endfor %}':original code output:
07:16:12: INFO: test_env: For mutated code input:'{% for i in values recursive %}" "{%else%}"N"{% endfor %}':mutated code output:
07:16:12: INFO: test_env: for original code input:'{% for i in values|reverse %}{{ loop.index0 }}:{{ i }}, {% endfor %}':original code output:'0:38, 1:37, 2:36, 3:35, 4:34, 5:33, 6:32, 7:31, 8:30, 9:29, 10:28, 11:27, 12:26, 13:25, 14:24, 15:23, 16:22, 17:21, 18:20, 19:19, 20:18, 21:17, 22:16, 23:15, 24:14, 25:13, 26:12, 27:11, 28:10, 29:9, 30:8, 31:7, 32:6, 33:5, 34:4, 35:3, 36:2, 37:1, 38:0, '
07:16:12: INFO: test_env: For mutated code input:'{% for i in values|reverse %}{{ loop.index0 }}:{{ i }}, {% endfor %}':mutated code output:'0:38, 1:37, 2:36, 3:35, 4:34, 5:33, 6:32, 7:31, 8:30, 9:29, 10:28, 11:27, 12:26, 13:25, 14:24, 15:23, 16:22, 17:21, 18:20, 19:19, 20:18, 21:17, 22:16, 23:15, 24:14, 25:13, 26:12, 27:11, 28:10, 29:9, 30:8, 31:7, 32:6, 33:5, 34:4, 35:3, 36:2, 37:1, 38:0, '
07:16:13: INFO: test_env: for original code input:'{% for i in values|random %}{{ ["u"] | random }}{{ ' ' }}{% endfor %}':original code output:
07:16:13: INFO: test_env: For mutated code input:'{% for i in values|random %}{{ ["u"] | random }}{{ ' ' }}{% endfor %}':mutated code output:
07:16:13: INFO: test_env: for original code input:'{% for i in values %}{{ ["6"] | random }}{{ ' ' }}{% endfor %}':original code output:'6 6 6 6 6 6 6 6 6 6 6 6 6 6 6 6 6 6 6 '
07:16:13: INFO: test_env: For mutated code input:'{% for i in values %}{{ ["6"] | random }}{{ ' ' }}{% endfor %}':mutated code output:'6 6 6 6 6 6 6 6 6 6 6 6 6 6 6 6 6 6 6 '
07:16:13: INFO: test_env: for original code input:'{% for i in values recursive %}{{ loop.index0 }}:{{ i }}, {% endfor %}':original code output:'0:0, 1:1, 2:2, 3:3, 4:4, 5:5, '
07:16:13: INFO: test_env: For mutated code input:'{% for i in values recursive %}{{ loop.index0 }}:{{ i }}, {% endfor %}':mutated code output:'0:0, 1:1, 2:2, 3:3, 4:4, 5:5, '
07:16:14: INFO: test_env: for original code input:'{% for i in values|reverse %}{{ loop.index0 }}:{{ i }}, {% endfor %}':original code output:'0:47, 1:46, 2:45, 3:44, 4:43, 5:42, 6:41, 7:40, 8:39, 9:38, 10:37, 11:36, 12:35, 13:34, 14:33, 15:32, 16:31, 17:30, 18:29, 19:28, 20:27, 21:26, 22:25, 23:24, 24:23, 25:22, 26:21, 27:20, 28:19, 29:18, 30:17, 31:16, 32:15, 33:14, 34:13, 35:12, 36:11, 37:10, 38:9, 39:8, 40:7, 41:6, 42:5, 43:4, 44:3, 45:2, 46:1, 47:0, '
07:16:14: INFO: test_env: For mutated code input:'{% for i in values|reverse %}{{ loop.index0 }}:{{ i }}, {% endfor %}':mutated code output:'0:47, 1:46, 2:45, 3:44, 4:43, 5:42, 6:41, 7:40, 8:39, 9:38, 10:37, 11:36, 12:35, 13:34, 14:33, 15:32, 16:31, 17:30, 18:29, 19:28, 20:27, 21:26, 22:25, 23:24, 24:23, 25:22, 26:21, 27:20, 28:19, 29:18, 30:17, 31:16, 32:15, 33:14, 34:13, 35:12, 36:11, 37:10, 38:9, 39:8, 40:7, 41:6, 42:5, 43:4, 44:3, 45:2, 46:1, 47:0, '
07:16:14: INFO: test_env: for original code input:'{% for i in values|random %}{{ ["u"] | random }}{{ ' ' }}{% endfor %}':original code output:
07:16:14: INFO: test_env: For mutated code input:'{% for i in values|random %}{{ ["u"] | random }}{{ ' ' }}{% endfor %}':mutated code output:
07:16:15: INFO: test_env: for original code input:'{% for i in values recursive %}{{ loop.index0 }}:{{ i }}, {% endfor %}':original code output:'0:0, 1:1, 2:2, 3:3, 4:4, 5:5, 6:6, 7:7, 8:8, 9:9, 10:10, 11:11, 12:12, 13:13, 14:14, 15:15, 16:16, 17:17, 18:18, 19:19, 20:20, 21:21, 22:22, '
07:16:15: INFO: test_env: For mutated code input:'{% for i in values recursive %}{{ loop.index0 }}:{{ i }}, {% endfor %}':mutated code output:'0:0, 1:1, 2:2, 3:3, 4:4, 5:5, 6:6, 7:7, 8:8, 9:9, 10:10, 11:11, 12:12, 13:13, 14:14, 15:15, 16:16, 17:17, 18:18, 19:19, 20:20, 21:21, 22:22, '
07:16:15: INFO: test_env: for original code input:'{% for i in values|reverse %}{{ loop.index0 }}:{{ i }}, {% endfor %}':original code output:'0:34, 1:33, 2:32, 3:31, 4:30, 5:29, 6:28, 7:27, 8:26, 9:25, 10:24, 11:23, 12:22, 13:21, 14:20, 15:19, 16:18, 17:17, 18:16, 19:15, 20:14, 21:13, 22:12, 23:11, 24:10, 25:9, 26:8, 27:7, 28:6, 29:5, 30:4, 31:3, 32:2, 33:1, 34:0, '
07:16:15: INFO: test_env: For mutated code input:'{% for i in values|reverse %}{{ loop.index0 }}:{{ i }}, {% endfor %}':mutated code output:'0:34, 1:33, 2:32, 3:31, 4:30, 5:29, 6:28, 7:27, 8:26, 9:25, 10:24, 11:23, 12:22, 13:21, 14:20, 15:19, 16:18, 17:17, 18:16, 19:15, 20:14, 21:13, 22:12, 23:11, 24:10, 25:9, 26:8, 27:7, 28:6, 29:5, 30:4, 31:3, 32:2, 33:1, 34:0, '
07:16:16: INFO: test_env: for original code input:'{% for i in values recursive %}{{ loop.index0 }}:{{ i }}, {% endfor %}':original code output:'0:0, 1:1, 2:2, 3:3, 4:4, 5:5, 6:6, 7:7, 8:8, 9:9, 10:10, 11:11, 12:12, 13:13, 14:14, 15:15, 16:16, 17:17, 18:18, 19:19, 20:20, 21:21, 22:22, 23:23, 24:24, 25:25, 26:26, 27:27, 28:28, 29:29, 30:30, 31:31, 32:32, 33:33, 34:34, 35:35, 36:36, 37:37, 38:38, 39:39, 40:40, 41:41, 42:42, 43:43, 44:44, 45:45, 46:46, 47:47, 48:48, 49:49, '
07:16:16: INFO: test_env: For mutated code input:'{% for i in values recursive %}{{ loop.index0 }}:{{ i }}, {% endfor %}':mutated code output:'0:0, 1:1, 2:2, 3:3, 4:4, 5:5, 6:6, 7:7, 8:8, 9:9, 10:10, 11:11, 12:12, 13:13, 14:14, 15:15, 16:16, 17:17, 18:18, 19:19, 20:20, 21:21, 22:22, 23:23, 24:24, 25:25, 26:26, 27:27, 28:28, 29:29, 30:30, 31:31, 32:32, 33:33, 34:34, 35:35, 36:36, 37:37, 38:38, 39:39, 40:40, 41:41, 42:42, 43:43, 44:44, 45:45, 46:46, 47:47, 48:48, 49:49, '
07:16:16: INFO: <module>: iteration log:{"'{% for i in values|reverse %}{{ [\"t\"] | random }}{{ ' ' }}{% endfor %}'": [0, 829], "'{% for i in values recursive %}\" \"{%else%}\"N\"{% endfor %}'": [0, 743], "'{% for i in values %}{{ [\"6\"] | random }}{{ ' ' }}{% endfor %}'": [0, 779], "'{% for i in values|random %}{{ [\"u\"] | random }}{{ ' ' }}{% endfor %}'": [0, 937], "'{% for i in values|reverse %}{{ loop.index0 }}:{{ i }}, {% endfor %}'": [0, 854], "'{% for i in values recursive %}{{ loop.index0 }}:{{ i }}, {% endfor %}'": [0, 806]}
07:16:16: INFO: <module>: for iteration:3:number of inputs:6
07:16:19: INFO: test_env: for original code input:'{% for i in values %}"f"{%else%}"z"{% endfor %}':original code output:'"f""f""f""f""f""f""f""f""f""f""f""f""f""f""f""f""f""f""f""f""f""f""f""f"'
07:16:19: INFO: test_env: For mutated code input:'{% for i in values %}"f"{%else%}"z"{% endfor %}':mutated code output:'"f""f""f""f""f""f""f""f""f""f""f""f""f""f""f""f""f""f""f""f""f""f""f""f"'
07:16:20: INFO: test_env: for original code input:'{% for i in values|random %}{{ loop.index0 }}:{{ i }}, {% endfor %}':original code output:
07:16:20: INFO: test_env: For mutated code input:'{% for i in values|random %}{{ loop.index0 }}:{{ i }}, {% endfor %}':mutated code output:
07:16:21: INFO: test_env: for original code input:'{% for i in values %}"f"{%else%}"z"{% endfor %}':original code output:'"f""f""f""f""f""f""f""f""f""f""f""f""f""f""f""f""f""f""f""f""f""f""f""f""f""f""f""f""f""f""f""f""f""f""f""f""f""f""f"'
07:16:21: INFO: test_env: For mutated code input:'{% for i in values %}"f"{%else%}"z"{% endfor %}':mutated code output:'"f""f""f""f""f""f""f""f""f""f""f""f""f""f""f""f""f""f""f""f""f""f""f""f""f""f""f""f""f""f""f""f""f""f""f""f""f""f""f"'
07:16:21: INFO: test_env: for original code input:'{% for i in values|random %}{{ ["t"] | random }}{{ ' ' }}{% endfor %}':original code output:
07:16:21: INFO: test_env: For mutated code input:'{% for i in values|random %}{{ ["t"] | random }}{{ ' ' }}{% endfor %}':mutated code output:
07:16:22: INFO: test_env: for original code input:'{% for i in values|random %}{{ loop.index0 }}:{{ i }}, {% endfor %}':original code output:
07:16:22: INFO: test_env: For mutated code input:'{% for i in values|random %}{{ loop.index0 }}:{{ i }}, {% endfor %}':mutated code output:
07:16:22: INFO: test_env: for original code input:'{% for i in values %}"f"{%else%}"z"{% endfor %}':original code output:'"f""f""f""f""f""f""f""f""f""f""f"'
07:16:22: INFO: test_env: For mutated code input:'{% for i in values %}"f"{%else%}"z"{% endfor %}':mutated code output:'"f""f""f""f""f""f""f""f""f""f""f"'
07:16:22: INFO: test_env: for original code input:'{% for i in values|reverse %}{{ loop.index0 }}:{{ i }}, {% endfor %}':original code output:'0:7, 1:6, 2:5, 3:4, 4:3, 5:2, 6:1, 7:0, '
07:16:22: INFO: test_env: For mutated code input:'{% for i in values|reverse %}{{ loop.index0 }}:{{ i }}, {% endfor %}':mutated code output:'0:7, 1:6, 2:5, 3:4, 4:3, 5:2, 6:1, 7:0, '
07:16:23: INFO: test_env: for original code input:'{% for i in values|random %}{{ ["t"] | random }}{{ ' ' }}{% endfor %}':original code output:
07:16:23: INFO: test_env: For mutated code input:'{% for i in values|random %}{{ ["t"] | random }}{{ ' ' }}{% endfor %}':mutated code output:
07:16:23: INFO: test_env: for original code input:'{% for i in values|random %}{{ loop.index0 }}:{{ i }}, {% endfor %}':original code output:
07:16:23: INFO: test_env: For mutated code input:'{% for i in values|random %}{{ loop.index0 }}:{{ i }}, {% endfor %}':mutated code output:
07:16:23: INFO: test_env: for original code input:'{% for i in values recursive %}{{ ["o","b","o","z","T","k"] | random }}{{ ' ' }}{% endfor %}':original code output:'o o o o o o o o o o o o o o o o o o o o o o o o o o o o o o o o '
07:16:23: INFO: test_env: For mutated code input:'{% for i in values recursive %}{{ ["o","b","o","z","T","k"] | random }}{{ ' ' }}{% endfor %}':mutated code output:'o o o o o o o o o o o o o o o o o o o o o o o o o o o o o o o o '
07:16:24: INFO: test_env: for original code input:'{% for i in values|reverse %}{{ loop.index0 }}:{{ i }}, {% endfor %}':original code output:'0:2, 1:1, 2:0, '
07:16:24: INFO: test_env: For mutated code input:'{% for i in values|reverse %}{{ loop.index0 }}:{{ i }}, {% endfor %}':mutated code output:'0:2, 1:1, 2:0, '
07:16:24: INFO: test_env: for original code input:'{% for i in values|random %}{{ ["t"] | random }}{{ ' ' }}{% endfor %}':original code output:
07:16:24: INFO: test_env: For mutated code input:'{% for i in values|random %}{{ ["t"] | random }}{{ ' ' }}{% endfor %}':mutated code output:
07:16:25: INFO: test_env: for original code input:'{% for i in values|reverse %}{{ ["R","T","f","o","o","g","o","k","z","g","k","g","R","R","o","g","o","f","g","k","k","T","f","T","b","o","z","b","g","z","z","k","R","T","o","g","R","T","S","k","S","S","g","k","S","o","T","o","z","b","b","R","k"] | random }}{{ ' ' }}{% endfor %}':original code output:'T T T T T T T T T T T T T '
07:16:25: INFO: test_env: For mutated code input:'{% for i in values|reverse %}{{ ["R","T","f","o","o","g","o","k","z","g","k","g","R","R","o","g","o","f","g","k","k","T","f","T","b","o","z","b","g","z","z","k","R","T","o","g","R","T","S","k","S","S","g","k","S","o","T","o","z","b","b","R","k"] | random }}{{ ' ' }}{% endfor %}':mutated code output:'T T T T T T T T T T T T T '
07:16:25: INFO: test_env: for original code input:'{% for i in values recursive %}{{ ["o","b","o","z","T","k"] | random }}{{ ' ' }}{% endfor %}':original code output:'o o o o o o o o o o o '
07:16:25: INFO: test_env: For mutated code input:'{% for i in values recursive %}{{ ["o","b","o","z","T","k"] | random }}{{ ' ' }}{% endfor %}':mutated code output:'o o o o o o o o o o o '
07:16:25: INFO: test_env: for original code input:'{% for i in values|reverse %}{{ loop.index0 }}:{{ i }}, {% endfor %}':original code output:'0:27, 1:26, 2:25, 3:24, 4:23, 5:22, 6:21, 7:20, 8:19, 9:18, 10:17, 11:16, 12:15, 13:14, 14:13, 15:12, 16:11, 17:10, 18:9, 19:8, 20:7, 21:6, 22:5, 23:4, 24:3, 25:2, 26:1, 27:0, '
07:16:25: INFO: test_env: For mutated code input:'{% for i in values|reverse %}{{ loop.index0 }}:{{ i }}, {% endfor %}':mutated code output:'0:27, 1:26, 2:25, 3:24, 4:23, 5:22, 6:21, 7:20, 8:19, 9:18, 10:17, 11:16, 12:15, 13:14, 14:13, 15:12, 16:11, 17:10, 18:9, 19:8, 20:7, 21:6, 22:5, 23:4, 24:3, 25:2, 26:1, 27:0, '
07:16:26: INFO: test_env: for original code input:'{% for i in values|reverse %}{{ ["R","T","f","o","o","g","o","k","z","g","k","g","R","R","o","g","o","f","g","k","k","T","f","T","b","o","z","b","g","z","z","k","R","T","o","g","R","T","S","k","S","S","g","k","S","o","T","o","z","b","b","R","k"] | random }}{{ ' ' }}{% endfor %}':original code output:'T T T T T T T T T T T T T T T T T T T T T T T T T T T T T T T T T T T T '
07:16:26: INFO: test_env: For mutated code input:'{% for i in values|reverse %}{{ ["R","T","f","o","o","g","o","k","z","g","k","g","R","R","o","g","o","f","g","k","k","T","f","T","b","o","z","b","g","z","z","k","R","T","o","g","R","T","S","k","S","S","g","k","S","o","T","o","z","b","b","R","k"] | random }}{{ ' ' }}{% endfor %}':mutated code output:'T T T T T T T T T T T T T T T T T T T T T T T T T T T T T T T T T T T T '
07:16:26: INFO: test_env: for original code input:'{% for i in values recursive %}{{ ["o","b","o","z","T","k"] | random }}{{ ' ' }}{% endfor %}':original code output:'o o o o o o o o o o o o o o o o o o o o o o o '
07:16:26: INFO: test_env: For mutated code input:'{% for i in values recursive %}{{ ["o","b","o","z","T","k"] | random }}{{ ' ' }}{% endfor %}':mutated code output:'o o o o o o o o o o o o o o o o o o o o o o o '
07:16:28: INFO: test_env: for original code input:'{% for i in values|reverse %}{{ ["R","T","f","o","o","g","o","k","z","g","k","g","R","R","o","g","o","f","g","k","k","T","f","T","b","o","z","b","g","z","z","k","R","T","o","g","R","T","S","k","S","S","g","k","S","o","T","o","z","b","b","R","k"] | random }}{{ ' ' }}{% endfor %}':original code output:'T T T T T T T T T T T T T T T T T T T T T T T T T T T '
07:16:28: INFO: test_env: For mutated code input:'{% for i in values|reverse %}{{ ["R","T","f","o","o","g","o","k","z","g","k","g","R","R","o","g","o","f","g","k","k","T","f","T","b","o","z","b","g","z","z","k","R","T","o","g","R","T","S","k","S","S","g","k","S","o","T","o","z","b","b","R","k"] | random }}{{ ' ' }}{% endfor %}':mutated code output:'T T T T T T T T T T T T T T T T T T T T T T T T T T T '
07:16:28: INFO: <module>: iteration log:{"'{% for i in values %}\"f\"{%else%}\"z\"{% endfor %}'": [0, 698], "'{% for i in values|random %}{{ loop.index0 }}:{{ i }}, {% endfor %}'": [0, 954], "'{% for i in values|random %}{{ [\"t\"] | random }}{{ ' ' }}{% endfor %}'": [0, 937], "'{% for i in values|reverse %}{{ loop.index0 }}:{{ i }}, {% endfor %}'": [0, 854], "'{% for i in values recursive %}{{ [\"o\",\"b\",\"o\",\"z\",\"T\",\"k\"] | random }}{{ ' ' }}{% endfor %}'": [0, 829], "'{% for i in values|reverse %}{{ [\"R\",\"T\",\"f\",\"o\",\"o\",\"g\",\"o\",\"k\",\"z\",\"g\",\"k\",\"g\",\"R\",\"R\",\"o\",\"g\",\"o\",\"f\",\"g\",\"k\",\"k\",\"T\",\"f\",\"T\",\"b\",\"o\",\"z\",\"b\",\"g\",\"z\",\"z\",\"k\",\"R\",\"T\",\"o\",\"g\",\"R\",\"T\",\"S\",\"k\",\"S\",\"S\",\"g\",\"k\",\"S\",\"o\",\"T\",\"o\",\"z\",\"b\",\"b\",\"R\",\"k\"] | random }}{{ ' ' }}{% endfor %}'": [0, 830]}
07:16:28: INFO: <module>: for iteration:4:number of inputs:5
07:16:30: INFO: test_env: for original code input:'{% for i in values|reverse %}{{ ["t"] | random }}{{ ' ' }}{% endfor %}':original code output:'t t t t t t t t t t t t t t t t t t '
07:16:30: INFO: test_env: For mutated code input:'{% for i in values|reverse %}{{ ["t"] | random }}{{ ' ' }}{% endfor %}':mutated code output:'t t t t t t t t t t t t t t t t t t '
07:16:32: INFO: test_env: for original code input:'{% for i in values recursive %}{{ loop.index }}:{{ i }}, {% endfor %}':original code output:'1:0, 2:1, 3:2, 4:3, 5:4, 6:5, 7:6, 8:7, 9:8, 10:9, 11:10, 12:11, '
07:16:32: INFO: test_env: For mutated code input:'{% for i in values recursive %}{{ loop.index }}:{{ i }}, {% endfor %}':mutated code output:'1:0, 2:1, 3:2, 4:3, 5:4, 6:5, 7:6, 8:7, 9:8, 10:9, 11:10, 12:11, '
07:16:32: INFO: test_env: for original code input:'{% for i in values|reverse %}{{ ["t"] | random }}{{ ' ' }}{% endfor %}':original code output:'t t t t t t t t t t t t t t t t t t t t t '
07:16:32: INFO: test_env: For mutated code input:'{% for i in values|reverse %}{{ ["t"] | random }}{{ ' ' }}{% endfor %}':mutated code output:'t t t t t t t t t t t t t t t t t t t t t '
07:16:33: INFO: test_env: for original code input:'{% for i in values|reverse %}{{ loop.index }}:{{ i }}, {% endfor %}':original code output:'1:19, 2:18, 3:17, 4:16, 5:15, 6:14, 7:13, 8:12, 9:11, 10:10, 11:9, 12:8, 13:7, 14:6, 15:5, 16:4, 17:3, 18:2, 19:1, 20:0, '
07:16:33: INFO: test_env: For mutated code input:'{% for i in values|reverse %}{{ loop.index }}:{{ i }}, {% endfor %}':mutated code output:'1:19, 2:18, 3:17, 4:16, 5:15, 6:14, 7:13, 8:12, 9:11, 10:10, 11:9, 12:8, 13:7, 14:6, 15:5, 16:4, 17:3, 18:2, 19:1, 20:0, '
07:16:33: INFO: test_env: for original code input:'{% for i in values recursive %}{{ loop.index }}:{{ i }}, {% endfor %}':original code output:'1:0, 2:1, 3:2, 4:3, 5:4, 6:5, 7:6, 8:7, 9:8, 10:9, 11:10, 12:11, 13:12, 14:13, 15:14, 16:15, 17:16, 18:17, 19:18, 20:19, 21:20, '
07:16:33: INFO: test_env: For mutated code input:'{% for i in values recursive %}{{ loop.index }}:{{ i }}, {% endfor %}':mutated code output:'1:0, 2:1, 3:2, 4:3, 5:4, 6:5, 7:6, 8:7, 9:8, 10:9, 11:10, 12:11, 13:12, 14:13, 15:14, 16:15, 17:16, 18:17, 19:18, 20:19, 21:20, '
07:16:34: INFO: test_env: for original code input:'{% for i in values|reverse %}{{ ["t"] | random }}{{ ' ' }}{% endfor %}':original code output:'t t t t t t t t t t t '
07:16:34: INFO: test_env: For mutated code input:'{% for i in values|reverse %}{{ ["t"] | random }}{{ ' ' }}{% endfor %}':mutated code output:'t t t t t t t t t t t '
07:16:34: INFO: test_env: for original code input:'{% for i in values|reverse %}{{ ["u"] | random }}{{ ' ' }}{% endfor %}':original code output:'u u u u u u u u u u u u u u u u u u u u u u u '
07:16:34: INFO: test_env: For mutated code input:'{% for i in values|reverse %}{{ ["u"] | random }}{{ ' ' }}{% endfor %}':mutated code output:'u u u u u u u u u u u u u u u u u u u u u u u '
07:16:34: INFO: test_env: for original code input:'{% for i in values|reverse %}{{ loop.index }}:{{ i }}, {% endfor %}':original code output:'1:9, 2:8, 3:7, 4:6, 5:5, 6:4, 7:3, 8:2, 9:1, 10:0, '
07:16:34: INFO: test_env: For mutated code input:'{% for i in values|reverse %}{{ loop.index }}:{{ i }}, {% endfor %}':mutated code output:'1:9, 2:8, 3:7, 4:6, 5:5, 6:4, 7:3, 8:2, 9:1, 10:0, '
07:16:35: INFO: test_env: for original code input:'{% for i in values recursive %}{{ loop.index }}:{{ i }}, {% endfor %}':original code output:'1:0, 2:1, 3:2, '
07:16:35: INFO: test_env: For mutated code input:'{% for i in values recursive %}{{ loop.index }}:{{ i }}, {% endfor %}':mutated code output:'1:0, 2:1, 3:2, '
07:16:35: INFO: test_env: for original code input:'{% for i in values|reverse %}"t"{%else%}"t"{% endfor %}':original code output:'"t""t""t""t""t""t""t""t""t""t""t""t""t""t""t""t""t""t""t""t""t""t""t""t""t""t""t""t""t""t"'
07:16:35: INFO: test_env: For mutated code input:'{% for i in values|reverse %}"t"{%else%}"t"{% endfor %}':mutated code output:'"t""t""t""t""t""t""t""t""t""t""t""t""t""t""t""t""t""t""t""t""t""t""t""t""t""t""t""t""t""t"'
07:16:35: INFO: test_env: for original code input:'{% for i in values|reverse %}{{ ["u"] | random }}{{ ' ' }}{% endfor %}':original code output:'u '
07:16:35: INFO: test_env: For mutated code input:'{% for i in values|reverse %}{{ ["u"] | random }}{{ ' ' }}{% endfor %}':mutated code output:'u '
07:16:36: INFO: test_env: for original code input:'{% for i in values|reverse %}{{ loop.index }}:{{ i }}, {% endfor %}':original code output:'1:28, 2:27, 3:26, 4:25, 5:24, 6:23, 7:22, 8:21, 9:20, 10:19, 11:18, 12:17, 13:16, 14:15, 15:14, 16:13, 17:12, 18:11, 19:10, 20:9, 21:8, 22:7, 23:6, 24:5, 25:4, 26:3, 27:2, 28:1, 29:0, '
07:16:36: INFO: test_env: For mutated code input:'{% for i in values|reverse %}{{ loop.index }}:{{ i }}, {% endfor %}':mutated code output:'1:28, 2:27, 3:26, 4:25, 5:24, 6:23, 7:22, 8:21, 9:20, 10:19, 11:18, 12:17, 13:16, 14:15, 15:14, 16:13, 17:12, 18:11, 19:10, 20:9, 21:8, 22:7, 23:6, 24:5, 25:4, 26:3, 27:2, 28:1, 29:0, '
07:16:36: INFO: test_env: for original code input:'{% for i in values|reverse %}"t"{%else%}"t"{% endfor %}':original code output:'"t""t""t""t""t""t""t""t""t""t""t""t""t""t""t""t""t""t""t""t""t""t""t""t""t""t""t""t""t""t""t""t""t""t""t""t""t""t""t""t""t""t""t""t""t""t""t""t""t""t"'
07:16:36: INFO: test_env: For mutated code input:'{% for i in values|reverse %}"t"{%else%}"t"{% endfor %}':mutated code output:'"t""t""t""t""t""t""t""t""t""t""t""t""t""t""t""t""t""t""t""t""t""t""t""t""t""t""t""t""t""t""t""t""t""t""t""t""t""t""t""t""t""t""t""t""t""t""t""t""t""t"'
07:16:37: INFO: test_env: for original code input:'{% for i in values|reverse %}{{ ["u"] | random }}{{ ' ' }}{% endfor %}':original code output:'u u u u u u u u u u u u u u u u u u u u u '
07:16:37: INFO: test_env: For mutated code input:'{% for i in values|reverse %}{{ ["u"] | random }}{{ ' ' }}{% endfor %}':mutated code output:'u u u u u u u u u u u u u u u u u u u u u '
07:16:38: INFO: test_env: for original code input:'{% for i in values|reverse %}"t"{%else%}"t"{% endfor %}':original code output:'"t""t""t""t""t""t""t""t""t""t""t""t""t""t""t""t""t""t""t""t""t""t""t""t""t""t"'
07:16:38: INFO: test_env: For mutated code input:'{% for i in values|reverse %}"t"{%else%}"t"{% endfor %}':mutated code output:'"t""t""t""t""t""t""t""t""t""t""t""t""t""t""t""t""t""t""t""t""t""t""t""t""t""t"'
07:16:38: INFO: <module>: iteration log:{"'{% for i in values|reverse %}{{ [\"t\"] | random }}{{ ' ' }}{% endfor %}'": [0, 829], "'{% for i in values recursive %}{{ loop.index }}:{{ i }}, {% endfor %}'": [0, 807], "'{% for i in values|reverse %}{{ loop.index }}:{{ i }}, {% endfor %}'": [0, 855], "'{% for i in values|reverse %}{{ [\"u\"] | random }}{{ ' ' }}{% endfor %}'": [0, 829], "'{% for i in values|reverse %}\"t\"{%else%}\"t\"{% endfor %}'": [0, 780]}
07:16:38: INFO: <module>: for iteration:5:number of inputs:6
07:16:41: INFO: test_env: for original code input:'{% for i in values|reverse %}{{ ["t"] | random }}{{ ' ' }}{% endfor %}':original code output:'t t t t t t t t t t t t t t t '
07:16:41: INFO: test_env: For mutated code input:'{% for i in values|reverse %}{{ ["t"] | random }}{{ ' ' }}{% endfor %}':mutated code output:'t t t t t t t t t t t t t t t '
07:16:42: INFO: test_env: for original code input:'{% for i in values recursive %}{{ ["R"] | random }}{{ ' ' }}{% endfor %}':original code output:'R R R R R R R R R R R R R R R R R '
07:16:42: INFO: test_env: For mutated code input:'{% for i in values recursive %}{{ ["R"] | random }}{{ ' ' }}{% endfor %}':mutated code output:'R R R R R R R R R R R R R R R R R '
07:16:42: INFO: test_env: for original code input:'{% for i in values|reverse %}{{ ["t"] | random }}{{ ' ' }}{% endfor %}':original code output:'t t t t t t t t '
07:16:42: INFO: test_env: For mutated code input:'{% for i in values|reverse %}{{ ["t"] | random }}{{ ' ' }}{% endfor %}':mutated code output:'t t t t t t t t '
07:16:43: INFO: test_env: for original code input:'{% for i in values recursive %}{{ ["u"] | random }}{{ ' ' }}{% endfor %}':original code output:'u u u u u u u u u u u u u u u u u u u u u u u u u u u u u u u u '
07:16:43: INFO: test_env: For mutated code input:'{% for i in values recursive %}{{ ["u"] | random }}{{ ' ' }}{% endfor %}':mutated code output:'u u u u u u u u u u u u u u u u u u u u u u u u u u u u u u u u '
07:16:43: INFO: test_env: for original code input:'{% for i in values recursive %}{{ ["R"] | random }}{{ ' ' }}{% endfor %}':original code output:'R R R R R R R R R R R R R R R R R R R R R R R R R R R '
07:16:43: INFO: test_env: For mutated code input:'{% for i in values recursive %}{{ ["R"] | random }}{{ ' ' }}{% endfor %}':mutated code output:'R R R R R R R R R R R R R R R R R R R R R R R R R R R '
07:16:44: INFO: test_env: for original code input:'{% for i in values|reverse %}{{ ["t"] | random }}{{ ' ' }}{% endfor %}':original code output:'t t t t t t t t t t t t t t t t t t t t '
07:16:44: INFO: test_env: For mutated code input:'{% for i in values|reverse %}{{ ["t"] | random }}{{ ' ' }}{% endfor %}':mutated code output:'t t t t t t t t t t t t t t t t t t t t '
07:16:44: INFO: test_env: for original code input:'{% for i in values|reverse %}"o"{%else%}"z"{% endfor %}':original code output:'"o""o""o""o"'
07:16:44: INFO: test_env: For mutated code input:'{% for i in values|reverse %}"o"{%else%}"z"{% endfor %}':mutated code output:'"o""o""o""o"'
07:16:44: INFO: test_env: for original code input:'{% for i in values recursive %}{{ ["u"] | random }}{{ ' ' }}{% endfor %}':original code output:'u u u u u u u u u u u u '
07:16:44: INFO: test_env: For mutated code input:'{% for i in values recursive %}{{ ["u"] | random }}{{ ' ' }}{% endfor %}':mutated code output:'u u u u u u u u u u u u '
07:16:45: INFO: test_env: for original code input:'{% for i in values recursive %}{{ ["R"] | random }}{{ ' ' }}{% endfor %}':original code output:'R R R R R R R R R R R R R R R R R R R R R R R R R R R R R R R R R R R R R R R R R R R '
07:16:45: INFO: test_env: For mutated code input:'{% for i in values recursive %}{{ ["R"] | random }}{{ ' ' }}{% endfor %}':mutated code output:'R R R R R R R R R R R R R R R R R R R R R R R R R R R R R R R R R R R R R R R R R R R '
07:16:45: INFO: test_env: for original code input:'{% for i in values|random %}"A"{%else%}"l"{% endfor %}':original code output:
07:16:45: INFO: test_env: For mutated code input:'{% for i in values|random %}"A"{%else%}"l"{% endfor %}':mutated code output:
07:16:45: INFO: test_env: for original code input:'{% for i in values|reverse %}"o"{%else%}"z"{% endfor %}':original code output:'"o""o""o""o""o""o""o""o""o""o""o""o""o""o""o""o""o""o""o""o""o""o""o""o""o""o""o""o""o""o""o""o"'
07:16:45: INFO: test_env: For mutated code input:'{% for i in values|reverse %}"o"{%else%}"z"{% endfor %}':mutated code output:'"o""o""o""o""o""o""o""o""o""o""o""o""o""o""o""o""o""o""o""o""o""o""o""o""o""o""o""o""o""o""o""o"'
07:16:46: INFO: test_env: for original code input:'{% for i in values recursive %}{{ ["u"] | random }}{{ ' ' }}{% endfor %}':original code output:'u u u u u u u u u u u u u u u u u u u u u u u u u u u u u u u u u u u u u u u u u u u u u '
07:16:46: INFO: test_env: For mutated code input:'{% for i in values recursive %}{{ ["u"] | random }}{{ ' ' }}{% endfor %}':mutated code output:'u u u u u u u u u u u u u u u u u u u u u u u u u u u u u u u u u u u u u u u u u u u u u '
07:16:46: INFO: test_env: for original code input:'{% for i in values recursive %}{{ loop.index0 }}:{{ i }}, {% endfor %}':original code output:'0:0, 1:1, 2:2, 3:3, 4:4, 5:5, 6:6, 7:7, 8:8, 9:9, 10:10, 11:11, 12:12, 13:13, 14:14, 15:15, 16:16, 17:17, 18:18, 19:19, 20:20, 21:21, 22:22, 23:23, 24:24, 25:25, 26:26, 27:27, 28:28, 29:29, 30:30, 31:31, 32:32, 33:33, 34:34, 35:35, 36:36, 37:37, 38:38, 39:39, 40:40, '
07:16:46: INFO: test_env: For mutated code input:'{% for i in values recursive %}{{ loop.index0 }}:{{ i }}, {% endfor %}':mutated code output:'0:0, 1:1, 2:2, 3:3, 4:4, 5:5, 6:6, 7:7, 8:8, 9:9, 10:10, 11:11, 12:12, 13:13, 14:14, 15:15, 16:16, 17:17, 18:18, 19:19, 20:20, 21:21, 22:22, 23:23, 24:24, 25:25, 26:26, 27:27, 28:28, 29:29, 30:30, 31:31, 32:32, 33:33, 34:34, 35:35, 36:36, 37:37, 38:38, 39:39, 40:40, '
07:16:46: INFO: test_env: for original code input:'{% for i in values|random %}"A"{%else%}"l"{% endfor %}':original code output:
07:16:46: INFO: test_env: For mutated code input:'{% for i in values|random %}"A"{%else%}"l"{% endfor %}':mutated code output:
07:16:47: INFO: test_env: for original code input:'{% for i in values|reverse %}"o"{%else%}"z"{% endfor %}':original code output:'"o""o""o""o""o""o""o""o""o""o""o""o""o""o""o""o""o""o""o""o""o""o""o""o""o""o""o""o""o"'
07:16:47: INFO: test_env: For mutated code input:'{% for i in values|reverse %}"o"{%else%}"z"{% endfor %}':mutated code output:'"o""o""o""o""o""o""o""o""o""o""o""o""o""o""o""o""o""o""o""o""o""o""o""o""o""o""o""o""o"'
07:16:47: INFO: test_env: for original code input:'{% for i in values recursive %}{{ loop.index0 }}:{{ i }}, {% endfor %}':original code output:'0:0, 1:1, 2:2, 3:3, 4:4, 5:5, 6:6, 7:7, 8:8, 9:9, 10:10, 11:11, 12:12, 13:13, 14:14, 15:15, 16:16, 17:17, 18:18, 19:19, 20:20, 21:21, 22:22, 23:23, 24:24, 25:25, 26:26, 27:27, '
07:16:47: INFO: test_env: For mutated code input:'{% for i in values recursive %}{{ loop.index0 }}:{{ i }}, {% endfor %}':mutated code output:'0:0, 1:1, 2:2, 3:3, 4:4, 5:5, 6:6, 7:7, 8:8, 9:9, 10:10, 11:11, 12:12, 13:13, 14:14, 15:15, 16:16, 17:17, 18:18, 19:19, 20:20, 21:21, 22:22, 23:23, 24:24, 25:25, 26:26, 27:27, '
07:16:48: INFO: test_env: for original code input:'{% for i in values|random %}"A"{%else%}"l"{% endfor %}':original code output:
07:16:48: INFO: test_env: For mutated code input:'{% for i in values|random %}"A"{%else%}"l"{% endfor %}':mutated code output:
07:16:49: INFO: test_env: for original code input:'{% for i in values recursive %}{{ loop.index0 }}:{{ i }}, {% endfor %}':original code output:'0:0, 1:1, 2:2, 3:3, 4:4, 5:5, 6:6, 7:7, 8:8, 9:9, 10:10, 11:11, 12:12, 13:13, 14:14, 15:15, 16:16, 17:17, 18:18, 19:19, 20:20, 21:21, 22:22, 23:23, 24:24, 25:25, 26:26, 27:27, 28:28, 29:29, 30:30, 31:31, 32:32, 33:33, 34:34, 35:35, 36:36, 37:37, 38:38, 39:39, 40:40, 41:41, '
07:16:49: INFO: test_env: For mutated code input:'{% for i in values recursive %}{{ loop.index0 }}:{{ i }}, {% endfor %}':mutated code output:'0:0, 1:1, 2:2, 3:3, 4:4, 5:5, 6:6, 7:7, 8:8, 9:9, 10:10, 11:11, 12:12, 13:13, 14:14, 15:15, 16:16, 17:17, 18:18, 19:19, 20:20, 21:21, 22:22, 23:23, 24:24, 25:25, 26:26, 27:27, 28:28, 29:29, 30:30, 31:31, 32:32, 33:33, 34:34, 35:35, 36:36, 37:37, 38:38, 39:39, 40:40, 41:41, '
07:16:49: INFO: <module>: iteration log:{"'{% for i in values|reverse %}{{ [\"t\"] | random }}{{ ' ' }}{% endfor %}'": [0, 829], "'{% for i in values recursive %}{{ [\"R\"] | random }}{{ ' ' }}{% endfor %}'": [0, 828], "'{% for i in values recursive %}{{ [\"u\"] | random }}{{ ' ' }}{% endfor %}'": [0, 828], "'{% for i in values|reverse %}\"o\"{%else%}\"z\"{% endfor %}'": [0, 780], "'{% for i in values|random %}\"A\"{%else%}\"l\"{% endfor %}'": [0, 895], "'{% for i in values recursive %}{{ loop.index0 }}:{{ i }}, {% endfor %}'": [0, 806]}
07:16:49: INFO: <module>: global iteration stats:{"1": [3, 937], "2": [3, 937], "3": [3, 954], "4": [3, 855], "5": [3, 895]}
