11:35:08: INFO: <module>: for iteration:1:number of inputs:10
11:35:14: INFO: test_env: for original code input:<!DOCTYPE html><body>T80</body>:original code output:T80
11:35:14: INFO: test_env: For mutated code input:<!DOCTYPE html><body>T80</body>:mutated code output:T80
11:35:17: INFO: test_env: for original code input:<!DOCTYPE html><body>1w4<br>L</body>:original code output:1w4<br>L
11:35:17: INFO: test_env: For mutated code input:<!DOCTYPE html><body>1w4<br>L</body>:mutated code output:1w4<br>L
11:35:17: INFO: test_env: for original code input:<!DOCTYPE html><body>T80</body>:original code output:T80
11:35:17: INFO: test_env: For mutated code input:<!DOCTYPE html><body>T80</body>:mutated code output:T80
11:35:21: INFO: test_env: for original code input:<!DOCTYPE html><body>MSMVvW</body>:original code output:MSMVvW
11:35:21: INFO: test_env: For mutated code input:<!DOCTYPE html><body>MSMVvW</body>:mutated code output:MSMVvW
11:35:21: INFO: test_env: for original code input:<!DOCTYPE html><body>T80</body>:original code output:T80
11:35:21: INFO: test_env: For mutated code input:<!DOCTYPE html><body>T80</body>:mutated code output:T80
11:35:21: INFO: test_env: for original code input:<!DOCTYPE html><body>1w4<br>L</body>:original code output:1w4<br>L
11:35:21: INFO: test_env: For mutated code input:<!DOCTYPE html><body>1w4<br>L</body>:mutated code output:1w4<br>L
11:35:24: INFO: test_env: for original code input:<!DOCTYPE html><body>zz</body>:original code output:zz
11:35:24: INFO: test_env: For mutated code input:<!DOCTYPE html><body>zz</body>:mutated code output:zz
11:35:24: INFO: test_env: for original code input:<!DOCTYPE html><body>MSMVvW</body>:original code output:MSMVvW
11:35:24: INFO: test_env: For mutated code input:<!DOCTYPE html><body>MSMVvW</body>:mutated code output:MSMVvW
11:35:24: INFO: test_env: for original code input:<!DOCTYPE html><body>1w4<br>L</body>:original code output:1w4<br>L
11:35:24: INFO: test_env: For mutated code input:<!DOCTYPE html><body>1w4<br>L</body>:mutated code output:1w4<br>L
11:35:24: INFO: test_env: for original code input:<!DOCTYPE html><body>T80</body>:original code output:T80
11:35:24: INFO: test_env: For mutated code input:<!DOCTYPE html><body>T80</body>:mutated code output:T80
11:35:27: INFO: test_env: for original code input:<!DOCTYPE html><body>MSMVvW</body>:original code output:MSMVvW
11:35:27: INFO: test_env: For mutated code input:<!DOCTYPE html><body>MSMVvW</body>:mutated code output:MSMVvW
11:35:27: INFO: test_env: for original code input:<!DOCTYPE html><body>Gg</body>:original code output:Gg
11:35:27: INFO: test_env: For mutated code input:<!DOCTYPE html><body>Gg</body>:mutated code output:Gg
11:35:27: INFO: test_env: for original code input:<!DOCTYPE html><body>zz</body>:original code output:zz
11:35:27: INFO: test_env: For mutated code input:<!DOCTYPE html><body>zz</body>:mutated code output:zz
11:35:27: INFO: test_env: for original code input:<!DOCTYPE html><body>1w4<br>L</body>:original code output:1w4<br>L
11:35:27: INFO: test_env: For mutated code input:<!DOCTYPE html><body>1w4<br>L</body>:mutated code output:1w4<br>L
11:35:30: INFO: test_env: for original code input:<!DOCTYPE html><body>zz</body>:original code output:zz
11:35:30: INFO: test_env: For mutated code input:<!DOCTYPE html><body>zz</body>:mutated code output:zz
11:35:30: INFO: test_env: for original code input:<!DOCTYPE html><body>Gg</body>:original code output:Gg
11:35:30: INFO: test_env: For mutated code input:<!DOCTYPE html><body>Gg</body>:mutated code output:Gg
11:35:30: INFO: test_env: for original code input:<!DOCTYPE html><body><br><br>P<br>n</body>:original code output:<br><br>P<br>n
11:35:30: INFO: test_env: For mutated code input:<!DOCTYPE html><body><br><br>P<br>n</body>:mutated code output:<br><br>P<br>n
11:35:30: INFO: test_env: for original code input:<!DOCTYPE html><body>MSMVvW</body>:original code output:MSMVvW
11:35:30: INFO: test_env: For mutated code input:<!DOCTYPE html><body>MSMVvW</body>:mutated code output:MSMVvW
11:35:34: INFO: test_env: for original code input:<!DOCTYPE html><body>Gg</body>:original code output:Gg
11:35:34: INFO: test_env: For mutated code input:<!DOCTYPE html><body>Gg</body>:mutated code output:Gg
11:35:34: INFO: test_env: for original code input:<!DOCTYPE html><body><br><br>P<br>n</body>:original code output:<br><br>P<br>n
11:35:34: INFO: test_env: For mutated code input:<!DOCTYPE html><body><br><br>P<br>n</body>:mutated code output:<br><br>P<br>n
11:35:34: INFO: test_env: for original code input:<!DOCTYPE html><body>rY6</body>:original code output:rY6
11:35:34: INFO: test_env: For mutated code input:<!DOCTYPE html><body>rY6</body>:mutated code output:rY6
11:35:34: INFO: test_env: for original code input:<!DOCTYPE html><body>zz</body>:original code output:zz
11:35:34: INFO: test_env: For mutated code input:<!DOCTYPE html><body>zz</body>:mutated code output:zz
11:35:38: INFO: test_env: for original code input:<!DOCTYPE html><body>rY6</body>:original code output:rY6
11:35:38: INFO: test_env: For mutated code input:<!DOCTYPE html><body>rY6</body>:mutated code output:rY6
11:35:38: INFO: test_env: for original code input:<!DOCTYPE html><body><br><br>P<br>n</body>:original code output:<br><br>P<br>n
11:35:38: INFO: test_env: For mutated code input:<!DOCTYPE html><body><br><br>P<br>n</body>:mutated code output:<br><br>P<br>n
11:35:38: INFO: test_env: for original code input:<!DOCTYPE html><body>T</body>:original code output:T
11:35:38: INFO: test_env: For mutated code input:<!DOCTYPE html><body>T</body>:mutated code output:T
11:35:38: INFO: test_env: for original code input:<!DOCTYPE html><body>Gg</body>:original code output:Gg
11:35:38: INFO: test_env: For mutated code input:<!DOCTYPE html><body>Gg</body>:mutated code output:Gg
11:35:42: INFO: test_env: for original code input:<!DOCTYPE html><body>T</body>:original code output:T
11:35:42: INFO: test_env: For mutated code input:<!DOCTYPE html><body>T</body>:mutated code output:T
11:35:42: INFO: test_env: for original code input:<!DOCTYPE html><body>rY6</body>:original code output:rY6
11:35:42: INFO: test_env: For mutated code input:<!DOCTYPE html><body>rY6</body>:mutated code output:rY6
11:35:42: INFO: test_env: for original code input:<!DOCTYPE html><body><b>m</b>gnQ</body>:original code output:<b>m</b>gnQ
11:35:42: INFO: test_env: For mutated code input:<!DOCTYPE html><body><b>m</b>gnQ</body>:mutated code output:<b>m</b>gnQ
11:35:42: INFO: test_env: for original code input:<!DOCTYPE html><body><br><br>P<br>n</body>:original code output:<br><br>P<br>n
11:35:42: INFO: test_env: For mutated code input:<!DOCTYPE html><body><br><br>P<br>n</body>:mutated code output:<br><br>P<br>n
11:35:46: INFO: test_env: for original code input:<!DOCTYPE html><body>T</body>:original code output:T
11:35:46: INFO: test_env: For mutated code input:<!DOCTYPE html><body>T</body>:mutated code output:T
11:35:46: INFO: test_env: for original code input:<!DOCTYPE html><body><b>m</b>gnQ</body>:original code output:<b>m</b>gnQ
11:35:46: INFO: test_env: For mutated code input:<!DOCTYPE html><body><b>m</b>gnQ</body>:mutated code output:<b>m</b>gnQ
11:35:46: INFO: test_env: for original code input:<!DOCTYPE html><body>W</body>:original code output:W
11:35:46: INFO: test_env: For mutated code input:<!DOCTYPE html><body>W</body>:mutated code output:W
11:35:46: INFO: test_env: for original code input:<!DOCTYPE html><body>rY6</body>:original code output:rY6
11:35:46: INFO: test_env: For mutated code input:<!DOCTYPE html><body>rY6</body>:mutated code output:rY6
11:35:49: INFO: test_env: for original code input:<!DOCTYPE html><body><b>m</b>gnQ</body>:original code output:<b>m</b>gnQ
11:35:49: INFO: test_env: For mutated code input:<!DOCTYPE html><body><b>m</b>gnQ</body>:mutated code output:<b>m</b>gnQ
11:35:49: INFO: test_env: for original code input:<!DOCTYPE html><body>W</body>:original code output:W
11:35:49: INFO: test_env: For mutated code input:<!DOCTYPE html><body>W</body>:mutated code output:W
11:35:50: INFO: test_env: for original code input:<!DOCTYPE html><body>T</body>:original code output:T
11:35:50: INFO: test_env: For mutated code input:<!DOCTYPE html><body>T</body>:mutated code output:T
11:35:52: INFO: test_env: for original code input:<!DOCTYPE html><body>W</body>:original code output:W
11:35:52: INFO: test_env: For mutated code input:<!DOCTYPE html><body>W</body>:mutated code output:W
11:35:53: INFO: test_env: for original code input:<!DOCTYPE html><body><b>m</b>gnQ</body>:original code output:<b>m</b>gnQ
11:35:53: INFO: test_env: For mutated code input:<!DOCTYPE html><body><b>m</b>gnQ</body>:mutated code output:<b>m</b>gnQ
11:35:56: INFO: test_env: for original code input:<!DOCTYPE html><body>W</body>:original code output:W
11:35:56: INFO: test_env: For mutated code input:<!DOCTYPE html><body>W</body>:mutated code output:W
11:36:02: INFO: test_env: for original code input:<!DOCTYPE html><body>T80</body>:original code output:T80
11:36:02: INFO: test_env: For mutated code input:<!DOCTYPE html><body>T80</body>:mutated code output:T80
11:36:05: INFO: test_env: for original code input:<!DOCTYPE html><body>T80</body>:original code output:T80
11:36:05: INFO: test_env: For mutated code input:<!DOCTYPE html><body>T80</body>:mutated code output:T80
11:36:05: INFO: test_env: for original code input:<!DOCTYPE html><body>1w4<br>L</body>:original code output:1w4<br>L
11:36:05: INFO: test_env: For mutated code input:<!DOCTYPE html><body>1w4<br>L</body>:mutated code output:1w4<br>L
11:36:08: INFO: test_env: for original code input:<!DOCTYPE html><body>T80</body>:original code output:T80
11:36:08: INFO: test_env: For mutated code input:<!DOCTYPE html><body>T80</body>:mutated code output:T80
11:36:08: INFO: test_env: for original code input:<!DOCTYPE html><body>1w4<br>L</body>:original code output:1w4<br>L
11:36:08: INFO: test_env: For mutated code input:<!DOCTYPE html><body>1w4<br>L</body>:mutated code output:1w4<br>L
11:36:08: INFO: test_env: for original code input:<!DOCTYPE html><body>MSMVvW</body>:original code output:MSMVvW
11:36:08: INFO: test_env: For mutated code input:<!DOCTYPE html><body>MSMVvW</body>:mutated code output:MSMVvW
11:36:10: INFO: test_env: for original code input:<!DOCTYPE html><body>T80</body>:original code output:T80
11:36:10: INFO: test_env: For mutated code input:<!DOCTYPE html><body>T80</body>:mutated code output:T80
11:36:11: INFO: test_env: for original code input:<!DOCTYPE html><body>1w4<br>L</body>:original code output:1w4<br>L
11:36:11: INFO: test_env: For mutated code input:<!DOCTYPE html><body>1w4<br>L</body>:mutated code output:1w4<br>L
11:36:11: INFO: test_env: for original code input:<!DOCTYPE html><body>MSMVvW</body>:original code output:MSMVvW
11:36:11: INFO: test_env: For mutated code input:<!DOCTYPE html><body>MSMVvW</body>:mutated code output:MSMVvW
11:36:11: INFO: test_env: for original code input:<!DOCTYPE html><body>zz</body>:original code output:zz
11:36:11: INFO: test_env: For mutated code input:<!DOCTYPE html><body>zz</body>:mutated code output:zz
11:36:13: INFO: test_env: for original code input:<!DOCTYPE html><body>1w4<br>L</body>:original code output:1w4<br>L
11:36:13: INFO: test_env: For mutated code input:<!DOCTYPE html><body>1w4<br>L</body>:mutated code output:1w4<br>L
11:36:14: INFO: test_env: for original code input:<!DOCTYPE html><body>MSMVvW</body>:original code output:MSMVvW
11:36:14: INFO: test_env: For mutated code input:<!DOCTYPE html><body>MSMVvW</body>:mutated code output:MSMVvW
11:36:14: INFO: test_env: for original code input:<!DOCTYPE html><body>zz</body>:original code output:zz
11:36:14: INFO: test_env: For mutated code input:<!DOCTYPE html><body>zz</body>:mutated code output:zz
11:36:15: INFO: test_env: for original code input:<!DOCTYPE html><body>Gg</body>:original code output:Gg
11:36:15: INFO: test_env: For mutated code input:<!DOCTYPE html><body>Gg</body>:mutated code output:Gg
11:36:17: INFO: test_env: for original code input:<!DOCTYPE html><body>MSMVvW</body>:original code output:MSMVvW
11:36:17: INFO: test_env: For mutated code input:<!DOCTYPE html><body>MSMVvW</body>:mutated code output:MSMVvW
11:36:17: INFO: test_env: for original code input:<!DOCTYPE html><body>zz</body>:original code output:zz
11:36:17: INFO: test_env: For mutated code input:<!DOCTYPE html><body>zz</body>:mutated code output:zz
11:36:18: INFO: test_env: for original code input:<!DOCTYPE html><body>Gg</body>:original code output:Gg
11:36:18: INFO: test_env: For mutated code input:<!DOCTYPE html><body>Gg</body>:mutated code output:Gg
11:36:19: INFO: test_env: for original code input:<!DOCTYPE html><body><br><br>P<br>n</body>:original code output:<br><br>P<br>n
11:36:19: INFO: test_env: For mutated code input:<!DOCTYPE html><body><br><br>P<br>n</body>:mutated code output:<br><br>P<br>n
11:36:21: INFO: test_env: for original code input:<!DOCTYPE html><body>zz</body>:original code output:zz
11:36:21: INFO: test_env: For mutated code input:<!DOCTYPE html><body>zz</body>:mutated code output:zz
11:36:22: INFO: test_env: for original code input:<!DOCTYPE html><body>Gg</body>:original code output:Gg
11:36:22: INFO: test_env: For mutated code input:<!DOCTYPE html><body>Gg</body>:mutated code output:Gg
11:36:22: INFO: test_env: for original code input:<!DOCTYPE html><body><br><br>P<br>n</body>:original code output:<br><br>P<br>n
11:36:22: INFO: test_env: For mutated code input:<!DOCTYPE html><body><br><br>P<br>n</body>:mutated code output:<br><br>P<br>n
11:36:23: INFO: test_env: for original code input:<!DOCTYPE html><body>rY6</body>:original code output:rY6
11:36:23: INFO: test_env: For mutated code input:<!DOCTYPE html><body>rY6</body>:mutated code output:rY6
11:36:25: INFO: test_env: for original code input:<!DOCTYPE html><body>Gg</body>:original code output:Gg
11:36:25: INFO: test_env: For mutated code input:<!DOCTYPE html><body>Gg</body>:mutated code output:Gg
11:36:26: INFO: test_env: for original code input:<!DOCTYPE html><body><br><br>P<br>n</body>:original code output:<br><br>P<br>n
11:36:26: INFO: test_env: For mutated code input:<!DOCTYPE html><body><br><br>P<br>n</body>:mutated code output:<br><br>P<br>n
11:36:26: INFO: test_env: for original code input:<!DOCTYPE html><body>rY6</body>:original code output:rY6
11:36:26: INFO: test_env: For mutated code input:<!DOCTYPE html><body>rY6</body>:mutated code output:rY6
11:36:27: INFO: test_env: for original code input:<!DOCTYPE html><body>T</body>:original code output:T
11:36:27: INFO: test_env: For mutated code input:<!DOCTYPE html><body>T</body>:mutated code output:T
11:36:30: INFO: test_env: for original code input:<!DOCTYPE html><body><br><br>P<br>n</body>:original code output:<br><br>P<br>n
11:36:30: INFO: test_env: For mutated code input:<!DOCTYPE html><body><br><br>P<br>n</body>:mutated code output:<br><br>P<br>n
11:36:30: INFO: test_env: for original code input:<!DOCTYPE html><body>rY6</body>:original code output:rY6
11:36:30: INFO: test_env: For mutated code input:<!DOCTYPE html><body>rY6</body>:mutated code output:rY6
11:36:30: INFO: test_env: for original code input:<!DOCTYPE html><body>T</body>:original code output:T
11:36:30: INFO: test_env: For mutated code input:<!DOCTYPE html><body>T</body>:mutated code output:T
11:36:31: INFO: test_env: for original code input:<!DOCTYPE html><body><b>m</b>gnQ</body>:original code output:<b>m</b>gnQ
11:36:31: INFO: test_env: For mutated code input:<!DOCTYPE html><body><b>m</b>gnQ</body>:mutated code output:<b>m</b>gnQ
11:36:33: INFO: test_env: for original code input:<!DOCTYPE html><body>rY6</body>:original code output:rY6
11:36:33: INFO: test_env: For mutated code input:<!DOCTYPE html><body>rY6</body>:mutated code output:rY6
11:36:34: INFO: test_env: for original code input:<!DOCTYPE html><body>T</body>:original code output:T
11:36:34: INFO: test_env: For mutated code input:<!DOCTYPE html><body>T</body>:mutated code output:T
11:36:34: INFO: test_env: for original code input:<!DOCTYPE html><body><b>m</b>gnQ</body>:original code output:<b>m</b>gnQ
11:36:34: INFO: test_env: For mutated code input:<!DOCTYPE html><body><b>m</b>gnQ</body>:mutated code output:<b>m</b>gnQ
11:36:35: INFO: test_env: for original code input:<!DOCTYPE html><body>W</body>:original code output:W
11:36:35: INFO: test_env: For mutated code input:<!DOCTYPE html><body>W</body>:mutated code output:W
11:36:37: INFO: test_env: for original code input:<!DOCTYPE html><body>T</body>:original code output:T
11:36:37: INFO: test_env: For mutated code input:<!DOCTYPE html><body>T</body>:mutated code output:T
11:36:38: INFO: test_env: for original code input:<!DOCTYPE html><body><b>m</b>gnQ</body>:original code output:<b>m</b>gnQ
11:36:38: INFO: test_env: For mutated code input:<!DOCTYPE html><body><b>m</b>gnQ</body>:mutated code output:<b>m</b>gnQ
11:36:38: INFO: test_env: for original code input:<!DOCTYPE html><body>W</body>:original code output:W
11:36:38: INFO: test_env: For mutated code input:<!DOCTYPE html><body>W</body>:mutated code output:W
11:36:41: INFO: test_env: for original code input:<!DOCTYPE html><body><b>m</b>gnQ</body>:original code output:<b>m</b>gnQ
11:36:41: INFO: test_env: For mutated code input:<!DOCTYPE html><body><b>m</b>gnQ</body>:mutated code output:<b>m</b>gnQ
11:36:41: INFO: test_env: for original code input:<!DOCTYPE html><body>W</body>:original code output:W
11:36:41: INFO: test_env: For mutated code input:<!DOCTYPE html><body>W</body>:mutated code output:W
11:36:44: INFO: test_env: for original code input:<!DOCTYPE html><body>W</body>:original code output:W
11:36:44: INFO: test_env: For mutated code input:<!DOCTYPE html><body>W</body>:mutated code output:W
11:36:50: INFO: test_env: for original code input:<!DOCTYPE html><body>T80</body>:original code output:T80
11:36:50: INFO: test_env: For mutated code input:<!DOCTYPE html><body>T80</body>:mutated code output:T80
11:36:52: INFO: test_env: for original code input:<!DOCTYPE html><body>T80</body>:original code output:T80
11:36:52: INFO: test_env: For mutated code input:<!DOCTYPE html><body>T80</body>:mutated code output:T80
11:36:53: INFO: test_env: for original code input:<!DOCTYPE html><body>1w4<br>L</body>:original code output:1w4<br>L
11:36:53: INFO: test_env: For mutated code input:<!DOCTYPE html><body>1w4<br>L</body>:mutated code output:1w4<br>L
11:36:55: INFO: test_env: for original code input:<!DOCTYPE html><body>1w4<br>L</body>:original code output:1w4<br>L
11:36:55: INFO: test_env: For mutated code input:<!DOCTYPE html><body>1w4<br>L</body>:mutated code output:1w4<br>L
11:36:55: INFO: test_env: for original code input:<!DOCTYPE html><body>MSMVvW</body>:original code output:MSMVvW
11:36:55: INFO: test_env: For mutated code input:<!DOCTYPE html><body>MSMVvW</body>:mutated code output:MSMVvW
11:36:58: INFO: test_env: for original code input:<!DOCTYPE html><body>MSMVvW</body>:original code output:MSMVvW
11:36:58: INFO: test_env: For mutated code input:<!DOCTYPE html><body>MSMVvW</body>:mutated code output:MSMVvW
11:36:58: INFO: test_env: for original code input:<!DOCTYPE html><body>zz</body>:original code output:zz
11:36:58: INFO: test_env: For mutated code input:<!DOCTYPE html><body>zz</body>:mutated code output:zz
11:37:00: INFO: test_env: for original code input:<!DOCTYPE html><body>zz</body>:original code output:zz
11:37:00: INFO: test_env: For mutated code input:<!DOCTYPE html><body>zz</body>:mutated code output:zz
11:37:01: INFO: test_env: for original code input:<!DOCTYPE html><body>Gg</body>:original code output:Gg
11:37:01: INFO: test_env: For mutated code input:<!DOCTYPE html><body>Gg</body>:mutated code output:Gg
11:37:03: INFO: test_env: for original code input:<!DOCTYPE html><body>Gg</body>:original code output:Gg
11:37:03: INFO: test_env: For mutated code input:<!DOCTYPE html><body>Gg</body>:mutated code output:Gg
11:37:04: INFO: test_env: for original code input:<!DOCTYPE html><body><br><br>P<br>n</body>:original code output:<br><br>P<br>n
11:37:04: INFO: test_env: For mutated code input:<!DOCTYPE html><body><br><br>P<br>n</body>:mutated code output:<br><br>P<br>n
11:37:07: INFO: test_env: for original code input:<!DOCTYPE html><body><br><br>P<br>n</body>:original code output:<br><br>P<br>n
11:37:07: INFO: test_env: For mutated code input:<!DOCTYPE html><body><br><br>P<br>n</body>:mutated code output:<br><br>P<br>n
11:37:07: INFO: test_env: for original code input:<!DOCTYPE html><body>rY6</body>:original code output:rY6
11:37:07: INFO: test_env: For mutated code input:<!DOCTYPE html><body>rY6</body>:mutated code output:rY6
11:37:10: INFO: test_env: for original code input:<!DOCTYPE html><body>rY6</body>:original code output:rY6
11:37:10: INFO: test_env: For mutated code input:<!DOCTYPE html><body>rY6</body>:mutated code output:rY6
11:37:11: INFO: test_env: for original code input:<!DOCTYPE html><body>T</body>:original code output:T
11:37:11: INFO: test_env: For mutated code input:<!DOCTYPE html><body>T</body>:mutated code output:T
11:37:13: INFO: test_env: for original code input:<!DOCTYPE html><body>T</body>:original code output:T
11:37:13: INFO: test_env: For mutated code input:<!DOCTYPE html><body>T</body>:mutated code output:T
11:37:14: INFO: test_env: for original code input:<!DOCTYPE html><body><b>m</b>gnQ</body>:original code output:<b>m</b>gnQ
11:37:14: INFO: test_env: For mutated code input:<!DOCTYPE html><body><b>m</b>gnQ</body>:mutated code output:<b>m</b>gnQ
11:37:16: INFO: test_env: for original code input:<!DOCTYPE html><body><b>m</b>gnQ</body>:original code output:<b>m</b>gnQ
11:37:16: INFO: test_env: For mutated code input:<!DOCTYPE html><body><b>m</b>gnQ</body>:mutated code output:<b>m</b>gnQ
11:37:17: INFO: test_env: for original code input:<!DOCTYPE html><body>W</body>:original code output:W
11:37:17: INFO: test_env: For mutated code input:<!DOCTYPE html><body>W</body>:mutated code output:W
11:37:19: INFO: test_env: for original code input:<!DOCTYPE html><body>W</body>:original code output:W
11:37:19: INFO: test_env: For mutated code input:<!DOCTYPE html><body>W</body>:mutated code output:W
11:37:19: INFO: <module>: iteration log:{"<!DOCTYPE html><body>T80</body>": [0, 431], "<!DOCTYPE html><body>1w4<br>L</body>": [0, 442], "<!DOCTYPE html><body>MSMVvW</body>": [0, 431], "<!DOCTYPE html><body>zz</body>": [0, 431], "<!DOCTYPE html><body>Gg</body>": [0, 431], "<!DOCTYPE html><body><br><br>P<br>n</body>": [0, 435], "<!DOCTYPE html><body>rY6</body>": [0, 431], "<!DOCTYPE html><body>T</body>": [0, 428], "<!DOCTYPE html><body><b>m</b>gnQ</body>": [0, 478], "<!DOCTYPE html><body>W</body>": [0, 428]}
11:37:19: INFO: <module>: for iteration:2:number of inputs:10
11:37:26: INFO: test_env: for original code input:<!DOCTYPE html><body>F1fc</body>:original code output:F1fc
11:37:26: INFO: test_env: For mutated code input:<!DOCTYPE html><body>F1fc</body>:mutated code output:F1fc
11:37:29: INFO: test_env: for original code input:<!DOCTYPE html><body>F1fc</body>:original code output:F1fc
11:37:29: INFO: test_env: For mutated code input:<!DOCTYPE html><body>F1fc</body>:mutated code output:F1fc
11:37:29: INFO: test_env: for original code input:<!DOCTYPE html><body>w</body>:original code output:w
11:37:29: INFO: test_env: For mutated code input:<!DOCTYPE html><body>w</body>:mutated code output:w
11:37:32: INFO: test_env: for original code input:<!DOCTYPE html><body>F1fc</body>:original code output:F1fc
11:37:32: INFO: test_env: For mutated code input:<!DOCTYPE html><body>F1fc</body>:mutated code output:F1fc
11:37:33: INFO: test_env: for original code input:<!DOCTYPE html><body>w</body>:original code output:w
11:37:33: INFO: test_env: For mutated code input:<!DOCTYPE html><body>w</body>:mutated code output:w
11:37:33: INFO: test_env: for original code input:<!DOCTYPE html><body><br><br>U<br>V</body>:original code output:<br><br>U<br>V
11:37:33: INFO: test_env: For mutated code input:<!DOCTYPE html><body><br><br>U<br>V</body>:mutated code output:<br><br>U<br>V
11:37:35: INFO: test_env: for original code input:<!DOCTYPE html><body>F1fc</body>:original code output:F1fc
11:37:35: INFO: test_env: For mutated code input:<!DOCTYPE html><body>F1fc</body>:mutated code output:F1fc
11:37:35: INFO: test_env: for original code input:<!DOCTYPE html><body>w</body>:original code output:w
11:37:35: INFO: test_env: For mutated code input:<!DOCTYPE html><body>w</body>:mutated code output:w
11:37:36: INFO: test_env: for original code input:<!DOCTYPE html><body><br><br>U<br>V</body>:original code output:<br><br>U<br>V
11:37:36: INFO: test_env: For mutated code input:<!DOCTYPE html><body><br><br>U<br>V</body>:mutated code output:<br><br>U<br>V
11:37:36: INFO: test_env: for original code input:<!DOCTYPE html><body><br><br><i>3</i>k</body>:original code output:<br><br><i>3</i>k
11:37:36: INFO: test_env: For mutated code input:<!DOCTYPE html><body><br><br><i>3</i>k</body>:mutated code output:<br><br><i>3</i>k
11:37:38: INFO: test_env: for original code input:<!DOCTYPE html><body>w</body>:original code output:w
11:37:38: INFO: test_env: For mutated code input:<!DOCTYPE html><body>w</body>:mutated code output:w
11:37:39: INFO: test_env: for original code input:<!DOCTYPE html><body><br><br>U<br>V</body>:original code output:<br><br>U<br>V
11:37:39: INFO: test_env: For mutated code input:<!DOCTYPE html><body><br><br>U<br>V</body>:mutated code output:<br><br>U<br>V
11:37:39: INFO: test_env: for original code input:<!DOCTYPE html><body><br><br><i>3</i>k</body>:original code output:<br><br><i>3</i>k
11:37:39: INFO: test_env: For mutated code input:<!DOCTYPE html><body><br><br><i>3</i>k</body>:mutated code output:<br><br><i>3</i>k
11:37:40: INFO: test_env: for original code input:<!DOCTYPE html><body><br><br>vEZ</body>:original code output:<br><br>vEZ
11:37:40: INFO: test_env: For mutated code input:<!DOCTYPE html><body><br><br>vEZ</body>:mutated code output:<br><br>vEZ
11:37:41: INFO: test_env: for original code input:<!DOCTYPE html><body><br><br>U<br>V</body>:original code output:<br><br>U<br>V
11:37:41: INFO: test_env: For mutated code input:<!DOCTYPE html><body><br><br>U<br>V</body>:mutated code output:<br><br>U<br>V
11:37:42: INFO: test_env: for original code input:<!DOCTYPE html><body><br><br><i>3</i>k</body>:original code output:<br><br><i>3</i>k
11:37:42: INFO: test_env: For mutated code input:<!DOCTYPE html><body><br><br><i>3</i>k</body>:mutated code output:<br><br><i>3</i>k
11:37:42: INFO: test_env: for original code input:<!DOCTYPE html><body><br><br>vEZ</body>:original code output:<br><br>vEZ
11:37:42: INFO: test_env: For mutated code input:<!DOCTYPE html><body><br><br>vEZ</body>:mutated code output:<br><br>vEZ
11:37:43: INFO: test_env: for original code input:<!DOCTYPE html><body><div>1</div>U</body>:original code output:<div>1</div>U
11:37:43: INFO: test_env: For mutated code input:<!DOCTYPE html><body><div>1</div>U</body>:mutated code output:<div>1</div>U
11:37:45: INFO: test_env: for original code input:<!DOCTYPE html><body><br><br><i>3</i>k</body>:original code output:<br><br><i>3</i>k
11:37:45: INFO: test_env: For mutated code input:<!DOCTYPE html><body><br><br><i>3</i>k</body>:mutated code output:<br><br><i>3</i>k
11:37:45: INFO: test_env: for original code input:<!DOCTYPE html><body><br><br>vEZ</body>:original code output:<br><br>vEZ
11:37:45: INFO: test_env: For mutated code input:<!DOCTYPE html><body><br><br>vEZ</body>:mutated code output:<br><br>vEZ
11:37:46: INFO: test_env: for original code input:<!DOCTYPE html><body><div>1</div>U</body>:original code output:<div>1</div>U
11:37:46: INFO: test_env: For mutated code input:<!DOCTYPE html><body><div>1</div>U</body>:mutated code output:<div>1</div>U
11:37:46: INFO: test_env: for original code input:<!DOCTYPE html><body><br>j<br>5eo</body>:original code output:<br>j<br>5eo
11:37:46: INFO: test_env: For mutated code input:<!DOCTYPE html><body><br>j<br>5eo</body>:mutated code output:<br>j<br>5eo
11:37:49: INFO: test_env: for original code input:<!DOCTYPE html><body><br><br>vEZ</body>:original code output:<br><br>vEZ
11:37:49: INFO: test_env: For mutated code input:<!DOCTYPE html><body><br><br>vEZ</body>:mutated code output:<br><br>vEZ
11:37:49: INFO: test_env: for original code input:<!DOCTYPE html><body><div>1</div>U</body>:original code output:<div>1</div>U
11:37:49: INFO: test_env: For mutated code input:<!DOCTYPE html><body><div>1</div>U</body>:mutated code output:<div>1</div>U
11:37:50: INFO: test_env: for original code input:<!DOCTYPE html><body><br>j<br>5eo</body>:original code output:<br>j<br>5eo
11:37:50: INFO: test_env: For mutated code input:<!DOCTYPE html><body><br>j<br>5eo</body>:mutated code output:<br>j<br>5eo
11:37:51: INFO: test_env: for original code input:<!DOCTYPE html><body>U6</body>:original code output:U6
11:37:51: INFO: test_env: For mutated code input:<!DOCTYPE html><body>U6</body>:mutated code output:U6
11:37:53: INFO: test_env: for original code input:<!DOCTYPE html><body><div>1</div>U</body>:original code output:<div>1</div>U
11:37:53: INFO: test_env: For mutated code input:<!DOCTYPE html><body><div>1</div>U</body>:mutated code output:<div>1</div>U
11:37:53: INFO: test_env: for original code input:<!DOCTYPE html><body><br>j<br>5eo</body>:original code output:<br>j<br>5eo
11:37:53: INFO: test_env: For mutated code input:<!DOCTYPE html><body><br>j<br>5eo</body>:mutated code output:<br>j<br>5eo
11:37:54: INFO: test_env: for original code input:<!DOCTYPE html><body>U6</body>:original code output:U6
11:37:54: INFO: test_env: For mutated code input:<!DOCTYPE html><body>U6</body>:mutated code output:U6
11:37:55: INFO: test_env: for original code input:<!DOCTYPE html><body><style>Q</style><br>lu</body>:original code output:<body><style>Q</style><br>lu
11:37:55: INFO: test_env: For mutated code input:<!DOCTYPE html><body><style>Q</style><br>lu</body>:mutated code output:<body><style>Q</style><br>lu
11:37:57: INFO: test_env: for original code input:<!DOCTYPE html><body><br>j<br>5eo</body>:original code output:<br>j<br>5eo
11:37:57: INFO: test_env: For mutated code input:<!DOCTYPE html><body><br>j<br>5eo</body>:mutated code output:<br>j<br>5eo
11:37:58: INFO: test_env: for original code input:<!DOCTYPE html><body>U6</body>:original code output:U6
11:37:58: INFO: test_env: For mutated code input:<!DOCTYPE html><body>U6</body>:mutated code output:U6
11:37:58: INFO: test_env: for original code input:<!DOCTYPE html><body><style>Q</style><br>lu</body>:original code output:<body><style>Q</style><br>lu
11:37:58: INFO: test_env: For mutated code input:<!DOCTYPE html><body><style>Q</style><br>lu</body>:mutated code output:<body><style>Q</style><br>lu
11:37:59: INFO: test_env: for original code input:<!DOCTYPE html><body>7UagF</body>:original code output:7UagF
11:37:59: INFO: test_env: For mutated code input:<!DOCTYPE html><body>7UagF</body>:mutated code output:7UagF
11:38:02: INFO: test_env: for original code input:<!DOCTYPE html><body>U6</body>:original code output:U6
11:38:02: INFO: test_env: For mutated code input:<!DOCTYPE html><body>U6</body>:mutated code output:U6
11:38:02: INFO: test_env: for original code input:<!DOCTYPE html><body><style>Q</style><br>lu</body>:original code output:<body><style>Q</style><br>lu
11:38:02: INFO: test_env: For mutated code input:<!DOCTYPE html><body><style>Q</style><br>lu</body>:mutated code output:<body><style>Q</style><br>lu
11:38:03: INFO: test_env: for original code input:<!DOCTYPE html><body>7UagF</body>:original code output:7UagF
11:38:03: INFO: test_env: For mutated code input:<!DOCTYPE html><body>7UagF</body>:mutated code output:7UagF
11:38:06: INFO: test_env: for original code input:<!DOCTYPE html><body><style>Q</style><br>lu</body>:original code output:<body><style>Q</style><br>lu
11:38:06: INFO: test_env: For mutated code input:<!DOCTYPE html><body><style>Q</style><br>lu</body>:mutated code output:<body><style>Q</style><br>lu
11:38:06: INFO: test_env: for original code input:<!DOCTYPE html><body>7UagF</body>:original code output:7UagF
11:38:06: INFO: test_env: For mutated code input:<!DOCTYPE html><body>7UagF</body>:mutated code output:7UagF
11:38:10: INFO: test_env: for original code input:<!DOCTYPE html><body>7UagF</body>:original code output:7UagF
11:38:10: INFO: test_env: For mutated code input:<!DOCTYPE html><body>7UagF</body>:mutated code output:7UagF
11:38:19: INFO: test_env: for original code input:<!DOCTYPE html><body>F1fc</body>:original code output:F1fc
11:38:19: INFO: test_env: For mutated code input:<!DOCTYPE html><body>F1fc</body>:mutated code output:F1fc
11:38:23: INFO: test_env: for original code input:<!DOCTYPE html><body>F1fc</body>:original code output:F1fc
11:38:23: INFO: test_env: For mutated code input:<!DOCTYPE html><body>F1fc</body>:mutated code output:F1fc
11:38:24: INFO: test_env: for original code input:<!DOCTYPE html><body>w</body>:original code output:w
11:38:24: INFO: test_env: For mutated code input:<!DOCTYPE html><body>w</body>:mutated code output:w
11:38:28: INFO: test_env: for original code input:<!DOCTYPE html><body>F1fc</body>:original code output:F1fc
11:38:28: INFO: test_env: For mutated code input:<!DOCTYPE html><body>F1fc</body>:mutated code output:F1fc
11:38:28: INFO: test_env: for original code input:<!DOCTYPE html><body>w</body>:original code output:w
11:38:28: INFO: test_env: For mutated code input:<!DOCTYPE html><body>w</body>:mutated code output:w
11:38:29: INFO: test_env: for original code input:<!DOCTYPE html><body><br><br>U<br>V</body>:original code output:<br><br>U<br>V
11:38:29: INFO: test_env: For mutated code input:<!DOCTYPE html><body><br><br>U<br>V</body>:mutated code output:<br><br>U<br>V
11:38:31: INFO: test_env: for original code input:<!DOCTYPE html><body>F1fc</body>:original code output:F1fc
11:38:31: INFO: test_env: For mutated code input:<!DOCTYPE html><body>F1fc</body>:mutated code output:F1fc
11:38:32: INFO: test_env: for original code input:<!DOCTYPE html><body>w</body>:original code output:w
11:38:32: INFO: test_env: For mutated code input:<!DOCTYPE html><body>w</body>:mutated code output:w
11:38:33: INFO: test_env: for original code input:<!DOCTYPE html><body><br><br>U<br>V</body>:original code output:<br><br>U<br>V
11:38:33: INFO: test_env: For mutated code input:<!DOCTYPE html><body><br><br>U<br>V</body>:mutated code output:<br><br>U<br>V
11:38:34: INFO: test_env: for original code input:<!DOCTYPE html><body><br><br><i>3</i>k</body>:original code output:<br><br><i>3</i>k
11:38:34: INFO: test_env: For mutated code input:<!DOCTYPE html><body><br><br><i>3</i>k</body>:mutated code output:<br><br><i>3</i>k
11:38:35: INFO: test_env: for original code input:<!DOCTYPE html><body>w</body>:original code output:w
11:38:35: INFO: test_env: For mutated code input:<!DOCTYPE html><body>w</body>:mutated code output:w
11:38:36: INFO: test_env: for original code input:<!DOCTYPE html><body><br><br>U<br>V</body>:original code output:<br><br>U<br>V
11:38:36: INFO: test_env: For mutated code input:<!DOCTYPE html><body><br><br>U<br>V</body>:mutated code output:<br><br>U<br>V
11:38:36: INFO: test_env: for original code input:<!DOCTYPE html><body><br><br><i>3</i>k</body>:original code output:<br><br><i>3</i>k
11:38:36: INFO: test_env: For mutated code input:<!DOCTYPE html><body><br><br><i>3</i>k</body>:mutated code output:<br><br><i>3</i>k
11:38:37: INFO: test_env: for original code input:<!DOCTYPE html><body><br><br>vEZ</body>:original code output:<br><br>vEZ
11:38:37: INFO: test_env: For mutated code input:<!DOCTYPE html><body><br><br>vEZ</body>:mutated code output:<br><br>vEZ
11:38:39: INFO: test_env: for original code input:<!DOCTYPE html><body><br><br>U<br>V</body>:original code output:<br><br>U<br>V
11:38:39: INFO: test_env: For mutated code input:<!DOCTYPE html><body><br><br>U<br>V</body>:mutated code output:<br><br>U<br>V
11:38:39: INFO: test_env: for original code input:<!DOCTYPE html><body><br><br><i>3</i>k</body>:original code output:<br><br><i>3</i>k
11:38:39: INFO: test_env: For mutated code input:<!DOCTYPE html><body><br><br><i>3</i>k</body>:mutated code output:<br><br><i>3</i>k
11:38:40: INFO: test_env: for original code input:<!DOCTYPE html><body><br><br>vEZ</body>:original code output:<br><br>vEZ
11:38:40: INFO: test_env: For mutated code input:<!DOCTYPE html><body><br><br>vEZ</body>:mutated code output:<br><br>vEZ
11:38:40: INFO: test_env: for original code input:<!DOCTYPE html><body><div>1</div>U</body>:original code output:<div>1</div>U
11:38:40: INFO: test_env: For mutated code input:<!DOCTYPE html><body><div>1</div>U</body>:mutated code output:<div>1</div>U
11:38:42: INFO: test_env: for original code input:<!DOCTYPE html><body><br><br><i>3</i>k</body>:original code output:<br><br><i>3</i>k
11:38:42: INFO: test_env: For mutated code input:<!DOCTYPE html><body><br><br><i>3</i>k</body>:mutated code output:<br><br><i>3</i>k
11:38:43: INFO: test_env: for original code input:<!DOCTYPE html><body><br><br>vEZ</body>:original code output:<br><br>vEZ
11:38:43: INFO: test_env: For mutated code input:<!DOCTYPE html><body><br><br>vEZ</body>:mutated code output:<br><br>vEZ
11:38:44: INFO: test_env: for original code input:<!DOCTYPE html><body><div>1</div>U</body>:original code output:<div>1</div>U
11:38:44: INFO: test_env: For mutated code input:<!DOCTYPE html><body><div>1</div>U</body>:mutated code output:<div>1</div>U
11:38:45: INFO: test_env: for original code input:<!DOCTYPE html><body><br>j<br>5eo</body>:original code output:<br>j<br>5eo
11:38:45: INFO: test_env: For mutated code input:<!DOCTYPE html><body><br>j<br>5eo</body>:mutated code output:<br>j<br>5eo
11:38:47: INFO: test_env: for original code input:<!DOCTYPE html><body><br><br>vEZ</body>:original code output:<br><br>vEZ
11:38:47: INFO: test_env: For mutated code input:<!DOCTYPE html><body><br><br>vEZ</body>:mutated code output:<br><br>vEZ
11:38:48: INFO: test_env: for original code input:<!DOCTYPE html><body><div>1</div>U</body>:original code output:<div>1</div>U
11:38:48: INFO: test_env: For mutated code input:<!DOCTYPE html><body><div>1</div>U</body>:mutated code output:<div>1</div>U
11:38:49: INFO: test_env: for original code input:<!DOCTYPE html><body><br>j<br>5eo</body>:original code output:<br>j<br>5eo
11:38:49: INFO: test_env: For mutated code input:<!DOCTYPE html><body><br>j<br>5eo</body>:mutated code output:<br>j<br>5eo
11:38:50: INFO: test_env: for original code input:<!DOCTYPE html><body>U6</body>:original code output:U6
11:38:50: INFO: test_env: For mutated code input:<!DOCTYPE html><body>U6</body>:mutated code output:U6
11:38:53: INFO: test_env: for original code input:<!DOCTYPE html><body><div>1</div>U</body>:original code output:<div>1</div>U
11:38:53: INFO: test_env: For mutated code input:<!DOCTYPE html><body><div>1</div>U</body>:mutated code output:<div>1</div>U
11:38:54: INFO: test_env: for original code input:<!DOCTYPE html><body><br>j<br>5eo</body>:original code output:<br>j<br>5eo
11:38:54: INFO: test_env: For mutated code input:<!DOCTYPE html><body><br>j<br>5eo</body>:mutated code output:<br>j<br>5eo
11:38:55: INFO: test_env: for original code input:<!DOCTYPE html><body>U6</body>:original code output:U6
11:38:55: INFO: test_env: For mutated code input:<!DOCTYPE html><body>U6</body>:mutated code output:U6
11:38:56: INFO: test_env: for original code input:<!DOCTYPE html><body><style>Q</style><br>lu</body>:original code output:<body><style>Q</style><br>lu
11:38:56: INFO: test_env: For mutated code input:<!DOCTYPE html><body><style>Q</style><br>lu</body>:mutated code output:<body><style>Q</style><br>lu
11:38:59: INFO: test_env: for original code input:<!DOCTYPE html><body><br>j<br>5eo</body>:original code output:<br>j<br>5eo
11:38:59: INFO: test_env: For mutated code input:<!DOCTYPE html><body><br>j<br>5eo</body>:mutated code output:<br>j<br>5eo
11:39:00: INFO: test_env: for original code input:<!DOCTYPE html><body>U6</body>:original code output:U6
11:39:00: INFO: test_env: For mutated code input:<!DOCTYPE html><body>U6</body>:mutated code output:U6
11:39:01: INFO: test_env: for original code input:<!DOCTYPE html><body><style>Q</style><br>lu</body>:original code output:<body><style>Q</style><br>lu
11:39:01: INFO: test_env: For mutated code input:<!DOCTYPE html><body><style>Q</style><br>lu</body>:mutated code output:<body><style>Q</style><br>lu
11:39:02: INFO: test_env: for original code input:<!DOCTYPE html><body>7UagF</body>:original code output:7UagF
11:39:02: INFO: test_env: For mutated code input:<!DOCTYPE html><body>7UagF</body>:mutated code output:7UagF
11:39:05: INFO: test_env: for original code input:<!DOCTYPE html><body>U6</body>:original code output:U6
11:39:05: INFO: test_env: For mutated code input:<!DOCTYPE html><body>U6</body>:mutated code output:U6
11:39:05: INFO: test_env: for original code input:<!DOCTYPE html><body><style>Q</style><br>lu</body>:original code output:<body><style>Q</style><br>lu
11:39:05: INFO: test_env: For mutated code input:<!DOCTYPE html><body><style>Q</style><br>lu</body>:mutated code output:<body><style>Q</style><br>lu
11:39:06: INFO: test_env: for original code input:<!DOCTYPE html><body>7UagF</body>:original code output:7UagF
11:39:06: INFO: test_env: For mutated code input:<!DOCTYPE html><body>7UagF</body>:mutated code output:7UagF
11:39:09: INFO: test_env: for original code input:<!DOCTYPE html><body><style>Q</style><br>lu</body>:original code output:<body><style>Q</style><br>lu
11:39:09: INFO: test_env: For mutated code input:<!DOCTYPE html><body><style>Q</style><br>lu</body>:mutated code output:<body><style>Q</style><br>lu
11:39:10: INFO: test_env: for original code input:<!DOCTYPE html><body>7UagF</body>:original code output:7UagF
11:39:10: INFO: test_env: For mutated code input:<!DOCTYPE html><body>7UagF</body>:mutated code output:7UagF
11:39:12: INFO: test_env: for original code input:<!DOCTYPE html><body>7UagF</body>:original code output:7UagF
11:39:12: INFO: test_env: For mutated code input:<!DOCTYPE html><body>7UagF</body>:mutated code output:7UagF
11:39:19: INFO: test_env: for original code input:<!DOCTYPE html><body>F1fc</body>:original code output:F1fc
11:39:19: INFO: test_env: For mutated code input:<!DOCTYPE html><body>F1fc</body>:mutated code output:F1fc
11:39:23: INFO: test_env: for original code input:<!DOCTYPE html><body>F1fc</body>:original code output:F1fc
11:39:23: INFO: test_env: For mutated code input:<!DOCTYPE html><body>F1fc</body>:mutated code output:F1fc
11:39:23: INFO: test_env: for original code input:<!DOCTYPE html><body>w</body>:original code output:w
11:39:23: INFO: test_env: For mutated code input:<!DOCTYPE html><body>w</body>:mutated code output:w
11:39:26: INFO: test_env: for original code input:<!DOCTYPE html><body>w</body>:original code output:w
11:39:26: INFO: test_env: For mutated code input:<!DOCTYPE html><body>w</body>:mutated code output:w
11:39:27: INFO: test_env: for original code input:<!DOCTYPE html><body><br><br>U<br>V</body>:original code output:<br><br>U<br>V
11:39:27: INFO: test_env: For mutated code input:<!DOCTYPE html><body><br><br>U<br>V</body>:mutated code output:<br><br>U<br>V
11:39:30: INFO: test_env: for original code input:<!DOCTYPE html><body><br><br>U<br>V</body>:original code output:<br><br>U<br>V
11:39:30: INFO: test_env: For mutated code input:<!DOCTYPE html><body><br><br>U<br>V</body>:mutated code output:<br><br>U<br>V
11:39:30: INFO: test_env: for original code input:<!DOCTYPE html><body><br><br><i>3</i>k</body>:original code output:<br><br><i>3</i>k
11:39:30: INFO: test_env: For mutated code input:<!DOCTYPE html><body><br><br><i>3</i>k</body>:mutated code output:<br><br><i>3</i>k
11:39:33: INFO: test_env: for original code input:<!DOCTYPE html><body><br><br><i>3</i>k</body>:original code output:<br><br><i>3</i>k
11:39:33: INFO: test_env: For mutated code input:<!DOCTYPE html><body><br><br><i>3</i>k</body>:mutated code output:<br><br><i>3</i>k
11:39:33: INFO: test_env: for original code input:<!DOCTYPE html><body><br><br>vEZ</body>:original code output:<br><br>vEZ
11:39:33: INFO: test_env: For mutated code input:<!DOCTYPE html><body><br><br>vEZ</body>:mutated code output:<br><br>vEZ
11:39:35: INFO: test_env: for original code input:<!DOCTYPE html><body><br><br>vEZ</body>:original code output:<br><br>vEZ
11:39:35: INFO: test_env: For mutated code input:<!DOCTYPE html><body><br><br>vEZ</body>:mutated code output:<br><br>vEZ
11:39:36: INFO: test_env: for original code input:<!DOCTYPE html><body><div>1</div>U</body>:original code output:<div>1</div>U
11:39:36: INFO: test_env: For mutated code input:<!DOCTYPE html><body><div>1</div>U</body>:mutated code output:<div>1</div>U
11:39:38: INFO: test_env: for original code input:<!DOCTYPE html><body><div>1</div>U</body>:original code output:<div>1</div>U
11:39:38: INFO: test_env: For mutated code input:<!DOCTYPE html><body><div>1</div>U</body>:mutated code output:<div>1</div>U
11:39:38: INFO: test_env: for original code input:<!DOCTYPE html><body><br>j<br>5eo</body>:original code output:<br>j<br>5eo
11:39:38: INFO: test_env: For mutated code input:<!DOCTYPE html><body><br>j<br>5eo</body>:mutated code output:<br>j<br>5eo
11:39:41: INFO: test_env: for original code input:<!DOCTYPE html><body><br>j<br>5eo</body>:original code output:<br>j<br>5eo
11:39:41: INFO: test_env: For mutated code input:<!DOCTYPE html><body><br>j<br>5eo</body>:mutated code output:<br>j<br>5eo
11:39:41: INFO: test_env: for original code input:<!DOCTYPE html><body>U6</body>:original code output:U6
11:39:41: INFO: test_env: For mutated code input:<!DOCTYPE html><body>U6</body>:mutated code output:U6
11:39:44: INFO: test_env: for original code input:<!DOCTYPE html><body>U6</body>:original code output:U6
11:39:44: INFO: test_env: For mutated code input:<!DOCTYPE html><body>U6</body>:mutated code output:U6
11:39:44: INFO: test_env: for original code input:<!DOCTYPE html><body><style>Q</style><br>lu</body>:original code output:<body><style>Q</style><br>lu
11:39:44: INFO: test_env: For mutated code input:<!DOCTYPE html><body><style>Q</style><br>lu</body>:mutated code output:<body><style>Q</style><br>lu
11:39:47: INFO: test_env: for original code input:<!DOCTYPE html><body><style>Q</style><br>lu</body>:original code output:<body><style>Q</style><br>lu
11:39:47: INFO: test_env: For mutated code input:<!DOCTYPE html><body><style>Q</style><br>lu</body>:mutated code output:<body><style>Q</style><br>lu
11:39:48: INFO: test_env: for original code input:<!DOCTYPE html><body>7UagF</body>:original code output:7UagF
11:39:48: INFO: test_env: For mutated code input:<!DOCTYPE html><body>7UagF</body>:mutated code output:7UagF
11:39:50: INFO: test_env: for original code input:<!DOCTYPE html><body>7UagF</body>:original code output:7UagF
11:39:50: INFO: test_env: For mutated code input:<!DOCTYPE html><body>7UagF</body>:mutated code output:7UagF
11:39:50: INFO: <module>: iteration log:{"<!DOCTYPE html><body>F1fc</body>": [0, 431], "<!DOCTYPE html><body>w</body>": [0, 428], "<!DOCTYPE html><body><br><br>U<br>V</body>": [0, 435], "<!DOCTYPE html><body><br><br><i>3</i>k</body>": [0, 479], "<!DOCTYPE html><body><br><br>vEZ</body>": [0, 438], "<!DOCTYPE html><body><div>1</div>U</body>": [0, 446], "<!DOCTYPE html><body><br>j<br>5eo</body>": [0, 440], "<!DOCTYPE html><body>U6</body>": [0, 431], "<!DOCTYPE html><body><style>Q</style><br>lu</body>": [0, 485], "<!DOCTYPE html><body>7UagF</body>": [0, 431]}
11:39:50: INFO: <module>: for iteration:3:number of inputs:10
11:39:56: INFO: test_env: for original code input:<!DOCTYPE html><body>"qsQ</body>:original code output:"qsQ
11:39:56: INFO: test_env: For mutated code input:<!DOCTYPE html><body>"qsQ</body>:mutated code output:"qsQ
11:39:59: INFO: test_env: for original code input:<!DOCTYPE html><body>"qsQ</body>:original code output:"qsQ
11:39:59: INFO: test_env: For mutated code input:<!DOCTYPE html><body>"qsQ</body>:mutated code output:"qsQ
11:39:59: INFO: test_env: for original code input:<!DOCTYPE html><body>Rw</body>:original code output:Rw
11:39:59: INFO: test_env: For mutated code input:<!DOCTYPE html><body>Rw</body>:mutated code output:Rw
11:40:02: INFO: test_env: for original code input:<!DOCTYPE html><body>"qsQ</body>:original code output:"qsQ
11:40:02: INFO: test_env: For mutated code input:<!DOCTYPE html><body>"qsQ</body>:mutated code output:"qsQ
11:40:02: INFO: test_env: for original code input:<!DOCTYPE html><body>Rw</body>:original code output:Rw
11:40:02: INFO: test_env: For mutated code input:<!DOCTYPE html><body>Rw</body>:mutated code output:Rw
11:40:03: INFO: test_env: for original code input:<!DOCTYPE html><body><script>5</script>s</body>:original code output:<body><script>5</script>s
11:40:03: INFO: test_env: For mutated code input:<!DOCTYPE html><body><script>5</script>s</body>:mutated code output:<body><script>5</script>s
11:40:05: INFO: test_env: for original code input:<!DOCTYPE html><body>"qsQ</body>:original code output:"qsQ
11:40:05: INFO: test_env: For mutated code input:<!DOCTYPE html><body>"qsQ</body>:mutated code output:"qsQ
11:40:06: INFO: test_env: for original code input:<!DOCTYPE html><body>Rw</body>:original code output:Rw
11:40:06: INFO: test_env: For mutated code input:<!DOCTYPE html><body>Rw</body>:mutated code output:Rw
11:40:06: INFO: test_env: for original code input:<!DOCTYPE html><body><script>5</script>s</body>:original code output:<body><script>5</script>s
11:40:06: INFO: test_env: For mutated code input:<!DOCTYPE html><body><script>5</script>s</body>:mutated code output:<body><script>5</script>s
11:40:07: INFO: test_env: for original code input:<!DOCTYPE html><body>FJcU</body>:original code output:FJcU
11:40:07: INFO: test_env: For mutated code input:<!DOCTYPE html><body>FJcU</body>:mutated code output:FJcU
11:40:09: INFO: test_env: for original code input:<!DOCTYPE html><body>Rw</body>:original code output:Rw
11:40:09: INFO: test_env: For mutated code input:<!DOCTYPE html><body>Rw</body>:mutated code output:Rw
11:40:09: INFO: test_env: for original code input:<!DOCTYPE html><body><script>5</script>s</body>:original code output:<body><script>5</script>s
11:40:09: INFO: test_env: For mutated code input:<!DOCTYPE html><body><script>5</script>s</body>:mutated code output:<body><script>5</script>s
11:40:10: INFO: test_env: for original code input:<!DOCTYPE html><body>FJcU</body>:original code output:FJcU
11:40:10: INFO: test_env: For mutated code input:<!DOCTYPE html><body>FJcU</body>:mutated code output:FJcU
11:40:10: INFO: test_env: for original code input:<!DOCTYPE html><body><a href='I'></a>B</body>:original code output:<a href=I></a>B
11:40:10: INFO: test_env: For mutated code input:<!DOCTYPE html><body><a href='I'></a>B</body>:mutated code output:<a></a>B
11:40:10: INFO: test_env: Mutant killed with<!DOCTYPE html><body><a href='I'></a>B</body>! Current mutant killed list:{0}
11:40:12: INFO: test_env: for original code input:<!DOCTYPE html><body><script>5</script>s</body>:original code output:<body><script>5</script>s
11:40:12: INFO: test_env: For mutated code input:<!DOCTYPE html><body><script>5</script>s</body>:mutated code output:<body><script>5</script>s
11:40:13: INFO: test_env: for original code input:<!DOCTYPE html><body>FJcU</body>:original code output:FJcU
11:40:13: INFO: test_env: For mutated code input:<!DOCTYPE html><body>FJcU</body>:mutated code output:FJcU
11:40:13: INFO: test_env: for original code input:<!DOCTYPE html><body><a href='I'></a>B</body>:original code output:<a href=I></a>B
11:40:13: INFO: test_env: For mutated code input:<!DOCTYPE html><body><a href='I'></a>B</body>:mutated code output:<a></a>B
11:40:13: INFO: test_env: Mutant killed with<!DOCTYPE html><body><a href='I'></a>B</body>! Current mutant killed list:{0, 1}
11:40:13: INFO: test_env: for original code input:<!DOCTYPE html><body>4Ta</body>:original code output:4Ta
11:40:13: INFO: test_env: For mutated code input:<!DOCTYPE html><body>4Ta</body>:mutated code output:4Ta
11:40:15: INFO: test_env: for original code input:<!DOCTYPE html><body>FJcU</body>:original code output:FJcU
11:40:15: INFO: test_env: For mutated code input:<!DOCTYPE html><body>FJcU</body>:mutated code output:FJcU
11:40:16: INFO: test_env: for original code input:<!DOCTYPE html><body><a href='I'></a>B</body>:original code output:<a href=I></a>B
11:40:16: INFO: test_env: For mutated code input:<!DOCTYPE html><body><a href='I'></a>B</body>:mutated code output:<a></a>B
11:40:16: INFO: test_env: Mutant killed with<!DOCTYPE html><body><a href='I'></a>B</body>! Current mutant killed list:{0, 1, 2}
11:40:16: INFO: test_env: for original code input:<!DOCTYPE html><body>4Ta</body>:original code output:4Ta
11:40:16: INFO: test_env: For mutated code input:<!DOCTYPE html><body>4Ta</body>:mutated code output:4Ta
11:40:16: INFO: test_env: for original code input:<!DOCTYPE html><body>Qr<br><br>B</body>:original code output:Qr<br><br>B
11:40:16: INFO: test_env: For mutated code input:<!DOCTYPE html><body>Qr<br><br>B</body>:mutated code output:Qr<br><br>B
11:40:18: INFO: test_env: for original code input:<!DOCTYPE html><body><a href='I'></a>B</body>:original code output:<a href=I></a>B
11:40:18: INFO: test_env: For mutated code input:<!DOCTYPE html><body><a href='I'></a>B</body>:mutated code output:<a></a>B
11:40:18: INFO: test_env: Mutant killed with<!DOCTYPE html><body><a href='I'></a>B</body>! Current mutant killed list:{0, 1, 2, 3}
11:40:19: INFO: test_env: for original code input:<!DOCTYPE html><body>4Ta</body>:original code output:4Ta
11:40:19: INFO: test_env: For mutated code input:<!DOCTYPE html><body>4Ta</body>:mutated code output:4Ta
11:40:19: INFO: test_env: for original code input:<!DOCTYPE html><body>Qr<br><br>B</body>:original code output:Qr<br><br>B
11:40:19: INFO: test_env: For mutated code input:<!DOCTYPE html><body>Qr<br><br>B</body>:mutated code output:Qr<br><br>B
11:40:20: INFO: test_env: for original code input:<!DOCTYPE html><body>G</body>:original code output:G
11:40:20: INFO: test_env: For mutated code input:<!DOCTYPE html><body>G</body>:mutated code output:G
11:40:22: INFO: test_env: for original code input:<!DOCTYPE html><body>4Ta</body>:original code output:4Ta
11:40:22: INFO: test_env: For mutated code input:<!DOCTYPE html><body>4Ta</body>:mutated code output:4Ta
11:40:22: INFO: test_env: for original code input:<!DOCTYPE html><body>Qr<br><br>B</body>:original code output:Qr<br><br>B
11:40:22: INFO: test_env: For mutated code input:<!DOCTYPE html><body>Qr<br><br>B</body>:mutated code output:Qr<br><br>B
11:40:22: INFO: test_env: for original code input:<!DOCTYPE html><body>G</body>:original code output:G
11:40:22: INFO: test_env: For mutated code input:<!DOCTYPE html><body>G</body>:mutated code output:G
11:40:23: INFO: test_env: for original code input:<!DOCTYPE html><body><br><br><b>c</b>L</body>:original code output:<br><br><b>c</b>L
11:40:23: INFO: test_env: For mutated code input:<!DOCTYPE html><body><br><br><b>c</b>L</body>:mutated code output:<br><br><b>c</b>L
11:40:25: INFO: test_env: for original code input:<!DOCTYPE html><body>Qr<br><br>B</body>:original code output:Qr<br><br>B
11:40:25: INFO: test_env: For mutated code input:<!DOCTYPE html><body>Qr<br><br>B</body>:mutated code output:Qr<br><br>B
11:40:26: INFO: test_env: for original code input:<!DOCTYPE html><body>G</body>:original code output:G
11:40:26: INFO: test_env: For mutated code input:<!DOCTYPE html><body>G</body>:mutated code output:G
11:40:26: INFO: test_env: for original code input:<!DOCTYPE html><body><br><br><b>c</b>L</body>:original code output:<br><br><b>c</b>L
11:40:26: INFO: test_env: For mutated code input:<!DOCTYPE html><body><br><br><b>c</b>L</body>:mutated code output:<br><br><b>c</b>L
11:40:27: INFO: test_env: for original code input:<!DOCTYPE html><body><br><br>6uE 1</body>:original code output:<br><br>6uE 1
11:40:27: INFO: test_env: For mutated code input:<!DOCTYPE html><body><br><br>6uE 1</body>:mutated code output:<br><br>6uE 1
11:40:29: INFO: test_env: for original code input:<!DOCTYPE html><body>G</body>:original code output:G
11:40:29: INFO: test_env: For mutated code input:<!DOCTYPE html><body>G</body>:mutated code output:G
11:40:29: INFO: test_env: for original code input:<!DOCTYPE html><body><br><br><b>c</b>L</body>:original code output:<br><br><b>c</b>L
11:40:29: INFO: test_env: For mutated code input:<!DOCTYPE html><body><br><br><b>c</b>L</body>:mutated code output:<br><br><b>c</b>L
11:40:30: INFO: test_env: for original code input:<!DOCTYPE html><body><br><br>6uE 1</body>:original code output:<br><br>6uE 1
11:40:30: INFO: test_env: For mutated code input:<!DOCTYPE html><body><br><br>6uE 1</body>:mutated code output:<br><br>6uE 1
11:40:32: INFO: test_env: for original code input:<!DOCTYPE html><body><br><br><b>c</b>L</body>:original code output:<br><br><b>c</b>L
11:40:32: INFO: test_env: For mutated code input:<!DOCTYPE html><body><br><br><b>c</b>L</body>:mutated code output:<br><br><b>c</b>L
11:40:33: INFO: test_env: for original code input:<!DOCTYPE html><body><br><br>6uE 1</body>:original code output:<br><br>6uE 1
11:40:33: INFO: test_env: For mutated code input:<!DOCTYPE html><body><br><br>6uE 1</body>:mutated code output:<br><br>6uE 1
11:40:35: INFO: test_env: for original code input:<!DOCTYPE html><body><br><br>6uE 1</body>:original code output:<br><br>6uE 1
11:40:35: INFO: test_env: For mutated code input:<!DOCTYPE html><body><br><br>6uE 1</body>:mutated code output:<br><br>6uE 1
11:40:41: INFO: test_env: for original code input:<!DOCTYPE html><body>"qsQ</body>:original code output:"qsQ
11:40:41: INFO: test_env: For mutated code input:<!DOCTYPE html><body>"qsQ</body>:mutated code output:"qsQ
11:40:44: INFO: test_env: for original code input:<!DOCTYPE html><body>"qsQ</body>:original code output:"qsQ
11:40:44: INFO: test_env: For mutated code input:<!DOCTYPE html><body>"qsQ</body>:mutated code output:"qsQ
11:40:45: INFO: test_env: for original code input:<!DOCTYPE html><body>Rw</body>:original code output:Rw
11:40:45: INFO: test_env: For mutated code input:<!DOCTYPE html><body>Rw</body>:mutated code output:Rw
11:40:47: INFO: test_env: for original code input:<!DOCTYPE html><body>"qsQ</body>:original code output:"qsQ
11:40:47: INFO: test_env: For mutated code input:<!DOCTYPE html><body>"qsQ</body>:mutated code output:"qsQ
11:40:48: INFO: test_env: for original code input:<!DOCTYPE html><body>Rw</body>:original code output:Rw
11:40:48: INFO: test_env: For mutated code input:<!DOCTYPE html><body>Rw</body>:mutated code output:Rw
11:40:48: INFO: test_env: for original code input:<!DOCTYPE html><body><script>5</script>s</body>:original code output:<body><script>5</script>s
11:40:48: INFO: test_env: For mutated code input:<!DOCTYPE html><body><script>5</script>s</body>:mutated code output:<body><script>5</script>s
11:40:50: INFO: test_env: for original code input:<!DOCTYPE html><body>"qsQ</body>:original code output:"qsQ
11:40:50: INFO: test_env: For mutated code input:<!DOCTYPE html><body>"qsQ</body>:mutated code output:"qsQ
11:40:51: INFO: test_env: for original code input:<!DOCTYPE html><body>Rw</body>:original code output:Rw
11:40:51: INFO: test_env: For mutated code input:<!DOCTYPE html><body>Rw</body>:mutated code output:Rw
11:40:51: INFO: test_env: for original code input:<!DOCTYPE html><body><script>5</script>s</body>:original code output:<body><script>5</script>s
11:40:51: INFO: test_env: For mutated code input:<!DOCTYPE html><body><script>5</script>s</body>:mutated code output:<body><script>5</script>s
11:40:52: INFO: test_env: for original code input:<!DOCTYPE html><body>FJcU</body>:original code output:FJcU
11:40:52: INFO: test_env: For mutated code input:<!DOCTYPE html><body>FJcU</body>:mutated code output:FJcU
11:40:54: INFO: test_env: for original code input:<!DOCTYPE html><body>Rw</body>:original code output:Rw
11:40:54: INFO: test_env: For mutated code input:<!DOCTYPE html><body>Rw</body>:mutated code output:Rw
11:40:55: INFO: test_env: for original code input:<!DOCTYPE html><body><script>5</script>s</body>:original code output:<body><script>5</script>s
11:40:55: INFO: test_env: For mutated code input:<!DOCTYPE html><body><script>5</script>s</body>:mutated code output:<body><script>5</script>s
11:40:55: INFO: test_env: for original code input:<!DOCTYPE html><body>FJcU</body>:original code output:FJcU
11:40:55: INFO: test_env: For mutated code input:<!DOCTYPE html><body>FJcU</body>:mutated code output:FJcU
11:40:55: INFO: test_env: for original code input:<!DOCTYPE html><body><a href='I'></a>B</body>:original code output:<a href=I></a>B
11:40:55: INFO: test_env: For mutated code input:<!DOCTYPE html><body><a href='I'></a>B</body>:mutated code output:<a></a>B
11:40:55: INFO: test_env: Mutant killed with<!DOCTYPE html><body><a href='I'></a>B</body>! Current mutant killed list:{0, 1, 2, 3, 4}
11:40:57: INFO: test_env: for original code input:<!DOCTYPE html><body><script>5</script>s</body>:original code output:<body><script>5</script>s
11:40:57: INFO: test_env: For mutated code input:<!DOCTYPE html><body><script>5</script>s</body>:mutated code output:<body><script>5</script>s
11:40:58: INFO: test_env: for original code input:<!DOCTYPE html><body>FJcU</body>:original code output:FJcU
11:40:58: INFO: test_env: For mutated code input:<!DOCTYPE html><body>FJcU</body>:mutated code output:FJcU
11:40:58: INFO: test_env: for original code input:<!DOCTYPE html><body><a href='I'></a>B</body>:original code output:<a href=I></a>B
11:40:58: INFO: test_env: For mutated code input:<!DOCTYPE html><body><a href='I'></a>B</body>:mutated code output:<a></a>B
11:40:58: INFO: test_env: Mutant killed with<!DOCTYPE html><body><a href='I'></a>B</body>! Current mutant killed list:{0, 1, 2, 3, 4, 5}
11:40:58: INFO: test_env: for original code input:<!DOCTYPE html><body>4Ta</body>:original code output:4Ta
11:40:58: INFO: test_env: For mutated code input:<!DOCTYPE html><body>4Ta</body>:mutated code output:4Ta
11:41:00: INFO: test_env: for original code input:<!DOCTYPE html><body>FJcU</body>:original code output:FJcU
11:41:00: INFO: test_env: For mutated code input:<!DOCTYPE html><body>FJcU</body>:mutated code output:FJcU
11:41:00: INFO: test_env: for original code input:<!DOCTYPE html><body>4Ta</body>:original code output:4Ta
11:41:00: INFO: test_env: For mutated code input:<!DOCTYPE html><body>4Ta</body>:mutated code output:4Ta
11:41:00: INFO: test_env: for original code input:<!DOCTYPE html><body><a href='I'></a>B</body>:original code output:<a href=I></a>B
11:41:00: INFO: test_env: For mutated code input:<!DOCTYPE html><body><a href='I'></a>B</body>:mutated code output:<a></a>B
11:41:00: INFO: test_env: Mutant killed with<!DOCTYPE html><body><a href='I'></a>B</body>! Current mutant killed list:{0, 1, 2, 3, 4, 5, 6}
11:41:01: INFO: test_env: for original code input:<!DOCTYPE html><body>Qr<br><br>B</body>:original code output:Qr<br><br>B
11:41:01: INFO: test_env: For mutated code input:<!DOCTYPE html><body>Qr<br><br>B</body>:mutated code output:Qr<br><br>B
11:41:02: INFO: test_env: for original code input:<!DOCTYPE html><body><a href='I'></a>B</body>:original code output:<a href=I></a>B
11:41:02: INFO: test_env: For mutated code input:<!DOCTYPE html><body><a href='I'></a>B</body>:mutated code output:<a></a>B
11:41:02: INFO: test_env: Mutant killed with<!DOCTYPE html><body><a href='I'></a>B</body>! Current mutant killed list:{0, 1, 2, 3, 4, 5, 6, 7}
11:41:03: INFO: test_env: for original code input:<!DOCTYPE html><body>4Ta</body>:original code output:4Ta
11:41:03: INFO: test_env: For mutated code input:<!DOCTYPE html><body>4Ta</body>:mutated code output:4Ta
11:41:03: INFO: test_env: for original code input:<!DOCTYPE html><body>Qr<br><br>B</body>:original code output:Qr<br><br>B
11:41:03: INFO: test_env: For mutated code input:<!DOCTYPE html><body>Qr<br><br>B</body>:mutated code output:Qr<br><br>B
11:41:04: INFO: test_env: for original code input:<!DOCTYPE html><body>G</body>:original code output:G
11:41:04: INFO: test_env: For mutated code input:<!DOCTYPE html><body>G</body>:mutated code output:G
11:41:06: INFO: test_env: for original code input:<!DOCTYPE html><body>4Ta</body>:original code output:4Ta
11:41:06: INFO: test_env: For mutated code input:<!DOCTYPE html><body>4Ta</body>:mutated code output:4Ta
11:41:06: INFO: test_env: for original code input:<!DOCTYPE html><body>Qr<br><br>B</body>:original code output:Qr<br><br>B
11:41:06: INFO: test_env: For mutated code input:<!DOCTYPE html><body>Qr<br><br>B</body>:mutated code output:Qr<br><br>B
11:41:06: INFO: test_env: for original code input:<!DOCTYPE html><body>G</body>:original code output:G
11:41:06: INFO: test_env: For mutated code input:<!DOCTYPE html><body>G</body>:mutated code output:G
11:41:07: INFO: test_env: for original code input:<!DOCTYPE html><body><br><br><b>c</b>L</body>:original code output:<br><br><b>c</b>L
11:41:07: INFO: test_env: For mutated code input:<!DOCTYPE html><body><br><br><b>c</b>L</body>:mutated code output:<br><br><b>c</b>L
11:41:09: INFO: test_env: for original code input:<!DOCTYPE html><body>Qr<br><br>B</body>:original code output:Qr<br><br>B
11:41:09: INFO: test_env: For mutated code input:<!DOCTYPE html><body>Qr<br><br>B</body>:mutated code output:Qr<br><br>B
11:41:10: INFO: test_env: for original code input:<!DOCTYPE html><body>G</body>:original code output:G
11:41:10: INFO: test_env: For mutated code input:<!DOCTYPE html><body>G</body>:mutated code output:G
11:41:10: INFO: test_env: for original code input:<!DOCTYPE html><body><br><br><b>c</b>L</body>:original code output:<br><br><b>c</b>L
11:41:10: INFO: test_env: For mutated code input:<!DOCTYPE html><body><br><br><b>c</b>L</body>:mutated code output:<br><br><b>c</b>L
11:41:11: INFO: test_env: for original code input:<!DOCTYPE html><body><br><br>6uE 1</body>:original code output:<br><br>6uE 1
11:41:11: INFO: test_env: For mutated code input:<!DOCTYPE html><body><br><br>6uE 1</body>:mutated code output:<br><br>6uE 1
11:41:13: INFO: test_env: for original code input:<!DOCTYPE html><body>G</body>:original code output:G
11:41:13: INFO: test_env: For mutated code input:<!DOCTYPE html><body>G</body>:mutated code output:G
11:41:13: INFO: test_env: for original code input:<!DOCTYPE html><body><br><br>6uE 1</body>:original code output:<br><br>6uE 1
11:41:13: INFO: test_env: For mutated code input:<!DOCTYPE html><body><br><br>6uE 1</body>:mutated code output:<br><br>6uE 1
11:41:13: INFO: test_env: for original code input:<!DOCTYPE html><body><br><br><b>c</b>L</body>:original code output:<br><br><b>c</b>L
11:41:13: INFO: test_env: For mutated code input:<!DOCTYPE html><body><br><br><b>c</b>L</body>:mutated code output:<br><br><b>c</b>L
11:41:16: INFO: test_env: for original code input:<!DOCTYPE html><body><br><br><b>c</b>L</body>:original code output:<br><br><b>c</b>L
11:41:16: INFO: test_env: For mutated code input:<!DOCTYPE html><body><br><br><b>c</b>L</body>:mutated code output:<br><br><b>c</b>L
11:41:17: INFO: test_env: for original code input:<!DOCTYPE html><body><br><br>6uE 1</body>:original code output:<br><br>6uE 1
11:41:17: INFO: test_env: For mutated code input:<!DOCTYPE html><body><br><br>6uE 1</body>:mutated code output:<br><br>6uE 1
11:41:19: INFO: test_env: for original code input:<!DOCTYPE html><body><br><br>6uE 1</body>:original code output:<br><br>6uE 1
11:41:19: INFO: test_env: For mutated code input:<!DOCTYPE html><body><br><br>6uE 1</body>:mutated code output:<br><br>6uE 1
11:41:24: INFO: test_env: for original code input:<!DOCTYPE html><body>"qsQ</body>:original code output:"qsQ
11:41:24: INFO: test_env: For mutated code input:<!DOCTYPE html><body>"qsQ</body>:mutated code output:"qsQ
11:41:27: INFO: test_env: for original code input:<!DOCTYPE html><body>"qsQ</body>:original code output:"qsQ
11:41:27: INFO: test_env: For mutated code input:<!DOCTYPE html><body>"qsQ</body>:mutated code output:"qsQ
11:41:27: INFO: test_env: for original code input:<!DOCTYPE html><body>Rw</body>:original code output:Rw
11:41:27: INFO: test_env: For mutated code input:<!DOCTYPE html><body>Rw</body>:mutated code output:Rw
11:41:30: INFO: test_env: for original code input:<!DOCTYPE html><body>Rw</body>:original code output:Rw
11:41:30: INFO: test_env: For mutated code input:<!DOCTYPE html><body>Rw</body>:mutated code output:Rw
11:41:30: INFO: test_env: for original code input:<!DOCTYPE html><body><script>5</script>s</body>:original code output:<body><script>5</script>s
11:41:30: INFO: test_env: For mutated code input:<!DOCTYPE html><body><script>5</script>s</body>:mutated code output:<body><script>5</script>s
11:41:33: INFO: test_env: for original code input:<!DOCTYPE html><body><script>5</script>s</body>:original code output:<body><script>5</script>s
11:41:33: INFO: test_env: For mutated code input:<!DOCTYPE html><body><script>5</script>s</body>:mutated code output:<body><script>5</script>s
11:41:34: INFO: test_env: for original code input:<!DOCTYPE html><body>FJcU</body>:original code output:FJcU
11:41:34: INFO: test_env: For mutated code input:<!DOCTYPE html><body>FJcU</body>:mutated code output:FJcU
11:41:36: INFO: test_env: for original code input:<!DOCTYPE html><body>FJcU</body>:original code output:FJcU
11:41:36: INFO: test_env: For mutated code input:<!DOCTYPE html><body>FJcU</body>:mutated code output:FJcU
11:41:36: INFO: test_env: for original code input:<!DOCTYPE html><body><a href='I'></a>B</body>:original code output:<a href=I></a>B
11:41:36: INFO: test_env: For mutated code input:<!DOCTYPE html><body><a href='I'></a>B</body>:mutated code output:<a></a>B
11:41:36: INFO: test_env: Mutant killed with<!DOCTYPE html><body><a href='I'></a>B</body>! Current mutant killed list:{0, 1, 2, 3, 4, 5, 6, 7, 8}
11:41:38: INFO: test_env: for original code input:<!DOCTYPE html><body><a href='I'></a>B</body>:original code output:<a href=I></a>B
11:41:38: INFO: test_env: For mutated code input:<!DOCTYPE html><body><a href='I'></a>B</body>:mutated code output:<a></a>B
11:41:38: INFO: test_env: Mutant killed with<!DOCTYPE html><body><a href='I'></a>B</body>! Current mutant killed list:{0, 1, 2, 3, 4, 5, 6, 7, 8, 9}
11:41:39: INFO: test_env: for original code input:<!DOCTYPE html><body>4Ta</body>:original code output:4Ta
11:41:39: INFO: test_env: For mutated code input:<!DOCTYPE html><body>4Ta</body>:mutated code output:4Ta
11:41:41: INFO: test_env: for original code input:<!DOCTYPE html><body>4Ta</body>:original code output:4Ta
11:41:41: INFO: test_env: For mutated code input:<!DOCTYPE html><body>4Ta</body>:mutated code output:4Ta
11:41:41: INFO: test_env: for original code input:<!DOCTYPE html><body>Qr<br><br>B</body>:original code output:Qr<br><br>B
11:41:41: INFO: test_env: For mutated code input:<!DOCTYPE html><body>Qr<br><br>B</body>:mutated code output:Qr<br><br>B
11:41:43: INFO: test_env: for original code input:<!DOCTYPE html><body>Qr<br><br>B</body>:original code output:Qr<br><br>B
11:41:43: INFO: test_env: For mutated code input:<!DOCTYPE html><body>Qr<br><br>B</body>:mutated code output:Qr<br><br>B
11:41:44: INFO: test_env: for original code input:<!DOCTYPE html><body>G</body>:original code output:G
11:41:44: INFO: test_env: For mutated code input:<!DOCTYPE html><body>G</body>:mutated code output:G
11:41:46: INFO: test_env: for original code input:<!DOCTYPE html><body>G</body>:original code output:G
11:41:46: INFO: test_env: For mutated code input:<!DOCTYPE html><body>G</body>:mutated code output:G
11:41:46: INFO: test_env: for original code input:<!DOCTYPE html><body><br><br><b>c</b>L</body>:original code output:<br><br><b>c</b>L
11:41:46: INFO: test_env: For mutated code input:<!DOCTYPE html><body><br><br><b>c</b>L</body>:mutated code output:<br><br><b>c</b>L
11:41:49: INFO: test_env: for original code input:<!DOCTYPE html><body><br><br><b>c</b>L</body>:original code output:<br><br><b>c</b>L
11:41:49: INFO: test_env: For mutated code input:<!DOCTYPE html><body><br><br><b>c</b>L</body>:mutated code output:<br><br><b>c</b>L
11:41:50: INFO: test_env: for original code input:<!DOCTYPE html><body><br><br>6uE 1</body>:original code output:<br><br>6uE 1
11:41:50: INFO: test_env: For mutated code input:<!DOCTYPE html><body><br><br>6uE 1</body>:mutated code output:<br><br>6uE 1
11:41:51: INFO: test_env: for original code input:<!DOCTYPE html><body><br><br>6uE 1</body>:original code output:<br><br>6uE 1
11:41:51: INFO: test_env: For mutated code input:<!DOCTYPE html><body><br><br>6uE 1</body>:mutated code output:<br><br>6uE 1
11:41:51: INFO: <module>: iteration log:{"<!DOCTYPE html><body>\"qsQ</body>": [0, 431], "<!DOCTYPE html><body>Rw</body>": [0, 431], "<!DOCTYPE html><body><script>5</script>s</body>": [0, 473], "<!DOCTYPE html><body>FJcU</body>": [0, 431], "<!DOCTYPE html><body><a href='I'></a>B</body>": [10, 514], "<!DOCTYPE html><body>4Ta</body>": [0, 431], "<!DOCTYPE html><body>Qr<br><br>B</body>": [0, 443], "<!DOCTYPE html><body>G</body>": [0, 428], "<!DOCTYPE html><body><br><br><b>c</b>L</body>": [0, 479], "<!DOCTYPE html><body><br><br>6uE 1</body>": [0, 438]}
11:41:51: INFO: <module>: for iteration:4:number of inputs:10
11:41:51: INFO: <module>: iteration log:{}
11:41:51: INFO: <module>: global iteration stats:{"1": [10, 478], "2": [10, 485], "3": [0, 514]}
