04:12:02: INFO: <module>: for iteration:1:number of inputs:6
04:12:07: INFO: test_env: for original code input:<!DOCTYPE html><body><i>4</i>4</body>:original code output:['<i>4</i>4', '479\n']
04:12:07: INFO: test_env: For mutated code input:<!DOCTYPE html><body><i>4</i>4</body>:mutated code output:['<i>4</i>4', '476\n']
04:12:09: INFO: test_env: for original code input:<!DOCTYPE html><body><i>4</i>4</body>:original code output:['<i>4</i>4', '479\n']
04:12:09: INFO: test_env: For mutated code input:<!DOCTYPE html><body><i>4</i>4</body>:mutated code output:['', '28\n']
04:12:09: INFO: test_env: Mutant killed with<!DOCTYPE html><body><i>4</i>4</body>! Current mutant killed list:{1}
04:12:10: INFO: test_env: for original code input:<!DOCTYPE html><body><br><br>w</body>:original code output:['<br><br>w', '441\n']
04:12:10: INFO: test_env: For mutated code input:<!DOCTYPE html><body><br><br>w</body>:mutated code output:['<br><br>w', '438\n']
04:12:11: INFO: test_env: for original code input:<!DOCTYPE html><body><i>4</i>4</body>:original code output:['<i>4</i>4', '479\n']
04:12:11: INFO: test_env: For mutated code input:<!DOCTYPE html><body><i>4</i>4</body>:mutated code output:['<i>4</i>4', '476\n']
04:12:12: INFO: test_env: for original code input:<!DOCTYPE html><body><br><br>w</body>:original code output:['<br><br>w', '441\n']
04:12:12: INFO: test_env: For mutated code input:<!DOCTYPE html><body><br><br>w</body>:mutated code output:['', '28\n']
04:12:12: INFO: test_env: Mutant killed with<!DOCTYPE html><body><br><br>w</body>! Current mutant killed list:{1}
04:12:12: INFO: test_env: for original code input:<!DOCTYPE html><body><br><br><br>o</body>:original code output:['<br><br><br>o', '441\n']
04:12:12: INFO: test_env: For mutated code input:<!DOCTYPE html><body><br><br><br>o</body>:mutated code output:['<br><br><br>o', '438\n']
04:12:13: INFO: test_env: for original code input:<!DOCTYPE html><body><i>4</i>4</body>:original code output:['<i>4</i>4', '479\n']
04:12:13: INFO: test_env: For mutated code input:<!DOCTYPE html><body><i>4</i>4</body>:mutated code output:['', '45\n']
04:12:13: INFO: test_env: Mutant killed with<!DOCTYPE html><body><i>4</i>4</body>! Current mutant killed list:{1, 3}
04:12:14: INFO: test_env: for original code input:<!DOCTYPE html><body><br><br>w</body>:original code output:['<br><br>w', '441\n']
04:12:14: INFO: test_env: For mutated code input:<!DOCTYPE html><body><br><br>w</body>:mutated code output:['<br><br>w', '438\n']
04:12:14: INFO: test_env: for original code input:<!DOCTYPE html><body><br><br><br>o</body>:original code output:['<br><br><br>o', '441\n']
04:12:14: INFO: test_env: For mutated code input:<!DOCTYPE html><body><br><br><br>o</body>:mutated code output:['', '28\n']
04:12:14: INFO: test_env: Mutant killed with<!DOCTYPE html><body><br><br><br>o</body>! Current mutant killed list:{1, 3}
04:12:15: INFO: test_env: for original code input:<!DOCTYPE html><body>3Y</body>:original code output:['3Y', '437\n']
04:12:15: INFO: test_env: For mutated code input:<!DOCTYPE html><body>3Y</body>:mutated code output:['3Y', '434\n']
04:12:16: INFO: test_env: for original code input:<!DOCTYPE html><body><i>4</i>4</body>:original code output:['<i>4</i>4', '479\n']
04:12:16: INFO: test_env: For mutated code input:<!DOCTYPE html><body><i>4</i>4</body>:mutated code output:['', '313\n']
04:12:16: INFO: test_env: Mutant killed with<!DOCTYPE html><body><i>4</i>4</body>! Current mutant killed list:{1, 3, 4}
04:12:16: INFO: test_env: for original code input:<!DOCTYPE html><body><br><br>w</body>:original code output:['<br><br>w', '441\n']
04:12:16: INFO: test_env: For mutated code input:<!DOCTYPE html><body><br><br>w</body>:mutated code output:['', '45\n']
04:12:16: INFO: test_env: Mutant killed with<!DOCTYPE html><body><br><br>w</body>! Current mutant killed list:{1, 3, 4}
04:12:17: INFO: test_env: for original code input:<!DOCTYPE html><body><br><br><br>o</body>:original code output:['<br><br><br>o', '441\n']
04:12:17: INFO: test_env: For mutated code input:<!DOCTYPE html><body><br><br><br>o</body>:mutated code output:['<br><br><br>o', '438\n']
04:12:17: INFO: test_env: for original code input:<!DOCTYPE html><body>3Y</body>:original code output:['3Y', '437\n']
04:12:17: INFO: test_env: For mutated code input:<!DOCTYPE html><body>3Y</body>:mutated code output:['', '28\n']
04:12:17: INFO: test_env: Mutant killed with<!DOCTYPE html><body>3Y</body>! Current mutant killed list:{1, 3, 4}
04:12:18: INFO: test_env: for original code input:<!DOCTYPE html><body>w</body>:original code output:['w', '434\n']
04:12:18: INFO: test_env: For mutated code input:<!DOCTYPE html><body>w</body>:mutated code output:['w', '431\n']
04:12:18: INFO: test_env: for original code input:<!DOCTYPE html><body><br><br>w</body>:original code output:['<br><br>w', '441\n']
04:12:18: INFO: test_env: For mutated code input:<!DOCTYPE html><body><br><br>w</body>:mutated code output:['', '313\n']
04:12:18: INFO: test_env: Mutant killed with<!DOCTYPE html><body><br><br>w</body>! Current mutant killed list:{1, 3, 4}
04:12:19: INFO: test_env: for original code input:<!DOCTYPE html><body><br><br><br>o</body>:original code output:['<br><br><br>o', '441\n']
04:12:19: INFO: test_env: For mutated code input:<!DOCTYPE html><body><br><br><br>o</body>:mutated code output:['', '45\n']
04:12:19: INFO: test_env: Mutant killed with<!DOCTYPE html><body><br><br><br>o</body>! Current mutant killed list:{1, 3, 4}
04:12:19: INFO: test_env: for original code input:<!DOCTYPE html><body>3Y</body>:original code output:['3Y', '437\n']
04:12:19: INFO: test_env: For mutated code input:<!DOCTYPE html><body>3Y</body>:mutated code output:['3Y', '434\n']
04:12:20: INFO: test_env: for original code input:<!DOCTYPE html><body>w</body>:original code output:['w', '434\n']
04:12:20: INFO: test_env: For mutated code input:<!DOCTYPE html><body>w</body>:mutated code output:['', '28\n']
04:12:20: INFO: test_env: Mutant killed with<!DOCTYPE html><body>w</body>! Current mutant killed list:{1, 3, 4}
04:12:20: INFO: test_env: for original code input:<!DOCTYPE html><body><br>n</body>:original code output:['<br>n', '440\n']
04:12:20: INFO: test_env: For mutated code input:<!DOCTYPE html><body><br>n</body>:mutated code output:['<br>n', '437\n']
04:12:21: INFO: test_env: for original code input:<!DOCTYPE html><body><br><br><br>o</body>:original code output:['<br><br><br>o', '441\n']
04:12:21: INFO: test_env: For mutated code input:<!DOCTYPE html><body><br><br><br>o</body>:mutated code output:['', '313\n']
04:12:21: INFO: test_env: Mutant killed with<!DOCTYPE html><body><br><br><br>o</body>! Current mutant killed list:{1, 3, 4}
04:12:21: INFO: test_env: for original code input:<!DOCTYPE html><body>3Y</body>:original code output:['3Y', '437\n']
04:12:21: INFO: test_env: For mutated code input:<!DOCTYPE html><body>3Y</body>:mutated code output:['', '45\n']
04:12:21: INFO: test_env: Mutant killed with<!DOCTYPE html><body>3Y</body>! Current mutant killed list:{1, 3, 4}
04:12:22: INFO: test_env: for original code input:<!DOCTYPE html><body>w</body>:original code output:['w', '434\n']
04:12:22: INFO: test_env: For mutated code input:<!DOCTYPE html><body>w</body>:mutated code output:['w', '431\n']
04:12:22: INFO: test_env: for original code input:<!DOCTYPE html><body><br>n</body>:original code output:['<br>n', '440\n']
04:12:22: INFO: test_env: For mutated code input:<!DOCTYPE html><body><br>n</body>:mutated code output:['', '28\n']
04:12:22: INFO: test_env: Mutant killed with<!DOCTYPE html><body><br>n</body>! Current mutant killed list:{1, 3, 4}
04:12:23: INFO: test_env: for original code input:<!DOCTYPE html><body>3Y</body>:original code output:['3Y', '437\n']
04:12:23: INFO: test_env: For mutated code input:<!DOCTYPE html><body>3Y</body>:mutated code output:['', '313\n']
04:12:23: INFO: test_env: Mutant killed with<!DOCTYPE html><body>3Y</body>! Current mutant killed list:{1, 3, 4}
04:12:24: INFO: test_env: for original code input:<!DOCTYPE html><body>w</body>:original code output:['w', '434\n']
04:12:24: INFO: test_env: For mutated code input:<!DOCTYPE html><body>w</body>:mutated code output:['', '45\n']
04:12:24: INFO: test_env: Mutant killed with<!DOCTYPE html><body>w</body>! Current mutant killed list:{1, 3, 4}
04:12:25: INFO: test_env: for original code input:<!DOCTYPE html><body><br>n</body>:original code output:['<br>n', '440\n']
04:12:25: INFO: test_env: For mutated code input:<!DOCTYPE html><body><br>n</body>:mutated code output:['<br>n', '437\n']
04:12:26: INFO: test_env: for original code input:<!DOCTYPE html><body>w</body>:original code output:['w', '434\n']
04:12:26: INFO: test_env: For mutated code input:<!DOCTYPE html><body>w</body>:mutated code output:['', '313\n']
04:12:26: INFO: test_env: Mutant killed with<!DOCTYPE html><body>w</body>! Current mutant killed list:{1, 3, 4}
04:12:26: INFO: test_env: for original code input:<!DOCTYPE html><body><br>n</body>:original code output:['<br>n', '440\n']
04:12:26: INFO: test_env: For mutated code input:<!DOCTYPE html><body><br>n</body>:mutated code output:['', '45\n']
04:12:26: INFO: test_env: Mutant killed with<!DOCTYPE html><body><br>n</body>! Current mutant killed list:{1, 3, 4}
04:12:28: INFO: test_env: for original code input:<!DOCTYPE html><body><br>n</body>:original code output:['<br>n', '440\n']
04:12:28: INFO: test_env: For mutated code input:<!DOCTYPE html><body><br>n</body>:mutated code output:['', '313\n']
04:12:28: INFO: test_env: Mutant killed with<!DOCTYPE html><body><br>n</body>! Current mutant killed list:{1, 3, 4}
04:12:28: INFO: <module>: iteration log:{"<!DOCTYPE html><body><i>4</i>4</body>": [3, 476], "<!DOCTYPE html><body><br><br>w</body>": [3, 438], "<!DOCTYPE html><body><br><br><br>o</body>": [3, 438], "<!DOCTYPE html><body>3Y</body>": [3, 434], "<!DOCTYPE html><body>w</body>": [3, 431], "<!DOCTYPE html><body><br>n</body>": [3, 437]}
04:12:29: INFO: <module>: for iteration:2:number of inputs:6
04:12:33: INFO: test_env: for original code input:<!DOCTYPE html><body><br><br><br><br><br><br><br><br>3</body>:original code output:['<br><br><br><br><br><br><br><br>3', '441\n']
04:12:33: INFO: test_env: For mutated code input:<!DOCTYPE html><body><br><br><br><br><br><br><br><br>3</body>:mutated code output:['<br><br><br><br><br><br><br><br>3', '438\n']
04:12:35: INFO: test_env: for original code input:<!DOCTYPE html><body><br><br><br><br><br><br><br><br>3</body>:original code output:['<br><br><br><br><br><br><br><br>3', '441\n']
04:12:35: INFO: test_env: For mutated code input:<!DOCTYPE html><body><br><br><br><br><br><br><br><br>3</body>:mutated code output:['<br><br><br><br><br><br><br><br>3', '438\n']
04:12:36: INFO: test_env: for original code input:<!DOCTYPE html><body>3</body>:original code output:['3', '434\n']
04:12:36: INFO: test_env: For mutated code input:<!DOCTYPE html><body>3</body>:mutated code output:['3', '431\n']
04:12:37: INFO: test_env: for original code input:<!DOCTYPE html><body>3</body>:original code output:['3', '434\n']
04:12:37: INFO: test_env: For mutated code input:<!DOCTYPE html><body>3</body>:mutated code output:['3', '431\n']
04:12:38: INFO: test_env: for original code input:<!DOCTYPE html><body><br><br>4</body>:original code output:['<br><br>4', '441\n']
04:12:38: INFO: test_env: For mutated code input:<!DOCTYPE html><body><br><br>4</body>:mutated code output:['<br><br>4', '438\n']
04:12:40: INFO: test_env: for original code input:<!DOCTYPE html><body><br><br>4</body>:original code output:['<br><br>4', '441\n']
04:12:40: INFO: test_env: For mutated code input:<!DOCTYPE html><body><br><br>4</body>:mutated code output:['<br><br>4', '438\n']
04:12:41: INFO: test_env: for original code input:<!DOCTYPE html><body>Vw</body>:original code output:['Vw', '437\n']
04:12:41: INFO: test_env: For mutated code input:<!DOCTYPE html><body>Vw</body>:mutated code output:['Vw', '434\n']
04:12:42: INFO: test_env: for original code input:<!DOCTYPE html><body>Vw</body>:original code output:['Vw', '437\n']
04:12:42: INFO: test_env: For mutated code input:<!DOCTYPE html><body>Vw</body>:mutated code output:['Vw', '434\n']
04:12:43: INFO: test_env: for original code input:<!DOCTYPE html><body>w</body>:original code output:['w', '434\n']
04:12:43: INFO: test_env: For mutated code input:<!DOCTYPE html><body>w</body>:mutated code output:['w', '431\n']
04:12:45: INFO: test_env: for original code input:<!DOCTYPE html><body>w</body>:original code output:['w', '434\n']
04:12:45: INFO: test_env: For mutated code input:<!DOCTYPE html><body>w</body>:mutated code output:['w', '431\n']
04:12:46: INFO: test_env: for original code input:<!DOCTYPE html><body>4r</body>:original code output:['4r', '437\n']
04:12:46: INFO: test_env: For mutated code input:<!DOCTYPE html><body>4r</body>:mutated code output:['4r', '434\n']
04:12:47: INFO: test_env: for original code input:<!DOCTYPE html><body>4r</body>:original code output:['4r', '437\n']
04:12:47: INFO: test_env: For mutated code input:<!DOCTYPE html><body>4r</body>:mutated code output:['4r', '434\n']
04:12:47: INFO: <module>: iteration log:{"<!DOCTYPE html><body><br><br><br><br><br><br><br><br>3</body>": [0, 438], "<!DOCTYPE html><body>3</body>": [0, 431], "<!DOCTYPE html><body><br><br>4</body>": [0, 438], "<!DOCTYPE html><body>Vw</body>": [0, 434], "<!DOCTYPE html><body>w</body>": [0, 431], "<!DOCTYPE html><body>4r</body>": [0, 434]}
04:12:48: INFO: <module>: for iteration:3:number of inputs:5
04:12:52: INFO: test_env: for original code input:<!DOCTYPE html><body>jv</body>:original code output:['jv', '437\n']
04:12:52: INFO: test_env: For mutated code input:<!DOCTYPE html><body>jv</body>:mutated code output:['jv', '434\n']
04:12:53: INFO: test_env: for original code input:<!DOCTYPE html><body>jv</body>:original code output:['jv', '437\n']
04:12:53: INFO: test_env: For mutated code input:<!DOCTYPE html><body>jv</body>:mutated code output:['jv', '434\n']
04:12:54: INFO: test_env: for original code input:<!DOCTYPE html><body>5</body>:original code output:['5', '434\n']
04:12:54: INFO: test_env: For mutated code input:<!DOCTYPE html><body>5</body>:mutated code output:['5', '431\n']
04:12:56: INFO: test_env: for original code input:<!DOCTYPE html><body>5</body>:original code output:['5', '434\n']
04:12:56: INFO: test_env: For mutated code input:<!DOCTYPE html><body>5</body>:mutated code output:['5', '431\n']
04:12:57: INFO: test_env: for original code input:<!DOCTYPE html><body>n</body>:original code output:['n', '434\n']
04:12:57: INFO: test_env: For mutated code input:<!DOCTYPE html><body>n</body>:mutated code output:['n', '431\n']
04:12:59: INFO: test_env: for original code input:<!DOCTYPE html><body>n</body>:original code output:['n', '434\n']
04:12:59: INFO: test_env: For mutated code input:<!DOCTYPE html><body>n</body>:mutated code output:['n', '431\n']
04:12:59: INFO: test_env: for original code input:<!DOCTYPE html><body>o</body>:original code output:['o', '434\n']
04:12:59: INFO: test_env: For mutated code input:<!DOCTYPE html><body>o</body>:mutated code output:['o', '431\n']
04:13:01: INFO: test_env: for original code input:<!DOCTYPE html><body>o</body>:original code output:['o', '434\n']
04:13:01: INFO: test_env: For mutated code input:<!DOCTYPE html><body>o</body>:mutated code output:['o', '431\n']
04:13:02: INFO: test_env: for original code input:<!DOCTYPE html><body>w</body>:original code output:['w', '434\n']
04:13:02: INFO: test_env: For mutated code input:<!DOCTYPE html><body>w</body>:mutated code output:['w', '431\n']
04:13:04: INFO: test_env: for original code input:<!DOCTYPE html><body>w</body>:original code output:['w', '434\n']
04:13:04: INFO: test_env: For mutated code input:<!DOCTYPE html><body>w</body>:mutated code output:['w', '431\n']
04:13:04: INFO: <module>: iteration log:{"<!DOCTYPE html><body>jv</body>": [0, 434], "<!DOCTYPE html><body>5</body>": [0, 431], "<!DOCTYPE html><body>n</body>": [0, 431], "<!DOCTYPE html><body>o</body>": [0, 431], "<!DOCTYPE html><body>w</body>": [0, 431]}
04:13:04: INFO: <module>: for iteration:4:number of inputs:6
04:13:08: INFO: test_env: for original code input:<!DOCTYPE html><body><br><i>4</i>w</body>:original code output:['<br><i>4</i>w', '484\n']
04:13:08: INFO: test_env: For mutated code input:<!DOCTYPE html><body><br><i>4</i>w</body>:mutated code output:['<br><i>4</i>w', '481\n']
04:13:10: INFO: test_env: for original code input:<!DOCTYPE html><body><br><i>4</i>w</body>:original code output:['<br><i>4</i>w', '484\n']
04:13:10: INFO: test_env: For mutated code input:<!DOCTYPE html><body><br><i>4</i>w</body>:mutated code output:['<br><i>4</i>w', '481\n']
04:13:11: INFO: test_env: for original code input:<!DOCTYPE html><body><br>4</body>:original code output:['<br>4', '440\n']
04:13:11: INFO: test_env: For mutated code input:<!DOCTYPE html><body><br>4</body>:mutated code output:['<br>4', '437\n']
04:13:12: INFO: test_env: for original code input:<!DOCTYPE html><body><br>4</body>:original code output:['<br>4', '440\n']
04:13:12: INFO: test_env: For mutated code input:<!DOCTYPE html><body><br>4</body>:mutated code output:['<br>4', '437\n']
04:13:13: INFO: test_env: for original code input:<!DOCTYPE html><body><br>U</body>:original code output:['<br>U', '440\n']
04:13:13: INFO: test_env: For mutated code input:<!DOCTYPE html><body><br>U</body>:mutated code output:['<br>U', '437\n']
04:13:15: INFO: test_env: for original code input:<!DOCTYPE html><body><br>U</body>:original code output:['<br>U', '440\n']
04:13:15: INFO: test_env: For mutated code input:<!DOCTYPE html><body><br>U</body>:mutated code output:['<br>U', '437\n']
04:13:16: INFO: test_env: for original code input:<!DOCTYPE html><body>k</body>:original code output:['k', '434\n']
04:13:16: INFO: test_env: For mutated code input:<!DOCTYPE html><body>k</body>:mutated code output:['k', '431\n']
04:13:17: INFO: test_env: for original code input:<!DOCTYPE html><body>k</body>:original code output:['k', '434\n']
04:13:17: INFO: test_env: For mutated code input:<!DOCTYPE html><body>k</body>:mutated code output:['k', '431\n']
04:13:18: INFO: test_env: for original code input:<!DOCTYPE html><body>n</body>:original code output:['n', '434\n']
04:13:18: INFO: test_env: For mutated code input:<!DOCTYPE html><body>n</body>:mutated code output:['n', '431\n']
04:13:20: INFO: test_env: for original code input:<!DOCTYPE html><body>n</body>:original code output:['n', '434\n']
04:13:20: INFO: test_env: For mutated code input:<!DOCTYPE html><body>n</body>:mutated code output:['n', '431\n']
04:13:21: INFO: test_env: for original code input:<!DOCTYPE html><body>G</body>:original code output:['G', '434\n']
04:13:21: INFO: test_env: For mutated code input:<!DOCTYPE html><body>G</body>:mutated code output:['G', '431\n']
04:13:22: INFO: test_env: for original code input:<!DOCTYPE html><body>G</body>:original code output:['G', '434\n']
04:13:22: INFO: test_env: For mutated code input:<!DOCTYPE html><body>G</body>:mutated code output:['G', '431\n']
04:13:22: INFO: <module>: iteration log:{"<!DOCTYPE html><body><br><i>4</i>w</body>": [0, 481], "<!DOCTYPE html><body><br>4</body>": [0, 437], "<!DOCTYPE html><body><br>U</body>": [0, 437], "<!DOCTYPE html><body>k</body>": [0, 431], "<!DOCTYPE html><body>n</body>": [0, 431], "<!DOCTYPE html><body>G</body>": [0, 431]}
04:13:22: INFO: <module>: for iteration:5:number of inputs:6
04:13:27: INFO: test_env: for original code input:<!DOCTYPE html><body><br><br><br><br><br>6</body>:original code output:['<br><br><br><br><br>6', '441\n']
04:13:27: INFO: test_env: For mutated code input:<!DOCTYPE html><body><br><br><br><br><br>6</body>:mutated code output:['<br><br><br><br><br>6', '438\n']
04:13:28: INFO: test_env: for original code input:<!DOCTYPE html><body><br><br><br><br><br>6</body>:original code output:['<br><br><br><br><br>6', '441\n']
04:13:28: INFO: test_env: For mutated code input:<!DOCTYPE html><body><br><br><br><br><br>6</body>:mutated code output:['<br><br><br><br><br>6', '438\n']
04:13:29: INFO: test_env: for original code input:<!DOCTYPE html><body><br><i>3</i>Y</body>:original code output:['<br><i>3</i>Y', '484\n']
04:13:29: INFO: test_env: For mutated code input:<!DOCTYPE html><body><br><i>3</i>Y</body>:mutated code output:['<br><i>3</i>Y', '481\n']
04:13:31: INFO: test_env: for original code input:<!DOCTYPE html><body><br><i>3</i>Y</body>:original code output:['<br><i>3</i>Y', '484\n']
04:13:31: INFO: test_env: For mutated code input:<!DOCTYPE html><body><br><i>3</i>Y</body>:mutated code output:['<br><i>3</i>Y', '481\n']
04:13:32: INFO: test_env: for original code input:<!DOCTYPE html><body>o</body>:original code output:['o', '434\n']
04:13:32: INFO: test_env: For mutated code input:<!DOCTYPE html><body>o</body>:mutated code output:['o', '431\n']
04:13:33: INFO: test_env: for original code input:<!DOCTYPE html><body>o</body>:original code output:['o', '434\n']
04:13:33: INFO: test_env: For mutated code input:<!DOCTYPE html><body>o</body>:mutated code output:['o', '431\n']
04:13:34: INFO: test_env: for original code input:<!DOCTYPE html><body>Qt<br><br>g</body>:original code output:['Qt<br><br>g', '449\n']
04:13:34: INFO: test_env: For mutated code input:<!DOCTYPE html><body>Qt<br><br>g</body>:mutated code output:['Qt<br><br>g', '446\n']
04:13:36: INFO: test_env: for original code input:<!DOCTYPE html><body>Qt<br><br>g</body>:original code output:['Qt<br><br>g', '449\n']
04:13:36: INFO: test_env: For mutated code input:<!DOCTYPE html><body>Qt<br><br>g</body>:mutated code output:['Qt<br><br>g', '446\n']
04:13:37: INFO: test_env: for original code input:<!DOCTYPE html><body>o<br><br>n<br><br>r</body>:original code output:['o<br><br>n<br><br>r', '444\n']
04:13:37: INFO: test_env: For mutated code input:<!DOCTYPE html><body>o<br><br>n<br><br>r</body>:mutated code output:['o<br><br>n<br><br>r', '441\n']
04:13:38: INFO: test_env: for original code input:<!DOCTYPE html><body>o<br><br>n<br><br>r</body>:original code output:['o<br><br>n<br><br>r', '444\n']
04:13:38: INFO: test_env: For mutated code input:<!DOCTYPE html><body>o<br><br>n<br><br>r</body>:mutated code output:['o<br><br>n<br><br>r', '441\n']
04:13:39: INFO: test_env: for original code input:<!DOCTYPE html><body>w</body>:original code output:['w', '434\n']
04:13:39: INFO: test_env: For mutated code input:<!DOCTYPE html><body>w</body>:mutated code output:['w', '431\n']
04:13:41: INFO: test_env: for original code input:<!DOCTYPE html><body>w</body>:original code output:['w', '434\n']
04:13:41: INFO: test_env: For mutated code input:<!DOCTYPE html><body>w</body>:mutated code output:['w', '431\n']
04:13:41: INFO: <module>: iteration log:{"<!DOCTYPE html><body><br><br><br><br><br>6</body>": [0, 438], "<!DOCTYPE html><body><br><i>3</i>Y</body>": [0, 481], "<!DOCTYPE html><body>o</body>": [0, 431], "<!DOCTYPE html><body>Qt<br><br>g</body>": [0, 446], "<!DOCTYPE html><body>o<br><br>n<br><br>r</body>": [0, 441], "<!DOCTYPE html><body>w</body>": [0, 431]}
04:13:41: INFO: <module>: global iteration stats:{"1": [2, 476], "2": [2, 438], "3": [2, 434], "4": [2, 481], "5": [2, 481]}
