03:49:08: INFO: <module>: for iteration:1:number of inputs:5
03:49:13: INFO: test_env: for original code input:<!DOCTYPE html><body><br><br><br>o</body>:original code output:['<br><br><br>o', '441\n']
03:49:13: INFO: test_env: For mutated code input:<!DOCTYPE html><body><br><br><br>o</body>:mutated code output:['<br><br><br>o', '438\n']
03:49:15: INFO: test_env: for original code input:<!DOCTYPE html><body><br><br><br>o</body>:original code output:['<br><br><br>o', '441\n']
03:49:15: INFO: test_env: For mutated code input:<!DOCTYPE html><body><br><br><br>o</body>:mutated code output:['', '28\n']
03:49:15: INFO: test_env: Mutant killed with<!DOCTYPE html><body><br><br><br>o</body>! Current mutant killed list:{1}
03:49:15: INFO: test_env: for original code input:<!DOCTYPE html><body><br><br>w</body>:original code output:['<br><br>w', '441\n']
03:49:15: INFO: test_env: For mutated code input:<!DOCTYPE html><body><br><br>w</body>:mutated code output:['<br><br>w', '438\n']
03:49:17: INFO: test_env: for original code input:<!DOCTYPE html><body><br><br><br>o</body>:original code output:['<br><br><br>o', '441\n']
03:49:17: INFO: test_env: For mutated code input:<!DOCTYPE html><body><br><br><br>o</body>:mutated code output:['<br><br><br>o', '438\n']
03:49:17: INFO: test_env: for original code input:<!DOCTYPE html><body><br><br>w</body>:original code output:['<br><br>w', '441\n']
03:49:17: INFO: test_env: For mutated code input:<!DOCTYPE html><body><br><br>w</body>:mutated code output:['', '28\n']
03:49:17: INFO: test_env: Mutant killed with<!DOCTYPE html><body><br><br>w</body>! Current mutant killed list:{1}
03:49:18: INFO: test_env: for original code input:<!DOCTYPE html><body>3Y</body>:original code output:['3Y', '437\n']
03:49:18: INFO: test_env: For mutated code input:<!DOCTYPE html><body>3Y</body>:mutated code output:['3Y', '434\n']
03:49:19: INFO: test_env: for original code input:<!DOCTYPE html><body><br><br><br>o</body>:original code output:['<br><br><br>o', '441\n']
03:49:19: INFO: test_env: For mutated code input:<!DOCTYPE html><body><br><br><br>o</body>:mutated code output:['', '45\n']
03:49:19: INFO: test_env: Mutant killed with<!DOCTYPE html><body><br><br><br>o</body>! Current mutant killed list:{1, 3}
03:49:19: INFO: test_env: for original code input:<!DOCTYPE html><body><br><br>w</body>:original code output:['<br><br>w', '441\n']
03:49:19: INFO: test_env: For mutated code input:<!DOCTYPE html><body><br><br>w</body>:mutated code output:['<br><br>w', '438\n']
03:49:20: INFO: test_env: for original code input:<!DOCTYPE html><body>3Y</body>:original code output:['3Y', '437\n']
03:49:20: INFO: test_env: For mutated code input:<!DOCTYPE html><body>3Y</body>:mutated code output:['', '28\n']
03:49:20: INFO: test_env: Mutant killed with<!DOCTYPE html><body>3Y</body>! Current mutant killed list:{1, 3}
03:49:21: INFO: test_env: for original code input:<!DOCTYPE html><body><i>4</i>4</body>:original code output:['<i>4</i>4', '479\n']
03:49:21: INFO: test_env: For mutated code input:<!DOCTYPE html><body><i>4</i>4</body>:mutated code output:['<i>4</i>4', '476\n']
03:49:21: INFO: test_env: for original code input:<!DOCTYPE html><body><br><br><br>o</body>:original code output:['<br><br><br>o', '441\n']
03:49:21: INFO: test_env: For mutated code input:<!DOCTYPE html><body><br><br><br>o</body>:mutated code output:['', '313\n']
03:49:21: INFO: test_env: Mutant killed with<!DOCTYPE html><body><br><br><br>o</body>! Current mutant killed list:{1, 3, 4}
03:49:21: INFO: test_env: for original code input:<!DOCTYPE html><body><br><br>w</body>:original code output:['<br><br>w', '441\n']
03:49:21: INFO: test_env: For mutated code input:<!DOCTYPE html><body><br><br>w</body>:mutated code output:['', '45\n']
03:49:21: INFO: test_env: Mutant killed with<!DOCTYPE html><body><br><br>w</body>! Current mutant killed list:{1, 3, 4}
03:49:22: INFO: test_env: for original code input:<!DOCTYPE html><body>3Y</body>:original code output:['3Y', '437\n']
03:49:22: INFO: test_env: For mutated code input:<!DOCTYPE html><body>3Y</body>:mutated code output:['3Y', '434\n']
03:49:23: INFO: test_env: for original code input:<!DOCTYPE html><body><i>4</i>4</body>:original code output:['<i>4</i>4', '479\n']
03:49:23: INFO: test_env: For mutated code input:<!DOCTYPE html><body><i>4</i>4</body>:mutated code output:['', '28\n']
03:49:23: INFO: test_env: Mutant killed with<!DOCTYPE html><body><i>4</i>4</body>! Current mutant killed list:{1, 3, 4}
03:49:23: INFO: test_env: for original code input:<!DOCTYPE html><body><br>n</body>:original code output:['<br>n', '440\n']
03:49:23: INFO: test_env: For mutated code input:<!DOCTYPE html><body><br>n</body>:mutated code output:['<br>n', '437\n']
03:49:23: INFO: test_env: for original code input:<!DOCTYPE html><body><br><br>w</body>:original code output:['<br><br>w', '441\n']
03:49:23: INFO: test_env: For mutated code input:<!DOCTYPE html><body><br><br>w</body>:mutated code output:['', '313\n']
03:49:23: INFO: test_env: Mutant killed with<!DOCTYPE html><body><br><br>w</body>! Current mutant killed list:{1, 3, 4}
03:49:24: INFO: test_env: for original code input:<!DOCTYPE html><body>3Y</body>:original code output:['3Y', '437\n']
03:49:24: INFO: test_env: For mutated code input:<!DOCTYPE html><body>3Y</body>:mutated code output:['', '45\n']
03:49:24: INFO: test_env: Mutant killed with<!DOCTYPE html><body>3Y</body>! Current mutant killed list:{1, 3, 4}
03:49:25: INFO: test_env: for original code input:<!DOCTYPE html><body><i>4</i>4</body>:original code output:['<i>4</i>4', '479\n']
03:49:25: INFO: test_env: For mutated code input:<!DOCTYPE html><body><i>4</i>4</body>:mutated code output:['<i>4</i>4', '476\n']
03:49:25: INFO: test_env: for original code input:<!DOCTYPE html><body><br>n</body>:original code output:['<br>n', '440\n']
03:49:25: INFO: test_env: For mutated code input:<!DOCTYPE html><body><br>n</body>:mutated code output:['', '28\n']
03:49:25: INFO: test_env: Mutant killed with<!DOCTYPE html><body><br>n</body>! Current mutant killed list:{1, 3, 4}
03:49:26: INFO: test_env: for original code input:<!DOCTYPE html><body>3Y</body>:original code output:['3Y', '437\n']
03:49:26: INFO: test_env: For mutated code input:<!DOCTYPE html><body>3Y</body>:mutated code output:['', '313\n']
03:49:26: INFO: test_env: Mutant killed with<!DOCTYPE html><body>3Y</body>! Current mutant killed list:{1, 3, 4}
03:49:27: INFO: test_env: for original code input:<!DOCTYPE html><body><i>4</i>4</body>:original code output:['<i>4</i>4', '479\n']
03:49:27: INFO: test_env: For mutated code input:<!DOCTYPE html><body><i>4</i>4</body>:mutated code output:['', '45\n']
03:49:27: INFO: test_env: Mutant killed with<!DOCTYPE html><body><i>4</i>4</body>! Current mutant killed list:{1, 3, 4}
03:49:27: INFO: test_env: for original code input:<!DOCTYPE html><body><br>n</body>:original code output:['<br>n', '440\n']
03:49:27: INFO: test_env: For mutated code input:<!DOCTYPE html><body><br>n</body>:mutated code output:['<br>n', '437\n']
03:49:29: INFO: test_env: for original code input:<!DOCTYPE html><body><i>4</i>4</body>:original code output:['<i>4</i>4', '479\n']
03:49:29: INFO: test_env: For mutated code input:<!DOCTYPE html><body><i>4</i>4</body>:mutated code output:['', '313\n']
03:49:29: INFO: test_env: Mutant killed with<!DOCTYPE html><body><i>4</i>4</body>! Current mutant killed list:{1, 3, 4}
03:49:29: INFO: test_env: for original code input:<!DOCTYPE html><body><br>n</body>:original code output:['<br>n', '440\n']
03:49:29: INFO: test_env: For mutated code input:<!DOCTYPE html><body><br>n</body>:mutated code output:['', '45\n']
03:49:29: INFO: test_env: Mutant killed with<!DOCTYPE html><body><br>n</body>! Current mutant killed list:{1, 3, 4}
03:49:31: INFO: test_env: for original code input:<!DOCTYPE html><body><br>n</body>:original code output:['<br>n', '440\n']
03:49:31: INFO: test_env: For mutated code input:<!DOCTYPE html><body><br>n</body>:mutated code output:['', '313\n']
03:49:31: INFO: test_env: Mutant killed with<!DOCTYPE html><body><br>n</body>! Current mutant killed list:{1, 3, 4}
03:49:31: INFO: <module>: iteration log:{"<!DOCTYPE html><body><br><br><br>o</body>": [3, 438], "<!DOCTYPE html><body><br><br>w</body>": [3, 438], "<!DOCTYPE html><body>3Y</body>": [3, 434], "<!DOCTYPE html><body><i>4</i>4</body>": [3, 476], "<!DOCTYPE html><body><br>n</body>": [3, 437]}
03:49:31: INFO: <module>: for iteration:2:number of inputs:5
03:49:35: INFO: test_env: for original code input:<!DOCTYPE html><body><br><br>0</body>:original code output:['<br><br>0', '441\n']
03:49:35: INFO: test_env: For mutated code input:<!DOCTYPE html><body><br><br>0</body>:mutated code output:['<br><br>0', '438\n']
03:49:37: INFO: test_env: for original code input:<!DOCTYPE html><body><br><br>0</body>:original code output:['<br><br>0', '441\n']
03:49:37: INFO: test_env: For mutated code input:<!DOCTYPE html><body><br><br>0</body>:mutated code output:['<br><br>0', '438\n']
03:49:38: INFO: test_env: for original code input:<!DOCTYPE html><body>gr<br><br><br>2</body>:original code output:['gr<br><br><br>2', '449\n']
03:49:38: INFO: test_env: For mutated code input:<!DOCTYPE html><body>gr<br><br><br>2</body>:mutated code output:['gr<br><br><br>2', '446\n']
03:49:39: INFO: test_env: for original code input:<!DOCTYPE html><body>gr<br><br><br>2</body>:original code output:['gr<br><br><br>2', '449\n']
03:49:39: INFO: test_env: For mutated code input:<!DOCTYPE html><body>gr<br><br><br>2</body>:mutated code output:['gr<br><br><br>2', '446\n']
03:49:40: INFO: test_env: for original code input:<!DOCTYPE html><body><br>Pd<br><br>W</body>:original code output:['<br>Pd<br><br>W', '446\n']
03:49:40: INFO: test_env: For mutated code input:<!DOCTYPE html><body><br>Pd<br><br>W</body>:mutated code output:['<br>Pd<br><br>W', '443\n']
03:49:42: INFO: test_env: for original code input:<!DOCTYPE html><body><br>Pd<br><br>W</body>:original code output:['<br>Pd<br><br>W', '446\n']
03:49:42: INFO: test_env: For mutated code input:<!DOCTYPE html><body><br>Pd<br><br>W</body>:mutated code output:['<br>Pd<br><br>W', '443\n']
03:49:43: INFO: test_env: for original code input:<!DOCTYPE html><body><br><br>H</body>:original code output:['<br><br>H', '441\n']
03:49:43: INFO: test_env: For mutated code input:<!DOCTYPE html><body><br><br>H</body>:mutated code output:['<br><br>H', '438\n']
03:49:45: INFO: test_env: for original code input:<!DOCTYPE html><body><br><br>H</body>:original code output:['<br><br>H', '441\n']
03:49:45: INFO: test_env: For mutated code input:<!DOCTYPE html><body><br><br>H</body>:mutated code output:['<br><br>H', '438\n']
03:49:45: INFO: test_env: for original code input:<!DOCTYPE html><body><br><br>g<br>7</body>:original code output:['<br><br>g<br>7', '441\n']
03:49:45: INFO: test_env: For mutated code input:<!DOCTYPE html><body><br><br>g<br>7</body>:mutated code output:['<br><br>g<br>7', '438\n']
03:49:47: INFO: test_env: for original code input:<!DOCTYPE html><body><br><br>g<br>7</body>:original code output:['<br><br>g<br>7', '441\n']
03:49:47: INFO: test_env: For mutated code input:<!DOCTYPE html><body><br><br>g<br>7</body>:mutated code output:['<br><br>g<br>7', '438\n']
03:49:47: INFO: <module>: iteration log:{"<!DOCTYPE html><body><br><br>0</body>": [0, 438], "<!DOCTYPE html><body>gr<br><br><br>2</body>": [0, 446], "<!DOCTYPE html><body><br>Pd<br><br>W</body>": [0, 443], "<!DOCTYPE html><body><br><br>H</body>": [0, 438], "<!DOCTYPE html><body><br><br>g<br>7</body>": [0, 438]}
03:49:47: INFO: <module>: for iteration:3:number of inputs:5
03:49:52: INFO: test_env: for original code input:<!DOCTYPE html><body><br><br><br><br>C</body>:original code output:['<br><br><br><br>C', '441\n']
03:49:52: INFO: test_env: For mutated code input:<!DOCTYPE html><body><br><br><br><br>C</body>:mutated code output:['<br><br><br><br>C', '438\n']
03:49:53: INFO: test_env: for original code input:<!DOCTYPE html><body><br><br><br><br>C</body>:original code output:['<br><br><br><br>C', '441\n']
03:49:53: INFO: test_env: For mutated code input:<!DOCTYPE html><body><br><br><br><br>C</body>:mutated code output:['<br><br><br><br>C', '438\n']
03:49:54: INFO: test_env: for original code input:<!DOCTYPE html><body><br><br><br>re</body>:original code output:['<br><br><br>re', '444\n']
03:49:54: INFO: test_env: For mutated code input:<!DOCTYPE html><body><br><br><br>re</body>:mutated code output:['<br><br><br>re', '441\n']
03:49:56: INFO: test_env: for original code input:<!DOCTYPE html><body><br><br><br>re</body>:original code output:['<br><br><br>re', '444\n']
03:49:56: INFO: test_env: For mutated code input:<!DOCTYPE html><body><br><br><br>re</body>:mutated code output:['<br><br><br>re', '441\n']
03:49:57: INFO: test_env: for original code input:<!DOCTYPE html><body><script>G</script><br>E</body>:original code output:['<body><script>G</script><br>E', '484\n']
03:49:57: INFO: test_env: For mutated code input:<!DOCTYPE html><body><script>G</script><br>E</body>:mutated code output:['<body><script>G</script><br>E', '481\n']
03:49:58: INFO: test_env: for original code input:<!DOCTYPE html><body><script>G</script><br>E</body>:original code output:['<body><script>G</script><br>E', '484\n']
03:49:58: INFO: test_env: For mutated code input:<!DOCTYPE html><body><script>G</script><br>E</body>:mutated code output:['<body><script>G</script><br>E', '481\n']
03:49:59: INFO: test_env: for original code input:<!DOCTYPE html><body><div>V</div>hjw</body>:original code output:['<div>V</div>hjw', '457\n']
03:49:59: INFO: test_env: For mutated code input:<!DOCTYPE html><body><div>V</div>hjw</body>:mutated code output:['<div>V</div>hjw', '454\n']
03:50:01: INFO: test_env: for original code input:<!DOCTYPE html><body><div>V</div>hjw</body>:original code output:['<div>V</div>hjw', '457\n']
03:50:01: INFO: test_env: For mutated code input:<!DOCTYPE html><body><div>V</div>hjw</body>:mutated code output:['<div>V</div>hjw', '454\n']
03:50:02: INFO: test_env: for original code input:<!DOCTYPE html><body><br><br>P<br>G</body>:original code output:['<br><br>P<br>G', '441\n']
03:50:02: INFO: test_env: For mutated code input:<!DOCTYPE html><body><br><br>P<br>G</body>:mutated code output:['<br><br>P<br>G', '438\n']
03:50:03: INFO: test_env: for original code input:<!DOCTYPE html><body><br><br>P<br>G</body>:original code output:['<br><br>P<br>G', '441\n']
03:50:03: INFO: test_env: For mutated code input:<!DOCTYPE html><body><br><br>P<br>G</body>:mutated code output:['<br><br>P<br>G', '438\n']
03:50:03: INFO: <module>: iteration log:{"<!DOCTYPE html><body><br><br><br><br>C</body>": [0, 438], "<!DOCTYPE html><body><br><br><br>re</body>": [0, 441], "<!DOCTYPE html><body><script>G</script><br>E</body>": [0, 481], "<!DOCTYPE html><body><div>V</div>hjw</body>": [0, 454], "<!DOCTYPE html><body><br><br>P<br>G</body>": [0, 438]}
03:50:04: INFO: <module>: for iteration:4:number of inputs:5
03:50:08: INFO: test_env: for original code input:<!DOCTYPE html><body>Z</body>:original code output:['Z', '434\n']
03:50:08: INFO: test_env: For mutated code input:<!DOCTYPE html><body>Z</body>:mutated code output:['Z', '431\n']
03:50:09: INFO: test_env: for original code input:<!DOCTYPE html><body>Z</body>:original code output:['Z', '434\n']
03:50:09: INFO: test_env: For mutated code input:<!DOCTYPE html><body>Z</body>:mutated code output:['Z', '431\n']
03:50:10: INFO: test_env: for original code input:<!DOCTYPE html><body>n</body>:original code output:['n', '434\n']
03:50:10: INFO: test_env: For mutated code input:<!DOCTYPE html><body>n</body>:mutated code output:['n', '431\n']
03:50:12: INFO: test_env: for original code input:<!DOCTYPE html><body>n</body>:original code output:['n', '434\n']
03:50:12: INFO: test_env: For mutated code input:<!DOCTYPE html><body>n</body>:mutated code output:['n', '431\n']
03:50:13: INFO: test_env: for original code input:<!DOCTYPE html><body>5je</body>:original code output:['5je', '437\n']
03:50:13: INFO: test_env: For mutated code input:<!DOCTYPE html><body>5je</body>:mutated code output:['5je', '434\n']
03:50:14: INFO: test_env: for original code input:<!DOCTYPE html><body>5je</body>:original code output:['5je', '437\n']
03:50:14: INFO: test_env: For mutated code input:<!DOCTYPE html><body>5je</body>:mutated code output:['5je', '434\n']
03:50:15: INFO: test_env: for original code input:<!DOCTYPE html><body><br><i>k</i><br><br><br>w</body>:original code output:['<br><i>k</i><br><br><br>w', '485\n']
03:50:15: INFO: test_env: For mutated code input:<!DOCTYPE html><body><br><i>k</i><br><br><br>w</body>:mutated code output:['<br><i>k</i><br><br><br>w', '482\n']
03:50:17: INFO: test_env: for original code input:<!DOCTYPE html><body><br><i>k</i><br><br><br>w</body>:original code output:['<br><i>k</i><br><br><br>w', '485\n']
03:50:17: INFO: test_env: For mutated code input:<!DOCTYPE html><body><br><i>k</i><br><br><br>w</body>:mutated code output:['<br><i>k</i><br><br><br>w', '482\n']
03:50:18: INFO: test_env: for original code input:<!DOCTYPE html><body><br><br>G</body>:original code output:['<br><br>G', '441\n']
03:50:18: INFO: test_env: For mutated code input:<!DOCTYPE html><body><br><br>G</body>:mutated code output:['<br><br>G', '438\n']
03:50:19: INFO: test_env: for original code input:<!DOCTYPE html><body><br><br>G</body>:original code output:['<br><br>G', '441\n']
03:50:19: INFO: test_env: For mutated code input:<!DOCTYPE html><body><br><br>G</body>:mutated code output:['<br><br>G', '438\n']
03:50:19: INFO: <module>: iteration log:{"<!DOCTYPE html><body>Z</body>": [0, 431], "<!DOCTYPE html><body>n</body>": [0, 431], "<!DOCTYPE html><body>5je</body>": [0, 434], "<!DOCTYPE html><body><br><i>k</i><br><br><br>w</body>": [0, 482], "<!DOCTYPE html><body><br><br>G</body>": [0, 438]}
03:50:20: INFO: <module>: for iteration:5:number of inputs:5
03:50:24: INFO: test_env: for original code input:<!DOCTYPE html><body>E</body>:original code output:['E', '434\n']
03:50:24: INFO: test_env: For mutated code input:<!DOCTYPE html><body>E</body>:mutated code output:['E', '431\n']
03:50:25: INFO: test_env: for original code input:<!DOCTYPE html><body>E</body>:original code output:['E', '434\n']
03:50:25: INFO: test_env: For mutated code input:<!DOCTYPE html><body>E</body>:mutated code output:['E', '431\n']
03:50:27: INFO: test_env: for original code input:<!DOCTYPE html><body>UG</body>:original code output:['UG', '437\n']
03:50:27: INFO: test_env: For mutated code input:<!DOCTYPE html><body>UG</body>:mutated code output:['UG', '434\n']
03:50:28: INFO: test_env: for original code input:<!DOCTYPE html><body>UG</body>:original code output:['UG', '437\n']
03:50:28: INFO: test_env: For mutated code input:<!DOCTYPE html><body>UG</body>:mutated code output:['UG', '434\n']
03:50:29: INFO: test_env: for original code input:<!DOCTYPE html><body>Ye</body>:original code output:['Ye', '437\n']
03:50:29: INFO: test_env: For mutated code input:<!DOCTYPE html><body>Ye</body>:mutated code output:['Ye', '434\n']
03:50:30: INFO: test_env: for original code input:<!DOCTYPE html><body>Ye</body>:original code output:['Ye', '437\n']
03:50:30: INFO: test_env: For mutated code input:<!DOCTYPE html><body>Ye</body>:mutated code output:['Ye', '434\n']
03:50:32: INFO: test_env: for original code input:<!DOCTYPE html><body>VV<br>nw</body>:original code output:['VV<br>nw', '446\n']
03:50:32: INFO: test_env: For mutated code input:<!DOCTYPE html><body>VV<br>nw</body>:mutated code output:['VV<br>nw', '443\n']
03:50:33: INFO: test_env: for original code input:<!DOCTYPE html><body>VV<br>nw</body>:original code output:['VV<br>nw', '446\n']
03:50:33: INFO: test_env: For mutated code input:<!DOCTYPE html><body>VV<br>nw</body>:mutated code output:['VV<br>nw', '443\n']
03:50:34: INFO: test_env: for original code input:<!DOCTYPE html><body>g</body>:original code output:['g', '434\n']
03:50:34: INFO: test_env: For mutated code input:<!DOCTYPE html><body>g</body>:mutated code output:['g', '431\n']
03:50:35: INFO: test_env: for original code input:<!DOCTYPE html><body>g</body>:original code output:['g', '434\n']
03:50:35: INFO: test_env: For mutated code input:<!DOCTYPE html><body>g</body>:mutated code output:['g', '431\n']
03:50:35: INFO: <module>: iteration log:{"<!DOCTYPE html><body>E</body>": [0, 431], "<!DOCTYPE html><body>UG</body>": [0, 434], "<!DOCTYPE html><body>Ye</body>": [0, 434], "<!DOCTYPE html><body>VV<br>nw</body>": [0, 443], "<!DOCTYPE html><body>g</body>": [0, 431]}
03:50:35: INFO: <module>: global iteration stats:{"1": [2, 476], "2": [2, 446], "3": [2, 481], "4": [2, 482], "5": [2, 443]}
