04:01:22: INFO: <module>: for iteration:1:number of inputs:6
04:01:27: INFO: test_env: for original code input:<!DOCTYPE html><body>3Y</body>:original code output:['3Y', '437\n']
04:01:27: INFO: test_env: For mutated code input:<!DOCTYPE html><body>3Y</body>:mutated code output:['3Y', '434\n']
04:01:29: INFO: test_env: for original code input:<!DOCTYPE html><body>3Y</body>:original code output:['3Y', '437\n']
04:01:29: INFO: test_env: For mutated code input:<!DOCTYPE html><body>3Y</body>:mutated code output:['', '28\n']
04:01:29: INFO: test_env: Mutant killed with<!DOCTYPE html><body>3Y</body>! Current mutant killed list:{1}
04:01:30: INFO: test_env: for original code input:<!DOCTYPE html><body><br><br><br>o</body>:original code output:['<br><br><br>o', '441\n']
04:01:30: INFO: test_env: For mutated code input:<!DOCTYPE html><body><br><br><br>o</body>:mutated code output:['<br><br><br>o', '438\n']
04:01:31: INFO: test_env: for original code input:<!DOCTYPE html><body>3Y</body>:original code output:['3Y', '437\n']
04:01:31: INFO: test_env: For mutated code input:<!DOCTYPE html><body>3Y</body>:mutated code output:['3Y', '434\n']
04:01:32: INFO: test_env: for original code input:<!DOCTYPE html><body><br><br><br>o</body>:original code output:['<br><br><br>o', '441\n']
04:01:32: INFO: test_env: For mutated code input:<!DOCTYPE html><body><br><br><br>o</body>:mutated code output:['', '28\n']
04:01:32: INFO: test_env: Mutant killed with<!DOCTYPE html><body><br><br><br>o</body>! Current mutant killed list:{1}
04:01:32: INFO: test_env: for original code input:<!DOCTYPE html><body>w</body>:original code output:['w', '434\n']
04:01:32: INFO: test_env: For mutated code input:<!DOCTYPE html><body>w</body>:mutated code output:['w', '431\n']
04:01:33: INFO: test_env: for original code input:<!DOCTYPE html><body>3Y</body>:original code output:['3Y', '437\n']
04:01:33: INFO: test_env: For mutated code input:<!DOCTYPE html><body>3Y</body>:mutated code output:['', '45\n']
04:01:33: INFO: test_env: Mutant killed with<!DOCTYPE html><body>3Y</body>! Current mutant killed list:{1, 3}
04:01:34: INFO: test_env: for original code input:<!DOCTYPE html><body><br><br><br>o</body>:original code output:['<br><br><br>o', '441\n']
04:01:34: INFO: test_env: For mutated code input:<!DOCTYPE html><body><br><br><br>o</body>:mutated code output:['<br><br><br>o', '438\n']
04:01:34: INFO: test_env: for original code input:<!DOCTYPE html><body>w</body>:original code output:['w', '434\n']
04:01:34: INFO: test_env: For mutated code input:<!DOCTYPE html><body>w</body>:mutated code output:['', '28\n']
04:01:34: INFO: test_env: Mutant killed with<!DOCTYPE html><body>w</body>! Current mutant killed list:{1, 3}
04:01:35: INFO: test_env: for original code input:<!DOCTYPE html><body><br>n</body>:original code output:['<br>n', '440\n']
04:01:35: INFO: test_env: For mutated code input:<!DOCTYPE html><body><br>n</body>:mutated code output:['<br>n', '437\n']
04:01:35: INFO: test_env: for original code input:<!DOCTYPE html><body>3Y</body>:original code output:['3Y', '437\n']
04:01:35: INFO: test_env: For mutated code input:<!DOCTYPE html><body>3Y</body>:mutated code output:['', '313\n']
04:01:35: INFO: test_env: Mutant killed with<!DOCTYPE html><body>3Y</body>! Current mutant killed list:{1, 3, 4}
04:01:36: INFO: test_env: for original code input:<!DOCTYPE html><body><br><br><br>o</body>:original code output:['<br><br><br>o', '441\n']
04:01:36: INFO: test_env: For mutated code input:<!DOCTYPE html><body><br><br><br>o</body>:mutated code output:['', '45\n']
04:01:36: INFO: test_env: Mutant killed with<!DOCTYPE html><body><br><br><br>o</body>! Current mutant killed list:{1, 3, 4}
04:01:36: INFO: test_env: for original code input:<!DOCTYPE html><body>w</body>:original code output:['w', '434\n']
04:01:36: INFO: test_env: For mutated code input:<!DOCTYPE html><body>w</body>:mutated code output:['w', '431\n']
04:01:37: INFO: test_env: for original code input:<!DOCTYPE html><body><br>n</body>:original code output:['<br>n', '440\n']
04:01:37: INFO: test_env: For mutated code input:<!DOCTYPE html><body><br>n</body>:mutated code output:['', '28\n']
04:01:37: INFO: test_env: Mutant killed with<!DOCTYPE html><body><br>n</body>! Current mutant killed list:{1, 3, 4}
04:01:38: INFO: test_env: for original code input:<!DOCTYPE html><body><i>4</i>4</body>:original code output:['<i>4</i>4', '479\n']
04:01:38: INFO: test_env: For mutated code input:<!DOCTYPE html><body><i>4</i>4</body>:mutated code output:['<i>4</i>4', '476\n']
04:01:38: INFO: test_env: for original code input:<!DOCTYPE html><body><br><br><br>o</body>:original code output:['<br><br><br>o', '441\n']
04:01:38: INFO: test_env: For mutated code input:<!DOCTYPE html><body><br><br><br>o</body>:mutated code output:['', '313\n']
04:01:38: INFO: test_env: Mutant killed with<!DOCTYPE html><body><br><br><br>o</body>! Current mutant killed list:{1, 3, 4}
04:01:38: INFO: test_env: for original code input:<!DOCTYPE html><body>w</body>:original code output:['w', '434\n']
04:01:38: INFO: test_env: For mutated code input:<!DOCTYPE html><body>w</body>:mutated code output:['', '45\n']
04:01:38: INFO: test_env: Mutant killed with<!DOCTYPE html><body>w</body>! Current mutant killed list:{1, 3, 4}
04:01:39: INFO: test_env: for original code input:<!DOCTYPE html><body><br>n</body>:original code output:['<br>n', '440\n']
04:01:39: INFO: test_env: For mutated code input:<!DOCTYPE html><body><br>n</body>:mutated code output:['<br>n', '437\n']
04:01:40: INFO: test_env: for original code input:<!DOCTYPE html><body><i>4</i>4</body>:original code output:['<i>4</i>4', '479\n']
04:01:40: INFO: test_env: For mutated code input:<!DOCTYPE html><body><i>4</i>4</body>:mutated code output:['', '28\n']
04:01:40: INFO: test_env: Mutant killed with<!DOCTYPE html><body><i>4</i>4</body>! Current mutant killed list:{1, 3, 4}
04:01:40: INFO: test_env: for original code input:<!DOCTYPE html><body><br><br>w</body>:original code output:['<br><br>w', '441\n']
04:01:40: INFO: test_env: For mutated code input:<!DOCTYPE html><body><br><br>w</body>:mutated code output:['<br><br>w', '438\n']
04:01:40: INFO: test_env: for original code input:<!DOCTYPE html><body>w</body>:original code output:['w', '434\n']
04:01:40: INFO: test_env: For mutated code input:<!DOCTYPE html><body>w</body>:mutated code output:['', '313\n']
04:01:40: INFO: test_env: Mutant killed with<!DOCTYPE html><body>w</body>! Current mutant killed list:{1, 3, 4}
04:01:41: INFO: test_env: for original code input:<!DOCTYPE html><body><br>n</body>:original code output:['<br>n', '440\n']
04:01:41: INFO: test_env: For mutated code input:<!DOCTYPE html><body><br>n</body>:mutated code output:['', '45\n']
04:01:41: INFO: test_env: Mutant killed with<!DOCTYPE html><body><br>n</body>! Current mutant killed list:{1, 3, 4}
04:01:42: INFO: test_env: for original code input:<!DOCTYPE html><body><i>4</i>4</body>:original code output:['<i>4</i>4', '479\n']
04:01:42: INFO: test_env: For mutated code input:<!DOCTYPE html><body><i>4</i>4</body>:mutated code output:['<i>4</i>4', '476\n']
04:01:42: INFO: test_env: for original code input:<!DOCTYPE html><body><br><br>w</body>:original code output:['<br><br>w', '441\n']
04:01:42: INFO: test_env: For mutated code input:<!DOCTYPE html><body><br><br>w</body>:mutated code output:['', '28\n']
04:01:42: INFO: test_env: Mutant killed with<!DOCTYPE html><body><br><br>w</body>! Current mutant killed list:{1, 3, 4}
04:01:43: INFO: test_env: for original code input:<!DOCTYPE html><body><br>n</body>:original code output:['<br>n', '440\n']
04:01:43: INFO: test_env: For mutated code input:<!DOCTYPE html><body><br>n</body>:mutated code output:['', '313\n']
04:01:43: INFO: test_env: Mutant killed with<!DOCTYPE html><body><br>n</body>! Current mutant killed list:{1, 3, 4}
04:01:44: INFO: test_env: for original code input:<!DOCTYPE html><body><i>4</i>4</body>:original code output:['<i>4</i>4', '479\n']
04:01:44: INFO: test_env: For mutated code input:<!DOCTYPE html><body><i>4</i>4</body>:mutated code output:['', '45\n']
04:01:44: INFO: test_env: Mutant killed with<!DOCTYPE html><body><i>4</i>4</body>! Current mutant killed list:{1, 3, 4}
04:01:44: INFO: test_env: for original code input:<!DOCTYPE html><body><br><br>w</body>:original code output:['<br><br>w', '441\n']
04:01:44: INFO: test_env: For mutated code input:<!DOCTYPE html><body><br><br>w</body>:mutated code output:['<br><br>w', '438\n']
04:01:46: INFO: test_env: for original code input:<!DOCTYPE html><body><i>4</i>4</body>:original code output:['<i>4</i>4', '479\n']
04:01:46: INFO: test_env: For mutated code input:<!DOCTYPE html><body><i>4</i>4</body>:mutated code output:['', '313\n']
04:01:46: INFO: test_env: Mutant killed with<!DOCTYPE html><body><i>4</i>4</body>! Current mutant killed list:{1, 3, 4}
04:01:46: INFO: test_env: for original code input:<!DOCTYPE html><body><br><br>w</body>:original code output:['<br><br>w', '441\n']
04:01:46: INFO: test_env: For mutated code input:<!DOCTYPE html><body><br><br>w</body>:mutated code output:['', '45\n']
04:01:46: INFO: test_env: Mutant killed with<!DOCTYPE html><body><br><br>w</body>! Current mutant killed list:{1, 3, 4}
04:01:48: INFO: test_env: for original code input:<!DOCTYPE html><body><br><br>w</body>:original code output:['<br><br>w', '441\n']
04:01:48: INFO: test_env: For mutated code input:<!DOCTYPE html><body><br><br>w</body>:mutated code output:['', '313\n']
04:01:48: INFO: test_env: Mutant killed with<!DOCTYPE html><body><br><br>w</body>! Current mutant killed list:{1, 3, 4}
04:01:48: INFO: <module>: iteration log:{"<!DOCTYPE html><body>3Y</body>": [3, 434], "<!DOCTYPE html><body><br><br><br>o</body>": [3, 438], "<!DOCTYPE html><body>w</body>": [3, 431], "<!DOCTYPE html><body><br>n</body>": [3, 437], "<!DOCTYPE html><body><i>4</i>4</body>": [3, 476], "<!DOCTYPE html><body><br><br>w</body>": [3, 438]}
04:01:48: INFO: <module>: for iteration:2:number of inputs:6
04:01:53: INFO: test_env: for original code input:<!DOCTYPE html><body><br><br>4</body>:original code output:['<br><br>4', '441\n']
04:01:53: INFO: test_env: For mutated code input:<!DOCTYPE html><body><br><br>4</body>:mutated code output:['<br><br>4', '438\n']
04:01:54: INFO: test_env: for original code input:<!DOCTYPE html><body><br><br>4</body>:original code output:['<br><br>4', '441\n']
04:01:54: INFO: test_env: For mutated code input:<!DOCTYPE html><body><br><br>4</body>:mutated code output:['<br><br>4', '438\n']
04:01:55: INFO: test_env: for original code input:<!DOCTYPE html><body><br>27<br><br>HL</body>:original code output:['<br>27<br><br>HL', '444\n']
04:01:55: INFO: test_env: For mutated code input:<!DOCTYPE html><body><br>27<br><br>HL</body>:mutated code output:['<br>27<br><br>HL', '441\n']
04:01:57: INFO: test_env: for original code input:<!DOCTYPE html><body><br>27<br><br>HL</body>:original code output:['<br>27<br><br>HL', '444\n']
04:01:57: INFO: test_env: For mutated code input:<!DOCTYPE html><body><br>27<br><br>HL</body>:mutated code output:['<br>27<br><br>HL', '441\n']
04:01:58: INFO: test_env: for original code input:<!DOCTYPE html><body>w</body>:original code output:['w', '434\n']
04:01:58: INFO: test_env: For mutated code input:<!DOCTYPE html><body>w</body>:mutated code output:['w', '431\n']
04:01:59: INFO: test_env: for original code input:<!DOCTYPE html><body>w</body>:original code output:['w', '434\n']
04:01:59: INFO: test_env: For mutated code input:<!DOCTYPE html><body>w</body>:mutated code output:['w', '431\n']
04:02:00: INFO: test_env: for original code input:<!DOCTYPE html><body>np</body>:original code output:['np', '437\n']
04:02:00: INFO: test_env: For mutated code input:<!DOCTYPE html><body>np</body>:mutated code output:['np', '434\n']
04:02:02: INFO: test_env: for original code input:<!DOCTYPE html><body>np</body>:original code output:['np', '437\n']
04:02:02: INFO: test_env: For mutated code input:<!DOCTYPE html><body>np</body>:mutated code output:['np', '434\n']
04:02:03: INFO: test_env: for original code input:<!DOCTYPE html><body><br><br>w</body>:original code output:['<br><br>w', '441\n']
04:02:03: INFO: test_env: For mutated code input:<!DOCTYPE html><body><br><br>w</body>:mutated code output:['<br><br>w', '438\n']
04:02:04: INFO: test_env: for original code input:<!DOCTYPE html><body><br><br>w</body>:original code output:['<br><br>w', '441\n']
04:02:04: INFO: test_env: For mutated code input:<!DOCTYPE html><body><br><br>w</body>:mutated code output:['<br><br>w', '438\n']
04:02:05: INFO: test_env: for original code input:<!DOCTYPE html><body>Z<br><br>T</body>:original code output:['Z<br><br>T', '444\n']
04:02:05: INFO: test_env: For mutated code input:<!DOCTYPE html><body>Z<br><br>T</body>:mutated code output:['Z<br><br>T', '441\n']
04:02:07: INFO: test_env: for original code input:<!DOCTYPE html><body>Z<br><br>T</body>:original code output:['Z<br><br>T', '444\n']
04:02:07: INFO: test_env: For mutated code input:<!DOCTYPE html><body>Z<br><br>T</body>:mutated code output:['Z<br><br>T', '441\n']
04:02:07: INFO: <module>: iteration log:{"<!DOCTYPE html><body><br><br>4</body>": [0, 438], "<!DOCTYPE html><body><br>27<br><br>HL</body>": [0, 441], "<!DOCTYPE html><body>w</body>": [0, 431], "<!DOCTYPE html><body>np</body>": [0, 434], "<!DOCTYPE html><body><br><br>w</body>": [0, 438], "<!DOCTYPE html><body>Z<br><br>T</body>": [0, 441]}
04:02:07: INFO: <module>: for iteration:3:number of inputs:6
04:02:11: INFO: test_env: for original code input:<!DOCTYPE html><body><br>w</body>:original code output:['<br>w', '440\n']
04:02:11: INFO: test_env: For mutated code input:<!DOCTYPE html><body><br>w</body>:mutated code output:['<br>w', '437\n']
04:02:13: INFO: test_env: for original code input:<!DOCTYPE html><body><br>w</body>:original code output:['<br>w', '440\n']
04:02:13: INFO: test_env: For mutated code input:<!DOCTYPE html><body><br>w</body>:mutated code output:['<br>w', '437\n']
04:02:14: INFO: test_env: for original code input:<!DOCTYPE html><body>i</body>:original code output:['i', '434\n']
04:02:14: INFO: test_env: For mutated code input:<!DOCTYPE html><body>i</body>:mutated code output:['i', '431\n']
04:02:15: INFO: test_env: for original code input:<!DOCTYPE html><body>i</body>:original code output:['i', '434\n']
04:02:15: INFO: test_env: For mutated code input:<!DOCTYPE html><body>i</body>:mutated code output:['i', '431\n']
04:02:16: INFO: test_env: for original code input:<!DOCTYPE html><body><br><br><br>Y</body>:original code output:['<br><br><br>Y', '441\n']
04:02:16: INFO: test_env: For mutated code input:<!DOCTYPE html><body><br><br><br>Y</body>:mutated code output:['<br><br><br>Y', '438\n']
04:02:18: INFO: test_env: for original code input:<!DOCTYPE html><body><br><br><br>Y</body>:original code output:['<br><br><br>Y', '441\n']
04:02:18: INFO: test_env: For mutated code input:<!DOCTYPE html><body><br><br><br>Y</body>:mutated code output:['<br><br><br>Y', '438\n']
04:02:19: INFO: test_env: for original code input:<!DOCTYPE html><body>Y</body>:original code output:['Y', '434\n']
04:02:19: INFO: test_env: For mutated code input:<!DOCTYPE html><body>Y</body>:mutated code output:['Y', '431\n']
04:02:20: INFO: test_env: for original code input:<!DOCTYPE html><body>Y</body>:original code output:['Y', '434\n']
04:02:20: INFO: test_env: For mutated code input:<!DOCTYPE html><body>Y</body>:mutated code output:['Y', '431\n']
04:02:21: INFO: test_env: for original code input:<!DOCTYPE html><body>o</body>:original code output:['o', '434\n']
04:02:21: INFO: test_env: For mutated code input:<!DOCTYPE html><body>o</body>:mutated code output:['o', '431\n']
04:02:23: INFO: test_env: for original code input:<!DOCTYPE html><body>o</body>:original code output:['o', '434\n']
04:02:23: INFO: test_env: For mutated code input:<!DOCTYPE html><body>o</body>:mutated code output:['o', '431\n']
04:02:24: INFO: test_env: for original code input:<!DOCTYPE html><body><br><br><br><br>a</body>:original code output:['<br><br><br><br>a', '441\n']
04:02:24: INFO: test_env: For mutated code input:<!DOCTYPE html><body><br><br><br><br>a</body>:mutated code output:['<br><br><br><br>a', '438\n']
04:02:25: INFO: test_env: for original code input:<!DOCTYPE html><body><br><br><br><br>a</body>:original code output:['<br><br><br><br>a', '441\n']
04:02:25: INFO: test_env: For mutated code input:<!DOCTYPE html><body><br><br><br><br>a</body>:mutated code output:['<br><br><br><br>a', '438\n']
04:02:25: INFO: <module>: iteration log:{"<!DOCTYPE html><body><br>w</body>": [0, 437], "<!DOCTYPE html><body>i</body>": [0, 431], "<!DOCTYPE html><body><br><br><br>Y</body>": [0, 438], "<!DOCTYPE html><body>Y</body>": [0, 431], "<!DOCTYPE html><body>o</body>": [0, 431], "<!DOCTYPE html><body><br><br><br><br>a</body>": [0, 438]}
04:02:25: INFO: <module>: for iteration:4:number of inputs:6
04:02:30: INFO: test_env: for original code input:<!DOCTYPE html><body><br>	D</body>:original code output:['<br>\tD', '445\n']
04:02:30: INFO: test_env: For mutated code input:<!DOCTYPE html><body><br>	D</body>:mutated code output:['<br>\tD', '442\n']
04:02:31: INFO: test_env: for original code input:<!DOCTYPE html><body><br>	D</body>:original code output:['<br>\tD', '445\n']
04:02:31: INFO: test_env: For mutated code input:<!DOCTYPE html><body><br>	D</body>:mutated code output:['<br>\tD', '442\n']
04:02:32: INFO: test_env: for original code input:<!DOCTYPE html><body>h"FuFynyBZntfeTfePXy0yf"Tk0uuue"	0hF	nBfX	2y</body>:original code output:['h"FuFynyBZntfeTfePXy0yf"Tk0uuue"\t0hF\tnBfX\t2y', '437\n']
04:02:32: INFO: test_env: For mutated code input:<!DOCTYPE html><body>h"FuFynyBZntfeTfePXy0yf"Tk0uuue"	0hF	nBfX	2y</body>:mutated code output:['h"FuFynyBZntfeTfePXy0yf"Tk0uuue"\t0hF\tnBfX\t2y', '434\n']
04:02:34: INFO: test_env: for original code input:<!DOCTYPE html><body>h"FuFynyBZntfeTfePXy0yf"Tk0uuue"	0hF	nBfX	2y</body>:original code output:['h"FuFynyBZntfeTfePXy0yf"Tk0uuue"\t0hF\tnBfX\t2y', '437\n']
04:02:34: INFO: test_env: For mutated code input:<!DOCTYPE html><body>h"FuFynyBZntfeTfePXy0yf"Tk0uuue"	0hF	nBfX	2y</body>:mutated code output:['h"FuFynyBZntfeTfePXy0yf"Tk0uuue"\t0hF\tnBfX\t2y', '434\n']
04:02:35: INFO: test_env: for original code input:<!DOCTYPE html><body><br>4</body>:original code output:['<br>4', '440\n']
04:02:35: INFO: test_env: For mutated code input:<!DOCTYPE html><body><br>4</body>:mutated code output:['<br>4', '437\n']
04:02:36: INFO: test_env: for original code input:<!DOCTYPE html><body><br>4</body>:original code output:['<br>4', '440\n']
04:02:36: INFO: test_env: For mutated code input:<!DOCTYPE html><body><br>4</body>:mutated code output:['<br>4', '437\n']
04:02:37: INFO: test_env: for original code input:<!DOCTYPE html><body><i>w</i><br>w</body>:original code output:['<i>w</i><br>w', '484\n']
04:02:37: INFO: test_env: For mutated code input:<!DOCTYPE html><body><i>w</i><br>w</body>:mutated code output:['<i>w</i><br>w', '481\n']
04:02:39: INFO: test_env: for original code input:<!DOCTYPE html><body><i>w</i><br>w</body>:original code output:['<i>w</i><br>w', '484\n']
04:02:39: INFO: test_env: For mutated code input:<!DOCTYPE html><body><i>w</i><br>w</body>:mutated code output:['<i>w</i><br>w', '481\n']
04:02:40: INFO: test_env: for original code input:<!DOCTYPE html><body>n3</body>:original code output:['n3', '437\n']
04:02:40: INFO: test_env: For mutated code input:<!DOCTYPE html><body>n3</body>:mutated code output:['n3', '434\n']
04:02:41: INFO: test_env: for original code input:<!DOCTYPE html><body>n3</body>:original code output:['n3', '437\n']
04:02:41: INFO: test_env: For mutated code input:<!DOCTYPE html><body>n3</body>:mutated code output:['n3', '434\n']
04:02:42: INFO: test_env: for original code input:<!DOCTYPE html><body>d<br>K</body>:original code output:['d<br>K', '443\n']
04:02:42: INFO: test_env: For mutated code input:<!DOCTYPE html><body>d<br>K</body>:mutated code output:['d<br>K', '440\n']
04:02:44: INFO: test_env: for original code input:<!DOCTYPE html><body>d<br>K</body>:original code output:['d<br>K', '443\n']
04:02:44: INFO: test_env: For mutated code input:<!DOCTYPE html><body>d<br>K</body>:mutated code output:['d<br>K', '440\n']
04:02:44: INFO: <module>: iteration log:{"<!DOCTYPE html><body><br>\tD</body>": [0, 442], "<!DOCTYPE html><body>h\"FuFynyBZntfeTfePXy0yf\"Tk0uuue\"\t0hF\tnBfX\t2y</body>": [0, 434], "<!DOCTYPE html><body><br>4</body>": [0, 437], "<!DOCTYPE html><body><i>w</i><br>w</body>": [0, 481], "<!DOCTYPE html><body>n3</body>": [0, 434], "<!DOCTYPE html><body>d<br>K</body>": [0, 440]}
04:02:44: INFO: <module>: for iteration:5:number of inputs:6
04:02:48: INFO: test_env: for original code input:<!DOCTYPE html><body>k<br><br><a href='w'></a>7E</body>:original code output:['k<br><br><a href=w></a>7E', '536\n']
04:02:48: INFO: test_env: For mutated code input:<!DOCTYPE html><body>k<br><br><a href='w'></a>7E</body>:mutated code output:['k<br><br><a href=w></a>7E', '530\n']
04:02:50: INFO: test_env: for original code input:<!DOCTYPE html><body>k<br><br><a href='w'></a>7E</body>:original code output:['k<br><br><a href=w></a>7E', '536\n']
04:02:50: INFO: test_env: For mutated code input:<!DOCTYPE html><body>k<br><br><a href='w'></a>7E</body>:mutated code output:['k<br><br><a href=w></a>7E', '530\n']
04:02:51: INFO: test_env: for original code input:<!DOCTYPE html><body>w</body>:original code output:['w', '434\n']
04:02:51: INFO: test_env: For mutated code input:<!DOCTYPE html><body>w</body>:mutated code output:['w', '431\n']
04:02:52: INFO: test_env: for original code input:<!DOCTYPE html><body>w</body>:original code output:['w', '434\n']
04:02:52: INFO: test_env: For mutated code input:<!DOCTYPE html><body>w</body>:mutated code output:['w', '431\n']
04:02:53: INFO: test_env: for original code input:<!DOCTYPE html><body>4</body>:original code output:['4', '434\n']
04:02:53: INFO: test_env: For mutated code input:<!DOCTYPE html><body>4</body>:mutated code output:['4', '431\n']
04:02:55: INFO: test_env: for original code input:<!DOCTYPE html><body>4</body>:original code output:['4', '434\n']
04:02:55: INFO: test_env: For mutated code input:<!DOCTYPE html><body>4</body>:mutated code output:['4', '431\n']
04:02:56: INFO: test_env: for original code input:<!DOCTYPE html><body><a href='i'></a><a href='w'></a>z</body>:original code output:['<a href=i></a><a href=w></a>z', '529\n']
04:02:56: INFO: test_env: For mutated code input:<!DOCTYPE html><body><a href='i'></a><a href='w'></a>z</body>:mutated code output:['<a href=i></a><a href=w></a>z', '523\n']
04:02:57: INFO: test_env: for original code input:<!DOCTYPE html><body><a href='i'></a><a href='w'></a>z</body>:original code output:['<a href=i></a><a href=w></a>z', '529\n']
04:02:57: INFO: test_env: For mutated code input:<!DOCTYPE html><body><a href='i'></a><a href='w'></a>z</body>:mutated code output:['<a href=i></a><a href=w></a>z', '523\n']
04:02:58: INFO: test_env: for original code input:<!DOCTYPE html><body><br><br>Bfx</body>:original code output:['<br><br>Bfx', '444\n']
04:02:58: INFO: test_env: For mutated code input:<!DOCTYPE html><body><br><br>Bfx</body>:mutated code output:['<br><br>Bfx', '441\n']
04:03:00: INFO: test_env: for original code input:<!DOCTYPE html><body><br><br>Bfx</body>:original code output:['<br><br>Bfx', '444\n']
04:03:00: INFO: test_env: For mutated code input:<!DOCTYPE html><body><br><br>Bfx</body>:mutated code output:['<br><br>Bfx', '441\n']
04:03:01: INFO: test_env: for original code input:<!DOCTYPE html><body>Y4</body>:original code output:['Y4', '437\n']
04:03:01: INFO: test_env: For mutated code input:<!DOCTYPE html><body>Y4</body>:mutated code output:['Y4', '434\n']
04:03:02: INFO: test_env: for original code input:<!DOCTYPE html><body>Y4</body>:original code output:['Y4', '437\n']
04:03:02: INFO: test_env: For mutated code input:<!DOCTYPE html><body>Y4</body>:mutated code output:['Y4', '434\n']
04:03:02: INFO: <module>: iteration log:{"<!DOCTYPE html><body>k<br><br><a href='w'></a>7E</body>": [0, 530], "<!DOCTYPE html><body>w</body>": [0, 431], "<!DOCTYPE html><body>4</body>": [0, 431], "<!DOCTYPE html><body><a href='i'></a><a href='w'></a>z</body>": [0, 523], "<!DOCTYPE html><body><br><br>Bfx</body>": [0, 441], "<!DOCTYPE html><body>Y4</body>": [0, 434]}
04:03:02: INFO: <module>: global iteration stats:{"1": [2, 476], "2": [2, 441], "3": [2, 438], "4": [2, 481], "5": [2, 530]}
